[16:48:31] Client for workspace folder "maerskline" started
[16:48:41] Server for workspace folder "maerskline" started
[17:05:53] /home/ghost/maerskline/public/css/app.css tracked
[17:05:53] /home/ghost/maerskline/public/css/style.css tracked
[17:05:53] /home/ghost/maerskline/public/fontawesome/css/all.css tracked
[17:05:53] /home/ghost/maerskline/public/fontawesome/css/all.min.css tracked
[17:05:53] /home/ghost/maerskline/public/fontawesome/css/brands.css tracked
[17:05:53] /home/ghost/maerskline/public/fontawesome/css/brands.min.css tracked
[17:05:53] /home/ghost/maerskline/public/fontawesome/css/fontawesome.css tracked
[17:05:53] /home/ghost/maerskline/public/fontawesome/css/fontawesome.min.css tracked
[17:05:53] /home/ghost/maerskline/public/fontawesome/css/regular.css tracked
[17:05:53] /home/ghost/maerskline/public/fontawesome/css/regular.min.css tracked
[17:05:53] /home/ghost/maerskline/public/fontawesome/css/solid.css tracked
[17:05:53] /home/ghost/maerskline/public/fontawesome/css/solid.min.css tracked
[17:05:53] /home/ghost/maerskline/public/fontawesome/css/svg-with-js.css tracked
[17:05:53] /home/ghost/maerskline/public/fontawesome/css/svg-with-js.min.css tracked
[17:05:53] /home/ghost/maerskline/public/fontawesome/css/v4-shims.css tracked
[17:05:53] /home/ghost/maerskline/public/fontawesome/css/v4-shims.min.css tracked
[17:05:53] /home/ghost/maerskline/public/fontawesome/less/_animated.less tracked
[17:05:53] /home/ghost/maerskline/public/fontawesome/less/_bordered-pulled.less tracked
[17:05:53] /home/ghost/maerskline/public/fontawesome/less/_core.less tracked
[17:05:53] /home/ghost/maerskline/public/fontawesome/less/_fixed-width.less tracked
[17:05:53] /home/ghost/maerskline/public/fontawesome/less/_icons.less tracked
[17:05:53] /home/ghost/maerskline/public/fontawesome/less/_larger.less tracked
[17:05:53] /home/ghost/maerskline/public/fontawesome/less/_list.less tracked
[17:05:53] /home/ghost/maerskline/public/fontawesome/less/_mixins.less tracked
[17:05:53] /home/ghost/maerskline/public/fontawesome/less/_rotated-flipped.less tracked
[17:05:53] /home/ghost/maerskline/public/fontawesome/less/_screen-reader.less tracked
[17:05:53] /home/ghost/maerskline/public/fontawesome/less/_shims.less tracked
[17:05:53] /home/ghost/maerskline/public/fontawesome/less/_stacked.less tracked
[17:05:53] /home/ghost/maerskline/public/fontawesome/less/_variables.less tracked
[17:05:53] /home/ghost/maerskline/public/fontawesome/less/brands.less tracked
[17:05:53] /home/ghost/maerskline/public/fontawesome/less/fontawesome.less tracked
[17:05:53] /home/ghost/maerskline/public/fontawesome/less/regular.less tracked
[17:05:53] /home/ghost/maerskline/public/fontawesome/less/solid.less tracked
[17:05:53] /home/ghost/maerskline/public/fontawesome/less/v4-shims.less tracked
[17:05:53] /home/ghost/maerskline/public/fontawesome/scss/_animated.scss tracked
[17:05:53] /home/ghost/maerskline/public/fontawesome/scss/_bordered-pulled.scss tracked
[17:05:53] /home/ghost/maerskline/public/fontawesome/scss/_core.scss tracked
[17:05:53] /home/ghost/maerskline/public/fontawesome/scss/_fixed-width.scss tracked
[17:05:53] /home/ghost/maerskline/public/fontawesome/scss/_icons.scss tracked
[17:05:53] /home/ghost/maerskline/public/fontawesome/scss/_larger.scss tracked
[17:05:53] /home/ghost/maerskline/public/fontawesome/scss/_list.scss tracked
[17:05:53] /home/ghost/maerskline/public/fontawesome/scss/_mixins.scss tracked
[17:05:53] /home/ghost/maerskline/public/fontawesome/scss/_rotated-flipped.scss tracked
[17:05:53] /home/ghost/maerskline/public/fontawesome/scss/_screen-reader.scss tracked
[17:05:53] /home/ghost/maerskline/public/fontawesome/scss/_shims.scss tracked
[17:05:53] /home/ghost/maerskline/public/fontawesome/scss/_stacked.scss tracked
[17:05:53] /home/ghost/maerskline/public/fontawesome/scss/_variables.scss tracked
[17:05:53] /home/ghost/maerskline/public/fontawesome/scss/brands.scss tracked
[17:05:53] /home/ghost/maerskline/public/fontawesome/scss/fontawesome.scss tracked
[17:05:53] /home/ghost/maerskline/public/fontawesome/scss/regular.scss tracked
[17:05:53] /home/ghost/maerskline/public/fontawesome/scss/solid.scss tracked
[17:05:53] /home/ghost/maerskline/public/fontawesome/scss/v4-shims.scss tracked
[17:05:53] /home/ghost/maerskline/resources/sass/_variables.scss tracked
[17:05:53] /home/ghost/maerskline/resources/sass/app.scss tracked
[17:05:53] 54 files tracked in 1621 ms
[17:05:53] /home/ghost/maerskline/public/css/style.css loaded
[17:05:53] /home/ghost/maerskline/public/fontawesome/css/brands.css loaded
[17:05:53] /home/ghost/maerskline/public/fontawesome/css/brands.min.css loaded
[17:05:53] /home/ghost/maerskline/public/fontawesome/css/solid.css loaded
[17:05:53] /home/ghost/maerskline/public/fontawesome/css/solid.min.css loaded
[17:05:53] /home/ghost/maerskline/public/fontawesome/css/regular.css loaded
[17:05:53] /home/ghost/maerskline/public/fontawesome/css/regular.min.css loaded
[17:05:53] /home/ghost/maerskline/public/fontawesome/css/svg-with-js.css loaded
[17:05:53] /home/ghost/maerskline/public/fontawesome/css/svg-with-js.min.css loaded
[17:05:53] /home/ghost/maerskline/public/fontawesome/less/_animated.less loaded
[17:05:53] /home/ghost/maerskline/public/fontawesome/less/_bordered-pulled.less loaded
[17:05:53] /home/ghost/maerskline/public/fontawesome/less/_fixed-width.less loaded
[17:05:53] /home/ghost/maerskline/public/fontawesome/less/_core.less loaded
[17:05:53] /home/ghost/maerskline/public/fontawesome/less/_larger.less loaded
[17:05:53] /home/ghost/maerskline/public/fontawesome/less/_list.less loaded
[17:05:53] /home/ghost/maerskline/public/fontawesome/less/_rotated-flipped.less loaded
[17:05:53] /home/ghost/maerskline/public/fontawesome/less/_stacked.less loaded
[17:05:53] /home/ghost/maerskline/public/fontawesome/less/_mixins.less loaded
[17:05:53] /home/ghost/maerskline/public/fontawesome/scss/_animated.scss loaded
[17:05:53] /home/ghost/maerskline/public/fontawesome/scss/_bordered-pulled.scss loaded
[17:05:53] /home/ghost/maerskline/public/fontawesome/scss/_core.scss loaded
[17:05:53] /home/ghost/maerskline/public/fontawesome/scss/_fixed-width.scss loaded
[17:05:53] /home/ghost/maerskline/public/fontawesome/scss/_larger.scss loaded
[17:05:53] /home/ghost/maerskline/public/fontawesome/scss/_list.scss loaded
[17:05:53] /home/ghost/maerskline/public/fontawesome/scss/_mixins.scss loaded
[17:05:53] /home/ghost/maerskline/public/fontawesome/scss/_rotated-flipped.scss loaded
[17:05:53] /home/ghost/maerskline/public/fontawesome/scss/_screen-reader.scss loaded
[17:05:53] /home/ghost/maerskline/public/fontawesome/scss/_stacked.scss loaded
[17:05:53] /home/ghost/maerskline/resources/sass/_variables.scss loaded
[17:05:53] /home/ghost/maerskline/public/fontawesome/less/_screen-reader.less loaded
[17:05:53] /home/ghost/maerskline/public/fontawesome/less/_variables.less loaded
[17:05:53] /home/ghost/maerskline/public/fontawesome/less/brands.less loaded
[17:05:53] /home/ghost/maerskline/public/fontawesome/less/regular.less loaded
[17:05:53] /home/ghost/maerskline/public/fontawesome/less/solid.less loaded
[17:05:53] /home/ghost/maerskline/public/fontawesome/scss/_variables.scss loaded
[17:05:53] /home/ghost/maerskline/public/fontawesome/scss/brands.scss loaded
[17:05:53] /home/ghost/maerskline/public/fontawesome/scss/regular.scss loaded
[17:05:53] /home/ghost/maerskline/public/fontawesome/scss/solid.scss loaded
[17:05:53] /home/ghost/maerskline/public/fontawesome/css/v4-shims.css loaded
[17:05:53] /home/ghost/maerskline/public/fontawesome/css/v4-shims.min.css loaded
[17:05:53] /home/ghost/maerskline/public/fontawesome/css/all.min.css loaded
[17:05:53] /home/ghost/maerskline/public/fontawesome/css/fontawesome.min.css loaded
[17:05:53] /home/ghost/maerskline/public/fontawesome/less/_shims.less loaded
[17:05:53] /home/ghost/maerskline/public/fontawesome/less/v4-shims.less loaded
[17:05:53] /home/ghost/maerskline/public/fontawesome/scss/_shims.scss loaded
[17:05:53] /home/ghost/maerskline/public/fontawesome/scss/v4-shims.scss loaded
[17:05:53] /home/ghost/maerskline/public/fontawesome/css/all.css loaded
[17:05:53] /home/ghost/maerskline/public/fontawesome/css/fontawesome.css loaded
[17:05:54] /home/ghost/maerskline/public/fontawesome/less/_icons.less loaded
[17:05:54] /home/ghost/maerskline/public/fontawesome/less/fontawesome.less loaded
[17:05:54] /home/ghost/maerskline/public/fontawesome/scss/_icons.scss loaded
[17:05:54] /home/ghost/maerskline/public/css/app.css loaded
[17:05:54] /home/ghost/maerskline/resources/sass/app.scss loaded
[17:05:54] /home/ghost/maerskline/public/fontawesome/scss/fontawesome.scss loaded
[17:05:54] 54 files loaded in 766 ms
[17:05:54] No definition found, 2429 ms cost
[17:15:17] No definition found, 38 ms cost
[17:21:40] No completion found, 40 ms cost
[17:21:43] No completion found, 15 ms cost
[17:21:43] No completion found, 13 ms cost
[17:21:50] No completion found, 14 ms cost
[17:21:50] No completion found, 15 ms cost
[17:21:54] No completion found, 14 ms cost
[17:21:54] No completion found, 13 ms cost
[17:21:55] No completion found, 11 ms cost
[17:21:55] No completion found, 12 ms cost
[17:22:27] No completion found, 13 ms cost
[17:22:28] No completion found, 15 ms cost
[17:22:52] 17 completions found, 61 ms cost
[17:22:53] No completion found, 51 ms cost
[17:22:54] No completion found, 11 ms cost
[17:22:54] No completion found, 16 ms cost
[17:22:57] No completion found, 9 ms cost
[17:22:58] No completion found, 12 ms cost
[17:22:58] No completion found, 13 ms cost
[17:22:58] No completion found, 12 ms cost
[17:24:33] No completion found, 10 ms cost
[17:24:33] No completion found, 13 ms cost
[17:24:36] No completion found, 15 ms cost
[17:24:36] No completion found, 17 ms cost
[17:24:36] No completion found, 34 ms cost
[17:24:37] No completion found, 14 ms cost
[17:24:37] No completion found, 17 ms cost
[18:00:05] No definition found, 5 ms cost
[18:27:51] Client for workspace folder "maerskline" stopped
