Looking for git in: git
Using git 2.23.0 from git
> git rev-parse --show-toplevel
> git rev-parse --git-dir
> git config --get commit.template
Open repository: /home/ghost/maerskline
> git status -z -u
> git check-ignore -v -z --stdin
> git check-ignore -v -z --stdin
> git symbolic-ref --short HEAD
> git rev-parse develop_mjohnson
> git rev-parse --symbolic-full-name develop_mjohnson@{u}
> git rev-list --left-right develop_mjohnson...refs/remotes/origin/develop_mjohnson
> git for-each-ref --format %(refname) %(objectname) --sort -committerdate
> git remote --verbose
Failed to watch ref '/home/ghost/maerskline/.git/refs/remotes/origin/develop_mjohnson', is most likely packed.
Error: ENOENT: no such file or directory, watch '/home/ghost/maerskline/.git/refs/remotes/origin/develop_mjohnson'
    at FSWatcher.start (internal/fs/watchers.js:164:26)
    at Object.watch (fs.js:1232:11)
    at Object.t.watch (/snap/code/17/usr/share/code/resources/app/extensions/git/dist/main.js:1:594339)
    at T.updateTransientWatchers (/snap/code/17/usr/share/code/resources/app/extensions/git/dist/main.js:1:98229)
    at l.fire (/snap/code/17/usr/share/code/resources/app/out/vs/workbench/services/extensions/node/extensionHostProcess.js:50:539)
    at k.updateModelState (/snap/code/17/usr/share/code/resources/app/extensions/git/dist/main.js:1:115917)
> git check-ignore -v -z --stdin
> git check-ignore -v -z --stdin
> git show :app/Providers/AppServiceProvider.php
> git status -z -u
> git symbolic-ref --short HEAD
> git rev-parse develop_mjohnson
> git rev-parse --symbolic-full-name develop_mjohnson@{u}
> git rev-list --left-right develop_mjohnson...refs/remotes/origin/develop_mjohnson
> git for-each-ref --format %(refname) %(objectname) --sort -committerdate
> git remote --verbose
Failed to watch ref '/home/ghost/maerskline/.git/refs/remotes/origin/develop_mjohnson', is most likely packed.
Error: ENOENT: no such file or directory, watch '/home/ghost/maerskline/.git/refs/remotes/origin/develop_mjohnson'
    at FSWatcher.start (internal/fs/watchers.js:164:26)
    at Object.watch (fs.js:1232:11)
    at Object.t.watch (/snap/code/17/usr/share/code/resources/app/extensions/git/dist/main.js:1:594339)
    at T.updateTransientWatchers (/snap/code/17/usr/share/code/resources/app/extensions/git/dist/main.js:1:98229)
    at l.fire (/snap/code/17/usr/share/code/resources/app/out/vs/workbench/services/extensions/node/extensionHostProcess.js:50:539)
    at k.updateModelState (/snap/code/17/usr/share/code/resources/app/extensions/git/dist/main.js:1:115917)
> git status -z -u
> git symbolic-ref --short HEAD
> git rev-parse develop_mjohnson
> git rev-parse --symbolic-full-name develop_mjohnson@{u}
> git rev-list --left-right develop_mjohnson...refs/remotes/origin/develop_mjohnson
> git for-each-ref --format %(refname) %(objectname) --sort -committerdate
> git remote --verbose
Failed to watch ref '/home/ghost/maerskline/.git/refs/remotes/origin/develop_mjohnson', is most likely packed.
Error: ENOENT: no such file or directory, watch '/home/ghost/maerskline/.git/refs/remotes/origin/develop_mjohnson'
    at FSWatcher.start (internal/fs/watchers.js:164:26)
    at Object.watch (fs.js:1232:11)
    at Object.t.watch (/snap/code/17/usr/share/code/resources/app/extensions/git/dist/main.js:1:594339)
    at T.updateTransientWatchers (/snap/code/17/usr/share/code/resources/app/extensions/git/dist/main.js:1:98229)
    at l.fire (/snap/code/17/usr/share/code/resources/app/out/vs/workbench/services/extensions/node/extensionHostProcess.js:50:539)
    at k.updateModelState (/snap/code/17/usr/share/code/resources/app/extensions/git/dist/main.js:1:115917)
> git show :.env.example
> git check-ignore -v -z --stdin
> git status -z -u
> git show :.env
> git symbolic-ref --short HEAD
> git rev-parse develop_mjohnson
> git rev-parse --symbolic-full-name develop_mjohnson@{u}
> git rev-list --left-right develop_mjohnson...refs/remotes/origin/develop_mjohnson
> git for-each-ref --format %(refname) %(objectname) --sort -committerdate
> git remote --verbose
Failed to watch ref '/home/ghost/maerskline/.git/refs/remotes/origin/develop_mjohnson', is most likely packed.
Error: ENOENT: no such file or directory, watch '/home/ghost/maerskline/.git/refs/remotes/origin/develop_mjohnson'
    at FSWatcher.start (internal/fs/watchers.js:164:26)
    at Object.watch (fs.js:1232:11)
    at Object.t.watch (/snap/code/17/usr/share/code/resources/app/extensions/git/dist/main.js:1:594339)
    at T.updateTransientWatchers (/snap/code/17/usr/share/code/resources/app/extensions/git/dist/main.js:1:98229)
    at l.fire (/snap/code/17/usr/share/code/resources/app/out/vs/workbench/services/extensions/node/extensionHostProcess.js:50:539)
    at k.updateModelState (/snap/code/17/usr/share/code/resources/app/extensions/git/dist/main.js:1:115917)
> git status -z -u
> git symbolic-ref --short HEAD
> git rev-parse develop_mjohnson
> git rev-parse --symbolic-full-name develop_mjohnson@{u}
> git rev-list --left-right develop_mjohnson...refs/remotes/origin/develop_mjohnson
> git for-each-ref --format %(refname) %(objectname) --sort -committerdate
> git remote --verbose
Failed to watch ref '/home/ghost/maerskline/.git/refs/remotes/origin/develop_mjohnson', is most likely packed.
Error: ENOENT: no such file or directory, watch '/home/ghost/maerskline/.git/refs/remotes/origin/develop_mjohnson'
    at FSWatcher.start (internal/fs/watchers.js:164:26)
    at Object.watch (fs.js:1232:11)
    at Object.t.watch (/snap/code/17/usr/share/code/resources/app/extensions/git/dist/main.js:1:594339)
    at T.updateTransientWatchers (/snap/code/17/usr/share/code/resources/app/extensions/git/dist/main.js:1:98229)
    at l.fire (/snap/code/17/usr/share/code/resources/app/out/vs/workbench/services/extensions/node/extensionHostProcess.js:50:539)
    at k.updateModelState (/snap/code/17/usr/share/code/resources/app/extensions/git/dist/main.js:1:115917)
> git status -z -u
> git symbolic-ref --short HEAD
> git rev-parse develop_mjohnson
> git rev-parse --symbolic-full-name develop_mjohnson@{u}
> git rev-list --left-right develop_mjohnson...refs/remotes/origin/develop_mjohnson
> git for-each-ref --format %(refname) %(objectname) --sort -committerdate
> git remote --verbose
Failed to watch ref '/home/ghost/maerskline/.git/refs/remotes/origin/develop_mjohnson', is most likely packed.
Error: ENOENT: no such file or directory, watch '/home/ghost/maerskline/.git/refs/remotes/origin/develop_mjohnson'
    at FSWatcher.start (internal/fs/watchers.js:164:26)
    at Object.watch (fs.js:1232:11)
    at Object.t.watch (/snap/code/17/usr/share/code/resources/app/extensions/git/dist/main.js:1:594339)
    at T.updateTransientWatchers (/snap/code/17/usr/share/code/resources/app/extensions/git/dist/main.js:1:98229)
    at l.fire (/snap/code/17/usr/share/code/resources/app/out/vs/workbench/services/extensions/node/extensionHostProcess.js:50:539)
    at k.updateModelState (/snap/code/17/usr/share/code/resources/app/extensions/git/dist/main.js:1:115917)
> git show :app/Providers/AppServiceProvider.php
> git status -z -u
> git symbolic-ref --short HEAD
> git rev-parse develop_mjohnson
> git rev-parse --symbolic-full-name develop_mjohnson@{u}
> git rev-list --left-right develop_mjohnson...refs/remotes/origin/develop_mjohnson
> git for-each-ref --format %(refname) %(objectname) --sort -committerdate
> git remote --verbose
Failed to watch ref '/home/ghost/maerskline/.git/refs/remotes/origin/develop_mjohnson', is most likely packed.
Error: ENOENT: no such file or directory, watch '/home/ghost/maerskline/.git/refs/remotes/origin/develop_mjohnson'
    at FSWatcher.start (internal/fs/watchers.js:164:26)
    at Object.watch (fs.js:1232:11)
    at Object.t.watch (/snap/code/17/usr/share/code/resources/app/extensions/git/dist/main.js:1:594339)
    at T.updateTransientWatchers (/snap/code/17/usr/share/code/resources/app/extensions/git/dist/main.js:1:98229)
    at l.fire (/snap/code/17/usr/share/code/resources/app/out/vs/workbench/services/extensions/node/extensionHostProcess.js:50:539)
    at k.updateModelState (/snap/code/17/usr/share/code/resources/app/extensions/git/dist/main.js:1:115917)
> git show :app/Providers/AppServiceProvider.php
> git status -z -u
> git symbolic-ref --short HEAD
> git rev-parse develop_mjohnson
> git rev-parse --symbolic-full-name develop_mjohnson@{u}
> git rev-list --left-right develop_mjohnson...refs/remotes/origin/develop_mjohnson
> git for-each-ref --format %(refname) %(objectname) --sort -committerdate
> git remote --verbose
Failed to watch ref '/home/ghost/maerskline/.git/refs/remotes/origin/develop_mjohnson', is most likely packed.
Error: ENOENT: no such file or directory, watch '/home/ghost/maerskline/.git/refs/remotes/origin/develop_mjohnson'
    at FSWatcher.start (internal/fs/watchers.js:164:26)
    at Object.watch (fs.js:1232:11)
    at Object.t.watch (/snap/code/17/usr/share/code/resources/app/extensions/git/dist/main.js:1:594339)
    at T.updateTransientWatchers (/snap/code/17/usr/share/code/resources/app/extensions/git/dist/main.js:1:98229)
    at l.fire (/snap/code/17/usr/share/code/resources/app/out/vs/workbench/services/extensions/node/extensionHostProcess.js:50:539)
    at k.updateModelState (/snap/code/17/usr/share/code/resources/app/extensions/git/dist/main.js:1:115917)
> git status -z -u
> git symbolic-ref --short HEAD
> git rev-parse develop_mjohnson
> git rev-parse --symbolic-full-name develop_mjohnson@{u}
> git rev-list --left-right develop_mjohnson...refs/remotes/origin/develop_mjohnson
> git for-each-ref --format %(refname) %(objectname) --sort -committerdate
> git remote --verbose
Failed to watch ref '/home/ghost/maerskline/.git/refs/remotes/origin/develop_mjohnson', is most likely packed.
Error: ENOENT: no such file or directory, watch '/home/ghost/maerskline/.git/refs/remotes/origin/develop_mjohnson'
    at FSWatcher.start (internal/fs/watchers.js:164:26)
    at Object.watch (fs.js:1232:11)
    at Object.t.watch (/snap/code/17/usr/share/code/resources/app/extensions/git/dist/main.js:1:594339)
    at T.updateTransientWatchers (/snap/code/17/usr/share/code/resources/app/extensions/git/dist/main.js:1:98229)
    at l.fire (/snap/code/17/usr/share/code/resources/app/out/vs/workbench/services/extensions/node/extensionHostProcess.js:50:539)
    at k.updateModelState (/snap/code/17/usr/share/code/resources/app/extensions/git/dist/main.js:1:115917)
> git status -z -u
> git symbolic-ref --short HEAD
> git rev-parse develop_mjohnson
> git rev-parse --symbolic-full-name develop_mjohnson@{u}
> git rev-list --left-right develop_mjohnson...refs/remotes/origin/develop_mjohnson
> git for-each-ref --format %(refname) %(objectname) --sort -committerdate
> git remote --verbose
Failed to watch ref '/home/ghost/maerskline/.git/refs/remotes/origin/develop_mjohnson', is most likely packed.
Error: ENOENT: no such file or directory, watch '/home/ghost/maerskline/.git/refs/remotes/origin/develop_mjohnson'
    at FSWatcher.start (internal/fs/watchers.js:164:26)
    at Object.watch (fs.js:1232:11)
    at Object.t.watch (/snap/code/17/usr/share/code/resources/app/extensions/git/dist/main.js:1:594339)
    at T.updateTransientWatchers (/snap/code/17/usr/share/code/resources/app/extensions/git/dist/main.js:1:98229)
    at l.fire (/snap/code/17/usr/share/code/resources/app/out/vs/workbench/services/extensions/node/extensionHostProcess.js:50:539)
    at k.updateModelState (/snap/code/17/usr/share/code/resources/app/extensions/git/dist/main.js:1:115917)
> git status -z -u
> git symbolic-ref --short HEAD
> git rev-parse develop_mjohnson
> git rev-parse --symbolic-full-name develop_mjohnson@{u}
> git rev-list --left-right develop_mjohnson...refs/remotes/origin/develop_mjohnson
> git for-each-ref --format %(refname) %(objectname) --sort -committerdate
> git remote --verbose
Failed to watch ref '/home/ghost/maerskline/.git/refs/remotes/origin/develop_mjohnson', is most likely packed.
Error: ENOENT: no such file or directory, watch '/home/ghost/maerskline/.git/refs/remotes/origin/develop_mjohnson'
    at FSWatcher.start (internal/fs/watchers.js:164:26)
    at Object.watch (fs.js:1232:11)
    at Object.t.watch (/snap/code/17/usr/share/code/resources/app/extensions/git/dist/main.js:1:594339)
    at T.updateTransientWatchers (/snap/code/17/usr/share/code/resources/app/extensions/git/dist/main.js:1:98229)
    at l.fire (/snap/code/17/usr/share/code/resources/app/out/vs/workbench/services/extensions/node/extensionHostProcess.js:50:539)
    at k.updateModelState (/snap/code/17/usr/share/code/resources/app/extensions/git/dist/main.js:1:115917)
> git check-ignore -v -z --stdin
> git check-ignore -v -z --stdin
> git show :public/js/ validator.js
> git check-ignore -v -z --stdin
> git check-ignore -v -z --stdin
> git check-ignore -v -z --stdin
> git check-ignore -v -z --stdin
> git show :resources/views/layouts/app.blade.php
> git status -z -u
> git symbolic-ref --short HEAD
> git rev-parse develop_mjohnson
> git rev-parse --symbolic-full-name develop_mjohnson@{u}
> git rev-list --left-right develop_mjohnson...refs/remotes/origin/develop_mjohnson
> git for-each-ref --format %(refname) %(objectname) --sort -committerdate
> git remote --verbose
Failed to watch ref '/home/ghost/maerskline/.git/refs/remotes/origin/develop_mjohnson', is most likely packed.
Error: ENOENT: no such file or directory, watch '/home/ghost/maerskline/.git/refs/remotes/origin/develop_mjohnson'
    at FSWatcher.start (internal/fs/watchers.js:164:26)
    at Object.watch (fs.js:1232:11)
    at Object.t.watch (/snap/code/17/usr/share/code/resources/app/extensions/git/dist/main.js:1:594339)
    at T.updateTransientWatchers (/snap/code/17/usr/share/code/resources/app/extensions/git/dist/main.js:1:98229)
    at l.fire (/snap/code/17/usr/share/code/resources/app/out/vs/workbench/services/extensions/node/extensionHostProcess.js:50:539)
    at k.updateModelState (/snap/code/17/usr/share/code/resources/app/extensions/git/dist/main.js:1:115917)
> git status -z -u
> git symbolic-ref --short HEAD
> git rev-parse develop_mjohnson
> git rev-parse --symbolic-full-name develop_mjohnson@{u}
> git rev-list --left-right develop_mjohnson...refs/remotes/origin/develop_mjohnson
> git for-each-ref --format %(refname) %(objectname) --sort -committerdate
> git remote --verbose
Failed to watch ref '/home/ghost/maerskline/.git/refs/remotes/origin/develop_mjohnson', is most likely packed.
Error: ENOENT: no such file or directory, watch '/home/ghost/maerskline/.git/refs/remotes/origin/develop_mjohnson'
    at FSWatcher.start (internal/fs/watchers.js:164:26)
    at Object.watch (fs.js:1232:11)
    at Object.t.watch (/snap/code/17/usr/share/code/resources/app/extensions/git/dist/main.js:1:594339)
    at T.updateTransientWatchers (/snap/code/17/usr/share/code/resources/app/extensions/git/dist/main.js:1:98229)
    at l.fire (/snap/code/17/usr/share/code/resources/app/out/vs/workbench/services/extensions/node/extensionHostProcess.js:50:539)
    at k.updateModelState (/snap/code/17/usr/share/code/resources/app/extensions/git/dist/main.js:1:115917)
> git show :public/js/ validator.js
> git show :public/js/data-structures.js
> git status -z -u
> git symbolic-ref --short HEAD
> git rev-parse develop_mjohnson
> git rev-parse --symbolic-full-name develop_mjohnson@{u}
> git rev-list --left-right develop_mjohnson...refs/remotes/origin/develop_mjohnson
> git for-each-ref --format %(refname) %(objectname) --sort -committerdate
> git remote --verbose
Failed to watch ref '/home/ghost/maerskline/.git/refs/remotes/origin/develop_mjohnson', is most likely packed.
Error: ENOENT: no such file or directory, watch '/home/ghost/maerskline/.git/refs/remotes/origin/develop_mjohnson'
    at FSWatcher.start (internal/fs/watchers.js:164:26)
    at Object.watch (fs.js:1232:11)
    at Object.t.watch (/snap/code/17/usr/share/code/resources/app/extensions/git/dist/main.js:1:594339)
    at T.updateTransientWatchers (/snap/code/17/usr/share/code/resources/app/extensions/git/dist/main.js:1:98229)
    at l.fire (/snap/code/17/usr/share/code/resources/app/out/vs/workbench/services/extensions/node/extensionHostProcess.js:50:539)
    at k.updateModelState (/snap/code/17/usr/share/code/resources/app/extensions/git/dist/main.js:1:115917)
> git status -z -u
> git symbolic-ref --short HEAD
> git rev-parse develop_mjohnson
> git rev-parse --symbolic-full-name develop_mjohnson@{u}
> git rev-list --left-right develop_mjohnson...refs/remotes/origin/develop_mjohnson
> git for-each-ref --format %(refname) %(objectname) --sort -committerdate
> git remote --verbose
Failed to watch ref '/home/ghost/maerskline/.git/refs/remotes/origin/develop_mjohnson', is most likely packed.
Error: ENOENT: no such file or directory, watch '/home/ghost/maerskline/.git/refs/remotes/origin/develop_mjohnson'
    at FSWatcher.start (internal/fs/watchers.js:164:26)
    at Object.watch (fs.js:1232:11)
    at Object.t.watch (/snap/code/17/usr/share/code/resources/app/extensions/git/dist/main.js:1:594339)
    at T.updateTransientWatchers (/snap/code/17/usr/share/code/resources/app/extensions/git/dist/main.js:1:98229)
    at l.fire (/snap/code/17/usr/share/code/resources/app/out/vs/workbench/services/extensions/node/extensionHostProcess.js:50:539)
    at k.updateModelState (/snap/code/17/usr/share/code/resources/app/extensions/git/dist/main.js:1:115917)
> git status -z -u
> git symbolic-ref --short HEAD
> git rev-parse develop_mjohnson
> git rev-parse --symbolic-full-name develop_mjohnson@{u}
> git rev-list --left-right develop_mjohnson...refs/remotes/origin/develop_mjohnson
> git for-each-ref --format %(refname) %(objectname) --sort -committerdate
> git remote --verbose
Failed to watch ref '/home/ghost/maerskline/.git/refs/remotes/origin/develop_mjohnson', is most likely packed.
Error: ENOENT: no such file or directory, watch '/home/ghost/maerskline/.git/refs/remotes/origin/develop_mjohnson'
    at FSWatcher.start (internal/fs/watchers.js:164:26)
    at Object.watch (fs.js:1232:11)
    at Object.t.watch (/snap/code/17/usr/share/code/resources/app/extensions/git/dist/main.js:1:594339)
    at T.updateTransientWatchers (/snap/code/17/usr/share/code/resources/app/extensions/git/dist/main.js:1:98229)
    at l.fire (/snap/code/17/usr/share/code/resources/app/out/vs/workbench/services/extensions/node/extensionHostProcess.js:50:539)
    at k.updateModelState (/snap/code/17/usr/share/code/resources/app/extensions/git/dist/main.js:1:115917)
> git status -z -u
> git symbolic-ref --short HEAD
> git rev-parse develop_mjohnson
> git rev-parse --symbolic-full-name develop_mjohnson@{u}
> git rev-list --left-right develop_mjohnson...refs/remotes/origin/develop_mjohnson
> git for-each-ref --format %(refname) %(objectname) --sort -committerdate
> git remote --verbose
Failed to watch ref '/home/ghost/maerskline/.git/refs/remotes/origin/develop_mjohnson', is most likely packed.
Error: ENOENT: no such file or directory, watch '/home/ghost/maerskline/.git/refs/remotes/origin/develop_mjohnson'
    at FSWatcher.start (internal/fs/watchers.js:164:26)
    at Object.watch (fs.js:1232:11)
    at Object.t.watch (/snap/code/17/usr/share/code/resources/app/extensions/git/dist/main.js:1:594339)
    at T.updateTransientWatchers (/snap/code/17/usr/share/code/resources/app/extensions/git/dist/main.js:1:98229)
    at l.fire (/snap/code/17/usr/share/code/resources/app/out/vs/workbench/services/extensions/node/extensionHostProcess.js:50:539)
    at k.updateModelState (/snap/code/17/usr/share/code/resources/app/extensions/git/dist/main.js:1:115917)
> git status -z -u
> git symbolic-ref --short HEAD
> git rev-parse develop_mjohnson
> git rev-parse --symbolic-full-name develop_mjohnson@{u}
> git rev-list --left-right develop_mjohnson...refs/remotes/origin/develop_mjohnson
> git for-each-ref --format %(refname) %(objectname) --sort -committerdate
> git remote --verbose
Failed to watch ref '/home/ghost/maerskline/.git/refs/remotes/origin/develop_mjohnson', is most likely packed.
Error: ENOENT: no such file or directory, watch '/home/ghost/maerskline/.git/refs/remotes/origin/develop_mjohnson'
    at FSWatcher.start (internal/fs/watchers.js:164:26)
    at Object.watch (fs.js:1232:11)
    at Object.t.watch (/snap/code/17/usr/share/code/resources/app/extensions/git/dist/main.js:1:594339)
    at T.updateTransientWatchers (/snap/code/17/usr/share/code/resources/app/extensions/git/dist/main.js:1:98229)
    at l.fire (/snap/code/17/usr/share/code/resources/app/out/vs/workbench/services/extensions/node/extensionHostProcess.js:50:539)
    at k.updateModelState (/snap/code/17/usr/share/code/resources/app/extensions/git/dist/main.js:1:115917)
> git status -z -u
> git symbolic-ref --short HEAD
> git rev-parse develop_mjohnson
> git rev-parse --symbolic-full-name develop_mjohnson@{u}
> git rev-list --left-right develop_mjohnson...refs/remotes/origin/develop_mjohnson
> git for-each-ref --format %(refname) %(objectname) --sort -committerdate
> git remote --verbose
Failed to watch ref '/home/ghost/maerskline/.git/refs/remotes/origin/develop_mjohnson', is most likely packed.
Error: ENOENT: no such file or directory, watch '/home/ghost/maerskline/.git/refs/remotes/origin/develop_mjohnson'
    at FSWatcher.start (internal/fs/watchers.js:164:26)
    at Object.watch (fs.js:1232:11)
    at Object.t.watch (/snap/code/17/usr/share/code/resources/app/extensions/git/dist/main.js:1:594339)
    at T.updateTransientWatchers (/snap/code/17/usr/share/code/resources/app/extensions/git/dist/main.js:1:98229)
    at l.fire (/snap/code/17/usr/share/code/resources/app/out/vs/workbench/services/extensions/node/extensionHostProcess.js:50:539)
    at k.updateModelState (/snap/code/17/usr/share/code/resources/app/extensions/git/dist/main.js:1:115917)
> git status -z -u
> git symbolic-ref --short HEAD
> git rev-parse develop_mjohnson
> git rev-parse --symbolic-full-name develop_mjohnson@{u}
> git rev-list --left-right develop_mjohnson...refs/remotes/origin/develop_mjohnson
> git for-each-ref --format %(refname) %(objectname) --sort -committerdate
> git remote --verbose
Failed to watch ref '/home/ghost/maerskline/.git/refs/remotes/origin/develop_mjohnson', is most likely packed.
Error: ENOENT: no such file or directory, watch '/home/ghost/maerskline/.git/refs/remotes/origin/develop_mjohnson'
    at FSWatcher.start (internal/fs/watchers.js:164:26)
    at Object.watch (fs.js:1232:11)
    at Object.t.watch (/snap/code/17/usr/share/code/resources/app/extensions/git/dist/main.js:1:594339)
    at T.updateTransientWatchers (/snap/code/17/usr/share/code/resources/app/extensions/git/dist/main.js:1:98229)
    at l.fire (/snap/code/17/usr/share/code/resources/app/out/vs/workbench/services/extensions/node/extensionHostProcess.js:50:539)
    at k.updateModelState (/snap/code/17/usr/share/code/resources/app/extensions/git/dist/main.js:1:115917)
> git status -z -u
> git symbolic-ref --short HEAD
> git rev-parse develop_mjohnson
> git rev-parse --symbolic-full-name develop_mjohnson@{u}
> git rev-list --left-right develop_mjohnson...refs/remotes/origin/develop_mjohnson
> git for-each-ref --format %(refname) %(objectname) --sort -committerdate
> git remote --verbose
Failed to watch ref '/home/ghost/maerskline/.git/refs/remotes/origin/develop_mjohnson', is most likely packed.
Error: ENOENT: no such file or directory, watch '/home/ghost/maerskline/.git/refs/remotes/origin/develop_mjohnson'
    at FSWatcher.start (internal/fs/watchers.js:164:26)
    at Object.watch (fs.js:1232:11)
    at Object.t.watch (/snap/code/17/usr/share/code/resources/app/extensions/git/dist/main.js:1:594339)
    at T.updateTransientWatchers (/snap/code/17/usr/share/code/resources/app/extensions/git/dist/main.js:1:98229)
    at l.fire (/snap/code/17/usr/share/code/resources/app/out/vs/workbench/services/extensions/node/extensionHostProcess.js:50:539)
    at k.updateModelState (/snap/code/17/usr/share/code/resources/app/extensions/git/dist/main.js:1:115917)
> git show :public/js/jquery.js
> git ls-files --stage -- public/js/
> git check-ignore -v -z --stdin
> git status -z -u
> git symbolic-ref --short HEAD
> git rev-parse develop_mjohnson
> git rev-parse --symbolic-full-name develop_mjohnson@{u}
> git rev-list --left-right develop_mjohnson...refs/remotes/origin/develop_mjohnson
> git for-each-ref --format %(refname) %(objectname) --sort -committerdate
> git remote --verbose
Failed to watch ref '/home/ghost/maerskline/.git/refs/remotes/origin/develop_mjohnson', is most likely packed.
Error: ENOENT: no such file or directory, watch '/home/ghost/maerskline/.git/refs/remotes/origin/develop_mjohnson'
    at FSWatcher.start (internal/fs/watchers.js:164:26)
    at Object.watch (fs.js:1232:11)
    at Object.t.watch (/snap/code/17/usr/share/code/resources/app/extensions/git/dist/main.js:1:594339)
    at T.updateTransientWatchers (/snap/code/17/usr/share/code/resources/app/extensions/git/dist/main.js:1:98229)
    at l.fire (/snap/code/17/usr/share/code/resources/app/out/vs/workbench/services/extensions/node/extensionHostProcess.js:50:539)
    at k.updateModelState (/snap/code/17/usr/share/code/resources/app/extensions/git/dist/main.js:1:115917)
> git status -z -u
> git symbolic-ref --short HEAD
> git rev-parse develop_mjohnson
> git rev-parse --symbolic-full-name develop_mjohnson@{u}
> git rev-list --left-right develop_mjohnson...refs/remotes/origin/develop_mjohnson
> git for-each-ref --format %(refname) %(objectname) --sort -committerdate
> git remote --verbose
Failed to watch ref '/home/ghost/maerskline/.git/refs/remotes/origin/develop_mjohnson', is most likely packed.
Error: ENOENT: no such file or directory, watch '/home/ghost/maerskline/.git/refs/remotes/origin/develop_mjohnson'
    at FSWatcher.start (internal/fs/watchers.js:164:26)
    at Object.watch (fs.js:1232:11)
    at Object.t.watch (/snap/code/17/usr/share/code/resources/app/extensions/git/dist/main.js:1:594339)
    at T.updateTransientWatchers (/snap/code/17/usr/share/code/resources/app/extensions/git/dist/main.js:1:98229)
    at l.fire (/snap/code/17/usr/share/code/resources/app/out/vs/workbench/services/extensions/node/extensionHostProcess.js:50:539)
    at k.updateModelState (/snap/code/17/usr/share/code/resources/app/extensions/git/dist/main.js:1:115917)
> git status -z -u
> git symbolic-ref --short HEAD
> git rev-parse develop_mjohnson
> git rev-parse --symbolic-full-name develop_mjohnson@{u}
> git rev-list --left-right develop_mjohnson...refs/remotes/origin/develop_mjohnson
> git for-each-ref --format %(refname) %(objectname) --sort -committerdate
> git remote --verbose
> git show :public/js/data-structures.js
Failed to watch ref '/home/ghost/maerskline/.git/refs/remotes/origin/develop_mjohnson', is most likely packed.
Error: ENOENT: no such file or directory, watch '/home/ghost/maerskline/.git/refs/remotes/origin/develop_mjohnson'
    at FSWatcher.start (internal/fs/watchers.js:164:26)
    at Object.watch (fs.js:1232:11)
    at Object.t.watch (/snap/code/17/usr/share/code/resources/app/extensions/git/dist/main.js:1:594339)
    at T.updateTransientWatchers (/snap/code/17/usr/share/code/resources/app/extensions/git/dist/main.js:1:98229)
    at l.fire (/snap/code/17/usr/share/code/resources/app/out/vs/workbench/services/extensions/node/extensionHostProcess.js:50:539)
    at k.updateModelState (/snap/code/17/usr/share/code/resources/app/extensions/git/dist/main.js:1:115917)
> git status -z -u
> git symbolic-ref --short HEAD
> git rev-parse develop_mjohnson
> git rev-parse --symbolic-full-name develop_mjohnson@{u}
> git rev-list --left-right develop_mjohnson...refs/remotes/origin/develop_mjohnson
> git for-each-ref --format %(refname) %(objectname) --sort -committerdate
> git remote --verbose
Failed to watch ref '/home/ghost/maerskline/.git/refs/remotes/origin/develop_mjohnson', is most likely packed.
Error: ENOENT: no such file or directory, watch '/home/ghost/maerskline/.git/refs/remotes/origin/develop_mjohnson'
    at FSWatcher.start (internal/fs/watchers.js:164:26)
    at Object.watch (fs.js:1232:11)
    at Object.t.watch (/snap/code/17/usr/share/code/resources/app/extensions/git/dist/main.js:1:594339)
    at T.updateTransientWatchers (/snap/code/17/usr/share/code/resources/app/extensions/git/dist/main.js:1:98229)
    at l.fire (/snap/code/17/usr/share/code/resources/app/out/vs/workbench/services/extensions/node/extensionHostProcess.js:50:539)
    at k.updateModelState (/snap/code/17/usr/share/code/resources/app/extensions/git/dist/main.js:1:115917)
> git show :public/js/data-structures.js
> git status -z -u
> git symbolic-ref --short HEAD
> git rev-parse develop_mjohnson
> git rev-parse --symbolic-full-name develop_mjohnson@{u}
> git rev-list --left-right develop_mjohnson...refs/remotes/origin/develop_mjohnson
> git for-each-ref --format %(refname) %(objectname) --sort -committerdate
> git remote --verbose
Failed to watch ref '/home/ghost/maerskline/.git/refs/remotes/origin/develop_mjohnson', is most likely packed.
Error: ENOENT: no such file or directory, watch '/home/ghost/maerskline/.git/refs/remotes/origin/develop_mjohnson'
    at FSWatcher.start (internal/fs/watchers.js:164:26)
    at Object.watch (fs.js:1232:11)
    at Object.t.watch (/snap/code/17/usr/share/code/resources/app/extensions/git/dist/main.js:1:594339)
    at T.updateTransientWatchers (/snap/code/17/usr/share/code/resources/app/extensions/git/dist/main.js:1:98229)
    at l.fire (/snap/code/17/usr/share/code/resources/app/out/vs/workbench/services/extensions/node/extensionHostProcess.js:50:539)
    at k.updateModelState (/snap/code/17/usr/share/code/resources/app/extensions/git/dist/main.js:1:115917)
> git status -z -u
> git symbolic-ref --short HEAD
> git rev-parse develop_mjohnson
> git rev-parse --symbolic-full-name develop_mjohnson@{u}
> git rev-list --left-right develop_mjohnson...refs/remotes/origin/develop_mjohnson
> git for-each-ref --format %(refname) %(objectname) --sort -committerdate
> git remote --verbose
> git show :public/js/jquery.js
> git ls-files --stage -- public/js/
Failed to watch ref '/home/ghost/maerskline/.git/refs/remotes/origin/develop_mjohnson', is most likely packed.
Error: ENOENT: no such file or directory, watch '/home/ghost/maerskline/.git/refs/remotes/origin/develop_mjohnson'
    at FSWatcher.start (internal/fs/watchers.js:164:26)
    at Object.watch (fs.js:1232:11)
    at Object.t.watch (/snap/code/17/usr/share/code/resources/app/extensions/git/dist/main.js:1:594339)
    at T.updateTransientWatchers (/snap/code/17/usr/share/code/resources/app/extensions/git/dist/main.js:1:98229)
    at l.fire (/snap/code/17/usr/share/code/resources/app/out/vs/workbench/services/extensions/node/extensionHostProcess.js:50:539)
    at k.updateModelState (/snap/code/17/usr/share/code/resources/app/extensions/git/dist/main.js:1:115917)
> git show :public/js/data-structures.js
> git status -z -u
> git symbolic-ref --short HEAD
> git rev-parse develop_mjohnson
> git rev-parse --symbolic-full-name develop_mjohnson@{u}
> git rev-list --left-right develop_mjohnson...refs/remotes/origin/develop_mjohnson
> git for-each-ref --format %(refname) %(objectname) --sort -committerdate
> git remote --verbose
Failed to watch ref '/home/ghost/maerskline/.git/refs/remotes/origin/develop_mjohnson', is most likely packed.
Error: ENOENT: no such file or directory, watch '/home/ghost/maerskline/.git/refs/remotes/origin/develop_mjohnson'
    at FSWatcher.start (internal/fs/watchers.js:164:26)
    at Object.watch (fs.js:1232:11)
    at Object.t.watch (/snap/code/17/usr/share/code/resources/app/extensions/git/dist/main.js:1:594339)
    at T.updateTransientWatchers (/snap/code/17/usr/share/code/resources/app/extensions/git/dist/main.js:1:98229)
    at l.fire (/snap/code/17/usr/share/code/resources/app/out/vs/workbench/services/extensions/node/extensionHostProcess.js:50:539)
    at k.updateModelState (/snap/code/17/usr/share/code/resources/app/extensions/git/dist/main.js:1:115917)
> git show :resources/views/layouts/app.blade.php
> git status -z -u
> git symbolic-ref --short HEAD
> git rev-parse develop_mjohnson
> git rev-parse --symbolic-full-name develop_mjohnson@{u}
> git rev-list --left-right develop_mjohnson...refs/remotes/origin/develop_mjohnson
> git for-each-ref --format %(refname) %(objectname) --sort -committerdate
> git remote --verbose
Failed to watch ref '/home/ghost/maerskline/.git/refs/remotes/origin/develop_mjohnson', is most likely packed.
Error: ENOENT: no such file or directory, watch '/home/ghost/maerskline/.git/refs/remotes/origin/develop_mjohnson'
    at FSWatcher.start (internal/fs/watchers.js:164:26)
    at Object.watch (fs.js:1232:11)
    at Object.t.watch (/snap/code/17/usr/share/code/resources/app/extensions/git/dist/main.js:1:594339)
    at T.updateTransientWatchers (/snap/code/17/usr/share/code/resources/app/extensions/git/dist/main.js:1:98229)
    at l.fire (/snap/code/17/usr/share/code/resources/app/out/vs/workbench/services/extensions/node/extensionHostProcess.js:50:539)
    at k.updateModelState (/snap/code/17/usr/share/code/resources/app/extensions/git/dist/main.js:1:115917)
> git show :resources/views/layouts/app.blade.php
> git status -z -u
> git symbolic-ref --short HEAD
> git rev-parse develop_mjohnson
> git rev-parse --symbolic-full-name develop_mjohnson@{u}
> git rev-list --left-right develop_mjohnson...refs/remotes/origin/develop_mjohnson
> git for-each-ref --format %(refname) %(objectname) --sort -committerdate
> git remote --verbose
Failed to watch ref '/home/ghost/maerskline/.git/refs/remotes/origin/develop_mjohnson', is most likely packed.
Error: ENOENT: no such file or directory, watch '/home/ghost/maerskline/.git/refs/remotes/origin/develop_mjohnson'
    at FSWatcher.start (internal/fs/watchers.js:164:26)
    at Object.watch (fs.js:1232:11)
    at Object.t.watch (/snap/code/17/usr/share/code/resources/app/extensions/git/dist/main.js:1:594339)
    at T.updateTransientWatchers (/snap/code/17/usr/share/code/resources/app/extensions/git/dist/main.js:1:98229)
    at l.fire (/snap/code/17/usr/share/code/resources/app/out/vs/workbench/services/extensions/node/extensionHostProcess.js:50:539)
    at k.updateModelState (/snap/code/17/usr/share/code/resources/app/extensions/git/dist/main.js:1:115917)
> git show :public/js/data-structures.js
> git show :resources/views/layouts/app.blade.php
> git status -z -u
> git symbolic-ref --short HEAD
> git rev-parse develop_mjohnson
> git rev-parse --symbolic-full-name develop_mjohnson@{u}
> git rev-list --left-right develop_mjohnson...refs/remotes/origin/develop_mjohnson
> git for-each-ref --format %(refname) %(objectname) --sort -committerdate
> git remote --verbose
Failed to watch ref '/home/ghost/maerskline/.git/refs/remotes/origin/develop_mjohnson', is most likely packed.
Error: ENOENT: no such file or directory, watch '/home/ghost/maerskline/.git/refs/remotes/origin/develop_mjohnson'
    at FSWatcher.start (internal/fs/watchers.js:164:26)
    at Object.watch (fs.js:1232:11)
    at Object.t.watch (/snap/code/17/usr/share/code/resources/app/extensions/git/dist/main.js:1:594339)
    at T.updateTransientWatchers (/snap/code/17/usr/share/code/resources/app/extensions/git/dist/main.js:1:98229)
    at l.fire (/snap/code/17/usr/share/code/resources/app/out/vs/workbench/services/extensions/node/extensionHostProcess.js:50:539)
    at k.updateModelState (/snap/code/17/usr/share/code/resources/app/extensions/git/dist/main.js:1:115917)
> git show :public/js/data-structures.js
> git show :public/js/ validator.js
> git show :public/js/data-structures.js
> git show :public/js/functions.js
> git show :public/js/data-structures.js
> git status -z -u
> git symbolic-ref --short HEAD
> git rev-parse develop_mjohnson
> git rev-parse --symbolic-full-name develop_mjohnson@{u}
> git rev-list --left-right develop_mjohnson...refs/remotes/origin/develop_mjohnson
> git for-each-ref --format %(refname) %(objectname) --sort -committerdate
> git remote --verbose
Failed to watch ref '/home/ghost/maerskline/.git/refs/remotes/origin/develop_mjohnson', is most likely packed.
Error: ENOENT: no such file or directory, watch '/home/ghost/maerskline/.git/refs/remotes/origin/develop_mjohnson'
    at FSWatcher.start (internal/fs/watchers.js:164:26)
    at Object.watch (fs.js:1232:11)
    at Object.t.watch (/snap/code/17/usr/share/code/resources/app/extensions/git/dist/main.js:1:594339)
    at T.updateTransientWatchers (/snap/code/17/usr/share/code/resources/app/extensions/git/dist/main.js:1:98229)
    at l.fire (/snap/code/17/usr/share/code/resources/app/out/vs/workbench/services/extensions/node/extensionHostProcess.js:50:539)
    at k.updateModelState (/snap/code/17/usr/share/code/resources/app/extensions/git/dist/main.js:1:115917)
> git status -z -u
> git symbolic-ref --short HEAD
> git rev-parse develop_mjohnson
> git rev-parse --symbolic-full-name develop_mjohnson@{u}
> git rev-list --left-right develop_mjohnson...refs/remotes/origin/develop_mjohnson
> git for-each-ref --format %(refname) %(objectname) --sort -committerdate
> git remote --verbose
Failed to watch ref '/home/ghost/maerskline/.git/refs/remotes/origin/develop_mjohnson', is most likely packed.
Error: ENOENT: no such file or directory, watch '/home/ghost/maerskline/.git/refs/remotes/origin/develop_mjohnson'
    at FSWatcher.start (internal/fs/watchers.js:164:26)
    at Object.watch (fs.js:1232:11)
    at Object.t.watch (/snap/code/17/usr/share/code/resources/app/extensions/git/dist/main.js:1:594339)
    at T.updateTransientWatchers (/snap/code/17/usr/share/code/resources/app/extensions/git/dist/main.js:1:98229)
    at l.fire (/snap/code/17/usr/share/code/resources/app/out/vs/workbench/services/extensions/node/extensionHostProcess.js:50:539)
    at k.updateModelState (/snap/code/17/usr/share/code/resources/app/extensions/git/dist/main.js:1:115917)
> git status -z -u
> git symbolic-ref --short HEAD
> git rev-parse develop_mjohnson
> git rev-parse --symbolic-full-name develop_mjohnson@{u}
> git rev-list --left-right develop_mjohnson...refs/remotes/origin/develop_mjohnson
> git for-each-ref --format %(refname) %(objectname) --sort -committerdate
> git remote --verbose
Failed to watch ref '/home/ghost/maerskline/.git/refs/remotes/origin/develop_mjohnson', is most likely packed.
Error: ENOENT: no such file or directory, watch '/home/ghost/maerskline/.git/refs/remotes/origin/develop_mjohnson'
    at FSWatcher.start (internal/fs/watchers.js:164:26)
    at Object.watch (fs.js:1232:11)
    at Object.t.watch (/snap/code/17/usr/share/code/resources/app/extensions/git/dist/main.js:1:594339)
    at T.updateTransientWatchers (/snap/code/17/usr/share/code/resources/app/extensions/git/dist/main.js:1:98229)
    at l.fire (/snap/code/17/usr/share/code/resources/app/out/vs/workbench/services/extensions/node/extensionHostProcess.js:50:539)
    at k.updateModelState (/snap/code/17/usr/share/code/resources/app/extensions/git/dist/main.js:1:115917)
> git status -z -u
> git symbolic-ref --short HEAD
> git rev-parse develop_mjohnson
> git rev-parse --symbolic-full-name develop_mjohnson@{u}
> git rev-list --left-right develop_mjohnson...refs/remotes/origin/develop_mjohnson
> git for-each-ref --format %(refname) %(objectname) --sort -committerdate
> git remote --verbose
Failed to watch ref '/home/ghost/maerskline/.git/refs/remotes/origin/develop_mjohnson', is most likely packed.
Error: ENOENT: no such file or directory, watch '/home/ghost/maerskline/.git/refs/remotes/origin/develop_mjohnson'
    at FSWatcher.start (internal/fs/watchers.js:164:26)
    at Object.watch (fs.js:1232:11)
    at Object.t.watch (/snap/code/17/usr/share/code/resources/app/extensions/git/dist/main.js:1:594339)
    at T.updateTransientWatchers (/snap/code/17/usr/share/code/resources/app/extensions/git/dist/main.js:1:98229)
    at l.fire (/snap/code/17/usr/share/code/resources/app/out/vs/workbench/services/extensions/node/extensionHostProcess.js:50:539)
    at k.updateModelState (/snap/code/17/usr/share/code/resources/app/extensions/git/dist/main.js:1:115917)
> git show :public/js/ validator.js
> git show :public/js/data-structures.js
> git status -z -u
> git symbolic-ref --short HEAD
> git rev-parse develop_mjohnson
> git rev-parse --symbolic-full-name develop_mjohnson@{u}
> git rev-list --left-right develop_mjohnson...refs/remotes/origin/develop_mjohnson
> git for-each-ref --format %(refname) %(objectname) --sort -committerdate
> git remote --verbose
Failed to watch ref '/home/ghost/maerskline/.git/refs/remotes/origin/develop_mjohnson', is most likely packed.
Error: ENOENT: no such file or directory, watch '/home/ghost/maerskline/.git/refs/remotes/origin/develop_mjohnson'
    at FSWatcher.start (internal/fs/watchers.js:164:26)
    at Object.watch (fs.js:1232:11)
    at Object.t.watch (/snap/code/17/usr/share/code/resources/app/extensions/git/dist/main.js:1:594339)
    at T.updateTransientWatchers (/snap/code/17/usr/share/code/resources/app/extensions/git/dist/main.js:1:98229)
    at l.fire (/snap/code/17/usr/share/code/resources/app/out/vs/workbench/services/extensions/node/extensionHostProcess.js:50:539)
    at k.updateModelState (/snap/code/17/usr/share/code/resources/app/extensions/git/dist/main.js:1:115917)
> git status -z -u
> git symbolic-ref --short HEAD
> git rev-parse develop_mjohnson
> git rev-parse --symbolic-full-name develop_mjohnson@{u}
> git rev-list --left-right develop_mjohnson...refs/remotes/origin/develop_mjohnson
> git for-each-ref --format %(refname) %(objectname) --sort -committerdate
> git remote --verbose
Failed to watch ref '/home/ghost/maerskline/.git/refs/remotes/origin/develop_mjohnson', is most likely packed.
Error: ENOENT: no such file or directory, watch '/home/ghost/maerskline/.git/refs/remotes/origin/develop_mjohnson'
    at FSWatcher.start (internal/fs/watchers.js:164:26)
    at Object.watch (fs.js:1232:11)
    at Object.t.watch (/snap/code/17/usr/share/code/resources/app/extensions/git/dist/main.js:1:594339)
    at T.updateTransientWatchers (/snap/code/17/usr/share/code/resources/app/extensions/git/dist/main.js:1:98229)
    at l.fire (/snap/code/17/usr/share/code/resources/app/out/vs/workbench/services/extensions/node/extensionHostProcess.js:50:539)
    at k.updateModelState (/snap/code/17/usr/share/code/resources/app/extensions/git/dist/main.js:1:115917)
> git status -z -u
> git symbolic-ref --short HEAD
> git rev-parse develop_mjohnson
> git rev-parse --symbolic-full-name develop_mjohnson@{u}
> git rev-list --left-right develop_mjohnson...refs/remotes/origin/develop_mjohnson
> git for-each-ref --format %(refname) %(objectname) --sort -committerdate
> git remote --verbose
Failed to watch ref '/home/ghost/maerskline/.git/refs/remotes/origin/develop_mjohnson', is most likely packed.
Error: ENOENT: no such file or directory, watch '/home/ghost/maerskline/.git/refs/remotes/origin/develop_mjohnson'
    at FSWatcher.start (internal/fs/watchers.js:164:26)
    at Object.watch (fs.js:1232:11)
    at Object.t.watch (/snap/code/17/usr/share/code/resources/app/extensions/git/dist/main.js:1:594339)
    at T.updateTransientWatchers (/snap/code/17/usr/share/code/resources/app/extensions/git/dist/main.js:1:98229)
    at l.fire (/snap/code/17/usr/share/code/resources/app/out/vs/workbench/services/extensions/node/extensionHostProcess.js:50:539)
    at k.updateModelState (/snap/code/17/usr/share/code/resources/app/extensions/git/dist/main.js:1:115917)
> git status -z -u
> git symbolic-ref --short HEAD
> git rev-parse develop_mjohnson
> git rev-parse --symbolic-full-name develop_mjohnson@{u}
> git rev-list --left-right develop_mjohnson...refs/remotes/origin/develop_mjohnson
> git for-each-ref --format %(refname) %(objectname) --sort -committerdate
> git remote --verbose
Failed to watch ref '/home/ghost/maerskline/.git/refs/remotes/origin/develop_mjohnson', is most likely packed.
Error: ENOENT: no such file or directory, watch '/home/ghost/maerskline/.git/refs/remotes/origin/develop_mjohnson'
    at FSWatcher.start (internal/fs/watchers.js:164:26)
    at Object.watch (fs.js:1232:11)
    at Object.t.watch (/snap/code/17/usr/share/code/resources/app/extensions/git/dist/main.js:1:594339)
    at T.updateTransientWatchers (/snap/code/17/usr/share/code/resources/app/extensions/git/dist/main.js:1:98229)
    at l.fire (/snap/code/17/usr/share/code/resources/app/out/vs/workbench/services/extensions/node/extensionHostProcess.js:50:539)
    at k.updateModelState (/snap/code/17/usr/share/code/resources/app/extensions/git/dist/main.js:1:115917)
> git status -z -u
> git symbolic-ref --short HEAD
> git rev-parse develop_mjohnson
> git rev-parse --symbolic-full-name develop_mjohnson@{u}
> git rev-list --left-right develop_mjohnson...refs/remotes/origin/develop_mjohnson
> git for-each-ref --format %(refname) %(objectname) --sort -committerdate
> git remote --verbose
Failed to watch ref '/home/ghost/maerskline/.git/refs/remotes/origin/develop_mjohnson', is most likely packed.
Error: ENOENT: no such file or directory, watch '/home/ghost/maerskline/.git/refs/remotes/origin/develop_mjohnson'
    at FSWatcher.start (internal/fs/watchers.js:164:26)
    at Object.watch (fs.js:1232:11)
    at Object.t.watch (/snap/code/17/usr/share/code/resources/app/extensions/git/dist/main.js:1:594339)
    at T.updateTransientWatchers (/snap/code/17/usr/share/code/resources/app/extensions/git/dist/main.js:1:98229)
    at l.fire (/snap/code/17/usr/share/code/resources/app/out/vs/workbench/services/extensions/node/extensionHostProcess.js:50:539)
    at k.updateModelState (/snap/code/17/usr/share/code/resources/app/extensions/git/dist/main.js:1:115917)
> git status -z -u
> git symbolic-ref --short HEAD
> git rev-parse develop_mjohnson
> git rev-parse --symbolic-full-name develop_mjohnson@{u}
> git rev-list --left-right develop_mjohnson...refs/remotes/origin/develop_mjohnson
> git for-each-ref --format %(refname) %(objectname) --sort -committerdate
> git remote --verbose
Failed to watch ref '/home/ghost/maerskline/.git/refs/remotes/origin/develop_mjohnson', is most likely packed.
Error: ENOENT: no such file or directory, watch '/home/ghost/maerskline/.git/refs/remotes/origin/develop_mjohnson'
    at FSWatcher.start (internal/fs/watchers.js:164:26)
    at Object.watch (fs.js:1232:11)
    at Object.t.watch (/snap/code/17/usr/share/code/resources/app/extensions/git/dist/main.js:1:594339)
    at T.updateTransientWatchers (/snap/code/17/usr/share/code/resources/app/extensions/git/dist/main.js:1:98229)
    at l.fire (/snap/code/17/usr/share/code/resources/app/out/vs/workbench/services/extensions/node/extensionHostProcess.js:50:539)
    at k.updateModelState (/snap/code/17/usr/share/code/resources/app/extensions/git/dist/main.js:1:115917)
> git status -z -u
> git symbolic-ref --short HEAD
> git rev-parse develop_mjohnson
> git rev-parse --symbolic-full-name develop_mjohnson@{u}
> git rev-list --left-right develop_mjohnson...refs/remotes/origin/develop_mjohnson
> git for-each-ref --format %(refname) %(objectname) --sort -committerdate
> git remote --verbose
Failed to watch ref '/home/ghost/maerskline/.git/refs/remotes/origin/develop_mjohnson', is most likely packed.
Error: ENOENT: no such file or directory, watch '/home/ghost/maerskline/.git/refs/remotes/origin/develop_mjohnson'
    at FSWatcher.start (internal/fs/watchers.js:164:26)
    at Object.watch (fs.js:1232:11)
    at Object.t.watch (/snap/code/17/usr/share/code/resources/app/extensions/git/dist/main.js:1:594339)
    at T.updateTransientWatchers (/snap/code/17/usr/share/code/resources/app/extensions/git/dist/main.js:1:98229)
    at l.fire (/snap/code/17/usr/share/code/resources/app/out/vs/workbench/services/extensions/node/extensionHostProcess.js:50:539)
    at k.updateModelState (/snap/code/17/usr/share/code/resources/app/extensions/git/dist/main.js:1:115917)
> git status -z -u
> git symbolic-ref --short HEAD
> git rev-parse develop_mjohnson
> git rev-parse --symbolic-full-name develop_mjohnson@{u}
> git rev-list --left-right develop_mjohnson...refs/remotes/origin/develop_mjohnson
> git for-each-ref --format %(refname) %(objectname) --sort -committerdate
> git remote --verbose
Failed to watch ref '/home/ghost/maerskline/.git/refs/remotes/origin/develop_mjohnson', is most likely packed.
Error: ENOENT: no such file or directory, watch '/home/ghost/maerskline/.git/refs/remotes/origin/develop_mjohnson'
    at FSWatcher.start (internal/fs/watchers.js:164:26)
    at Object.watch (fs.js:1232:11)
    at Object.t.watch (/snap/code/17/usr/share/code/resources/app/extensions/git/dist/main.js:1:594339)
    at T.updateTransientWatchers (/snap/code/17/usr/share/code/resources/app/extensions/git/dist/main.js:1:98229)
    at l.fire (/snap/code/17/usr/share/code/resources/app/out/vs/workbench/services/extensions/node/extensionHostProcess.js:50:539)
    at k.updateModelState (/snap/code/17/usr/share/code/resources/app/extensions/git/dist/main.js:1:115917)
> git status -z -u
> git symbolic-ref --short HEAD
> git rev-parse develop_mjohnson
> git rev-parse --symbolic-full-name develop_mjohnson@{u}
> git rev-list --left-right develop_mjohnson...refs/remotes/origin/develop_mjohnson
> git for-each-ref --format %(refname) %(objectname) --sort -committerdate
> git remote --verbose
Failed to watch ref '/home/ghost/maerskline/.git/refs/remotes/origin/develop_mjohnson', is most likely packed.
Error: ENOENT: no such file or directory, watch '/home/ghost/maerskline/.git/refs/remotes/origin/develop_mjohnson'
    at FSWatcher.start (internal/fs/watchers.js:164:26)
    at Object.watch (fs.js:1232:11)
    at Object.t.watch (/snap/code/17/usr/share/code/resources/app/extensions/git/dist/main.js:1:594339)
    at T.updateTransientWatchers (/snap/code/17/usr/share/code/resources/app/extensions/git/dist/main.js:1:98229)
    at l.fire (/snap/code/17/usr/share/code/resources/app/out/vs/workbench/services/extensions/node/extensionHostProcess.js:50:539)
    at k.updateModelState (/snap/code/17/usr/share/code/resources/app/extensions/git/dist/main.js:1:115917)
> git status -z -u
> git symbolic-ref --short HEAD
> git rev-parse develop_mjohnson
> git rev-parse --symbolic-full-name develop_mjohnson@{u}
> git rev-list --left-right develop_mjohnson...refs/remotes/origin/develop_mjohnson
> git for-each-ref --format %(refname) %(objectname) --sort -committerdate
> git remote --verbose
Failed to watch ref '/home/ghost/maerskline/.git/refs/remotes/origin/develop_mjohnson', is most likely packed.
Error: ENOENT: no such file or directory, watch '/home/ghost/maerskline/.git/refs/remotes/origin/develop_mjohnson'
    at FSWatcher.start (internal/fs/watchers.js:164:26)
    at Object.watch (fs.js:1232:11)
    at Object.t.watch (/snap/code/17/usr/share/code/resources/app/extensions/git/dist/main.js:1:594339)
    at T.updateTransientWatchers (/snap/code/17/usr/share/code/resources/app/extensions/git/dist/main.js:1:98229)
    at l.fire (/snap/code/17/usr/share/code/resources/app/out/vs/workbench/services/extensions/node/extensionHostProcess.js:50:539)
    at k.updateModelState (/snap/code/17/usr/share/code/resources/app/extensions/git/dist/main.js:1:115917)
> git status -z -u
> git symbolic-ref --short HEAD
> git rev-parse develop_mjohnson
> git rev-parse --symbolic-full-name develop_mjohnson@{u}
> git rev-list --left-right develop_mjohnson...refs/remotes/origin/develop_mjohnson
> git for-each-ref --format %(refname) %(objectname) --sort -committerdate
> git remote --verbose
Failed to watch ref '/home/ghost/maerskline/.git/refs/remotes/origin/develop_mjohnson', is most likely packed.
Error: ENOENT: no such file or directory, watch '/home/ghost/maerskline/.git/refs/remotes/origin/develop_mjohnson'
    at FSWatcher.start (internal/fs/watchers.js:164:26)
    at Object.watch (fs.js:1232:11)
    at Object.t.watch (/snap/code/17/usr/share/code/resources/app/extensions/git/dist/main.js:1:594339)
    at T.updateTransientWatchers (/snap/code/17/usr/share/code/resources/app/extensions/git/dist/main.js:1:98229)
    at l.fire (/snap/code/17/usr/share/code/resources/app/out/vs/workbench/services/extensions/node/extensionHostProcess.js:50:539)
    at k.updateModelState (/snap/code/17/usr/share/code/resources/app/extensions/git/dist/main.js:1:115917)
> git status -z -u
> git symbolic-ref --short HEAD
> git rev-parse develop_mjohnson
> git rev-parse --symbolic-full-name develop_mjohnson@{u}
> git rev-list --left-right develop_mjohnson...refs/remotes/origin/develop_mjohnson
> git for-each-ref --format %(refname) %(objectname) --sort -committerdate
> git remote --verbose
Failed to watch ref '/home/ghost/maerskline/.git/refs/remotes/origin/develop_mjohnson', is most likely packed.
Error: ENOENT: no such file or directory, watch '/home/ghost/maerskline/.git/refs/remotes/origin/develop_mjohnson'
    at FSWatcher.start (internal/fs/watchers.js:164:26)
    at Object.watch (fs.js:1232:11)
    at Object.t.watch (/snap/code/17/usr/share/code/resources/app/extensions/git/dist/main.js:1:594339)
    at T.updateTransientWatchers (/snap/code/17/usr/share/code/resources/app/extensions/git/dist/main.js:1:98229)
    at l.fire (/snap/code/17/usr/share/code/resources/app/out/vs/workbench/services/extensions/node/extensionHostProcess.js:50:539)
    at k.updateModelState (/snap/code/17/usr/share/code/resources/app/extensions/git/dist/main.js:1:115917)
> git status -z -u
> git symbolic-ref --short HEAD
> git rev-parse develop_mjohnson
> git rev-parse --symbolic-full-name develop_mjohnson@{u}
> git rev-list --left-right develop_mjohnson...refs/remotes/origin/develop_mjohnson
> git for-each-ref --format %(refname) %(objectname) --sort -committerdate
> git remote --verbose
Failed to watch ref '/home/ghost/maerskline/.git/refs/remotes/origin/develop_mjohnson', is most likely packed.
Error: ENOENT: no such file or directory, watch '/home/ghost/maerskline/.git/refs/remotes/origin/develop_mjohnson'
    at FSWatcher.start (internal/fs/watchers.js:164:26)
    at Object.watch (fs.js:1232:11)
    at Object.t.watch (/snap/code/17/usr/share/code/resources/app/extensions/git/dist/main.js:1:594339)
    at T.updateTransientWatchers (/snap/code/17/usr/share/code/resources/app/extensions/git/dist/main.js:1:98229)
    at l.fire (/snap/code/17/usr/share/code/resources/app/out/vs/workbench/services/extensions/node/extensionHostProcess.js:50:539)
    at k.updateModelState (/snap/code/17/usr/share/code/resources/app/extensions/git/dist/main.js:1:115917)
> git status -z -u
> git symbolic-ref --short HEAD
> git rev-parse develop_mjohnson
> git rev-parse --symbolic-full-name develop_mjohnson@{u}
> git rev-list --left-right develop_mjohnson...refs/remotes/origin/develop_mjohnson
> git for-each-ref --format %(refname) %(objectname) --sort -committerdate
> git remote --verbose
Failed to watch ref '/home/ghost/maerskline/.git/refs/remotes/origin/develop_mjohnson', is most likely packed.
Error: ENOENT: no such file or directory, watch '/home/ghost/maerskline/.git/refs/remotes/origin/develop_mjohnson'
    at FSWatcher.start (internal/fs/watchers.js:164:26)
    at Object.watch (fs.js:1232:11)
    at Object.t.watch (/snap/code/17/usr/share/code/resources/app/extensions/git/dist/main.js:1:594339)
    at T.updateTransientWatchers (/snap/code/17/usr/share/code/resources/app/extensions/git/dist/main.js:1:98229)
    at l.fire (/snap/code/17/usr/share/code/resources/app/out/vs/workbench/services/extensions/node/extensionHostProcess.js:50:539)
    at k.updateModelState (/snap/code/17/usr/share/code/resources/app/extensions/git/dist/main.js:1:115917)
> git status -z -u
> git symbolic-ref --short HEAD
> git rev-parse develop_mjohnson
> git rev-parse --symbolic-full-name develop_mjohnson@{u}
> git rev-list --left-right develop_mjohnson...refs/remotes/origin/develop_mjohnson
> git for-each-ref --format %(refname) %(objectname) --sort -committerdate
> git remote --verbose
Failed to watch ref '/home/ghost/maerskline/.git/refs/remotes/origin/develop_mjohnson', is most likely packed.
Error: ENOENT: no such file or directory, watch '/home/ghost/maerskline/.git/refs/remotes/origin/develop_mjohnson'
    at FSWatcher.start (internal/fs/watchers.js:164:26)
    at Object.watch (fs.js:1232:11)
    at Object.t.watch (/snap/code/17/usr/share/code/resources/app/extensions/git/dist/main.js:1:594339)
    at T.updateTransientWatchers (/snap/code/17/usr/share/code/resources/app/extensions/git/dist/main.js:1:98229)
    at l.fire (/snap/code/17/usr/share/code/resources/app/out/vs/workbench/services/extensions/node/extensionHostProcess.js:50:539)
    at k.updateModelState (/snap/code/17/usr/share/code/resources/app/extensions/git/dist/main.js:1:115917)
> git status -z -u
> git symbolic-ref --short HEAD
> git rev-parse develop_mjohnson
> git rev-parse --symbolic-full-name develop_mjohnson@{u}
> git rev-list --left-right develop_mjohnson...refs/remotes/origin/develop_mjohnson
> git for-each-ref --format %(refname) %(objectname) --sort -committerdate
> git remote --verbose
Failed to watch ref '/home/ghost/maerskline/.git/refs/remotes/origin/develop_mjohnson', is most likely packed.
Error: ENOENT: no such file or directory, watch '/home/ghost/maerskline/.git/refs/remotes/origin/develop_mjohnson'
    at FSWatcher.start (internal/fs/watchers.js:164:26)
    at Object.watch (fs.js:1232:11)
    at Object.t.watch (/snap/code/17/usr/share/code/resources/app/extensions/git/dist/main.js:1:594339)
    at T.updateTransientWatchers (/snap/code/17/usr/share/code/resources/app/extensions/git/dist/main.js:1:98229)
    at l.fire (/snap/code/17/usr/share/code/resources/app/out/vs/workbench/services/extensions/node/extensionHostProcess.js:50:539)
    at k.updateModelState (/snap/code/17/usr/share/code/resources/app/extensions/git/dist/main.js:1:115917)
> git status -z -u
> git symbolic-ref --short HEAD
> git rev-parse develop_mjohnson
> git rev-parse --symbolic-full-name develop_mjohnson@{u}
> git rev-list --left-right develop_mjohnson...refs/remotes/origin/develop_mjohnson
> git for-each-ref --format %(refname) %(objectname) --sort -committerdate
> git remote --verbose
Failed to watch ref '/home/ghost/maerskline/.git/refs/remotes/origin/develop_mjohnson', is most likely packed.
Error: ENOENT: no such file or directory, watch '/home/ghost/maerskline/.git/refs/remotes/origin/develop_mjohnson'
    at FSWatcher.start (internal/fs/watchers.js:164:26)
    at Object.watch (fs.js:1232:11)
    at Object.t.watch (/snap/code/17/usr/share/code/resources/app/extensions/git/dist/main.js:1:594339)
    at T.updateTransientWatchers (/snap/code/17/usr/share/code/resources/app/extensions/git/dist/main.js:1:98229)
    at l.fire (/snap/code/17/usr/share/code/resources/app/out/vs/workbench/services/extensions/node/extensionHostProcess.js:50:539)
    at k.updateModelState (/snap/code/17/usr/share/code/resources/app/extensions/git/dist/main.js:1:115917)
> git status -z -u
> git symbolic-ref --short HEAD
> git rev-parse develop_mjohnson
> git rev-parse --symbolic-full-name develop_mjohnson@{u}
> git rev-list --left-right develop_mjohnson...refs/remotes/origin/develop_mjohnson
> git for-each-ref --format %(refname) %(objectname) --sort -committerdate
> git remote --verbose
Failed to watch ref '/home/ghost/maerskline/.git/refs/remotes/origin/develop_mjohnson', is most likely packed.
Error: ENOENT: no such file or directory, watch '/home/ghost/maerskline/.git/refs/remotes/origin/develop_mjohnson'
    at FSWatcher.start (internal/fs/watchers.js:164:26)
    at Object.watch (fs.js:1232:11)
    at Object.t.watch (/snap/code/17/usr/share/code/resources/app/extensions/git/dist/main.js:1:594339)
    at T.updateTransientWatchers (/snap/code/17/usr/share/code/resources/app/extensions/git/dist/main.js:1:98229)
    at l.fire (/snap/code/17/usr/share/code/resources/app/out/vs/workbench/services/extensions/node/extensionHostProcess.js:50:539)
    at k.updateModelState (/snap/code/17/usr/share/code/resources/app/extensions/git/dist/main.js:1:115917)
> git status -z -u
> git symbolic-ref --short HEAD
> git rev-parse develop_mjohnson
> git rev-parse --symbolic-full-name develop_mjohnson@{u}
> git rev-list --left-right develop_mjohnson...refs/remotes/origin/develop_mjohnson
> git for-each-ref --format %(refname) %(objectname) --sort -committerdate
> git remote --verbose
Failed to watch ref '/home/ghost/maerskline/.git/refs/remotes/origin/develop_mjohnson', is most likely packed.
Error: ENOENT: no such file or directory, watch '/home/ghost/maerskline/.git/refs/remotes/origin/develop_mjohnson'
    at FSWatcher.start (internal/fs/watchers.js:164:26)
    at Object.watch (fs.js:1232:11)
    at Object.t.watch (/snap/code/17/usr/share/code/resources/app/extensions/git/dist/main.js:1:594339)
    at T.updateTransientWatchers (/snap/code/17/usr/share/code/resources/app/extensions/git/dist/main.js:1:98229)
    at l.fire (/snap/code/17/usr/share/code/resources/app/out/vs/workbench/services/extensions/node/extensionHostProcess.js:50:539)
    at k.updateModelState (/snap/code/17/usr/share/code/resources/app/extensions/git/dist/main.js:1:115917)
> git status -z -u
> git symbolic-ref --short HEAD
> git rev-parse develop_mjohnson
> git rev-parse --symbolic-full-name develop_mjohnson@{u}
> git rev-list --left-right develop_mjohnson...refs/remotes/origin/develop_mjohnson
> git for-each-ref --format %(refname) %(objectname) --sort -committerdate
> git remote --verbose
Failed to watch ref '/home/ghost/maerskline/.git/refs/remotes/origin/develop_mjohnson', is most likely packed.
Error: ENOENT: no such file or directory, watch '/home/ghost/maerskline/.git/refs/remotes/origin/develop_mjohnson'
    at FSWatcher.start (internal/fs/watchers.js:164:26)
    at Object.watch (fs.js:1232:11)
    at Object.t.watch (/snap/code/17/usr/share/code/resources/app/extensions/git/dist/main.js:1:594339)
    at T.updateTransientWatchers (/snap/code/17/usr/share/code/resources/app/extensions/git/dist/main.js:1:98229)
    at l.fire (/snap/code/17/usr/share/code/resources/app/out/vs/workbench/services/extensions/node/extensionHostProcess.js:50:539)
    at k.updateModelState (/snap/code/17/usr/share/code/resources/app/extensions/git/dist/main.js:1:115917)
> git status -z -u
> git symbolic-ref --short HEAD
> git rev-parse develop_mjohnson
> git rev-parse --symbolic-full-name develop_mjohnson@{u}
> git rev-list --left-right develop_mjohnson...refs/remotes/origin/develop_mjohnson
> git for-each-ref --format %(refname) %(objectname) --sort -committerdate
> git remote --verbose
Failed to watch ref '/home/ghost/maerskline/.git/refs/remotes/origin/develop_mjohnson', is most likely packed.
Error: ENOENT: no such file or directory, watch '/home/ghost/maerskline/.git/refs/remotes/origin/develop_mjohnson'
    at FSWatcher.start (internal/fs/watchers.js:164:26)
    at Object.watch (fs.js:1232:11)
    at Object.t.watch (/snap/code/17/usr/share/code/resources/app/extensions/git/dist/main.js:1:594339)
    at T.updateTransientWatchers (/snap/code/17/usr/share/code/resources/app/extensions/git/dist/main.js:1:98229)
    at l.fire (/snap/code/17/usr/share/code/resources/app/out/vs/workbench/services/extensions/node/extensionHostProcess.js:50:539)
    at k.updateModelState (/snap/code/17/usr/share/code/resources/app/extensions/git/dist/main.js:1:115917)
> git status -z -u
> git symbolic-ref --short HEAD
> git rev-parse develop_mjohnson
> git rev-parse --symbolic-full-name develop_mjohnson@{u}
> git rev-list --left-right develop_mjohnson...refs/remotes/origin/develop_mjohnson
> git for-each-ref --format %(refname) %(objectname) --sort -committerdate
> git remote --verbose
Failed to watch ref '/home/ghost/maerskline/.git/refs/remotes/origin/develop_mjohnson', is most likely packed.
Error: ENOENT: no such file or directory, watch '/home/ghost/maerskline/.git/refs/remotes/origin/develop_mjohnson'
    at FSWatcher.start (internal/fs/watchers.js:164:26)
    at Object.watch (fs.js:1232:11)
    at Object.t.watch (/snap/code/17/usr/share/code/resources/app/extensions/git/dist/main.js:1:594339)
    at T.updateTransientWatchers (/snap/code/17/usr/share/code/resources/app/extensions/git/dist/main.js:1:98229)
    at l.fire (/snap/code/17/usr/share/code/resources/app/out/vs/workbench/services/extensions/node/extensionHostProcess.js:50:539)
    at k.updateModelState (/snap/code/17/usr/share/code/resources/app/extensions/git/dist/main.js:1:115917)
> git status -z -u
> git symbolic-ref --short HEAD
> git rev-parse develop_mjohnson
> git rev-parse --symbolic-full-name develop_mjohnson@{u}
> git rev-list --left-right develop_mjohnson...refs/remotes/origin/develop_mjohnson
> git for-each-ref --format %(refname) %(objectname) --sort -committerdate
> git remote --verbose
Failed to watch ref '/home/ghost/maerskline/.git/refs/remotes/origin/develop_mjohnson', is most likely packed.
Error: ENOENT: no such file or directory, watch '/home/ghost/maerskline/.git/refs/remotes/origin/develop_mjohnson'
    at FSWatcher.start (internal/fs/watchers.js:164:26)
    at Object.watch (fs.js:1232:11)
    at Object.t.watch (/snap/code/17/usr/share/code/resources/app/extensions/git/dist/main.js:1:594339)
    at T.updateTransientWatchers (/snap/code/17/usr/share/code/resources/app/extensions/git/dist/main.js:1:98229)
    at l.fire (/snap/code/17/usr/share/code/resources/app/out/vs/workbench/services/extensions/node/extensionHostProcess.js:50:539)
    at k.updateModelState (/snap/code/17/usr/share/code/resources/app/extensions/git/dist/main.js:1:115917)
> git status -z -u
> git symbolic-ref --short HEAD
> git rev-parse develop_mjohnson
> git rev-parse --symbolic-full-name develop_mjohnson@{u}
> git rev-list --left-right develop_mjohnson...refs/remotes/origin/develop_mjohnson
> git for-each-ref --format %(refname) %(objectname) --sort -committerdate
> git remote --verbose
Failed to watch ref '/home/ghost/maerskline/.git/refs/remotes/origin/develop_mjohnson', is most likely packed.
Error: ENOENT: no such file or directory, watch '/home/ghost/maerskline/.git/refs/remotes/origin/develop_mjohnson'
    at FSWatcher.start (internal/fs/watchers.js:164:26)
    at Object.watch (fs.js:1232:11)
    at Object.t.watch (/snap/code/17/usr/share/code/resources/app/extensions/git/dist/main.js:1:594339)
    at T.updateTransientWatchers (/snap/code/17/usr/share/code/resources/app/extensions/git/dist/main.js:1:98229)
    at l.fire (/snap/code/17/usr/share/code/resources/app/out/vs/workbench/services/extensions/node/extensionHostProcess.js:50:539)
    at k.updateModelState (/snap/code/17/usr/share/code/resources/app/extensions/git/dist/main.js:1:115917)
> git status -z -u
> git symbolic-ref --short HEAD
> git rev-parse develop_mjohnson
> git rev-parse --symbolic-full-name develop_mjohnson@{u}
> git rev-list --left-right develop_mjohnson...refs/remotes/origin/develop_mjohnson
> git for-each-ref --format %(refname) %(objectname) --sort -committerdate
> git remote --verbose
Failed to watch ref '/home/ghost/maerskline/.git/refs/remotes/origin/develop_mjohnson', is most likely packed.
Error: ENOENT: no such file or directory, watch '/home/ghost/maerskline/.git/refs/remotes/origin/develop_mjohnson'
    at FSWatcher.start (internal/fs/watchers.js:164:26)
    at Object.watch (fs.js:1232:11)
    at Object.t.watch (/snap/code/17/usr/share/code/resources/app/extensions/git/dist/main.js:1:594339)
    at T.updateTransientWatchers (/snap/code/17/usr/share/code/resources/app/extensions/git/dist/main.js:1:98229)
    at l.fire (/snap/code/17/usr/share/code/resources/app/out/vs/workbench/services/extensions/node/extensionHostProcess.js:50:539)
    at k.updateModelState (/snap/code/17/usr/share/code/resources/app/extensions/git/dist/main.js:1:115917)
> git status -z -u
> git symbolic-ref --short HEAD
> git rev-parse develop_mjohnson
> git rev-parse --symbolic-full-name develop_mjohnson@{u}
> git rev-list --left-right develop_mjohnson...refs/remotes/origin/develop_mjohnson
> git for-each-ref --format %(refname) %(objectname) --sort -committerdate
> git remote --verbose
Failed to watch ref '/home/ghost/maerskline/.git/refs/remotes/origin/develop_mjohnson', is most likely packed.
Error: ENOENT: no such file or directory, watch '/home/ghost/maerskline/.git/refs/remotes/origin/develop_mjohnson'
    at FSWatcher.start (internal/fs/watchers.js:164:26)
    at Object.watch (fs.js:1232:11)
    at Object.t.watch (/snap/code/17/usr/share/code/resources/app/extensions/git/dist/main.js:1:594339)
    at T.updateTransientWatchers (/snap/code/17/usr/share/code/resources/app/extensions/git/dist/main.js:1:98229)
    at l.fire (/snap/code/17/usr/share/code/resources/app/out/vs/workbench/services/extensions/node/extensionHostProcess.js:50:539)
    at k.updateModelState (/snap/code/17/usr/share/code/resources/app/extensions/git/dist/main.js:1:115917)
> git show :resources/views/home.blade.php
> git show :public/js/data-structures.js
> git status -z -u
> git symbolic-ref --short HEAD
> git rev-parse develop_mjohnson
> git rev-parse --symbolic-full-name develop_mjohnson@{u}
> git rev-list --left-right develop_mjohnson...refs/remotes/origin/develop_mjohnson
> git for-each-ref --format %(refname) %(objectname) --sort -committerdate
> git remote --verbose
Failed to watch ref '/home/ghost/maerskline/.git/refs/remotes/origin/develop_mjohnson', is most likely packed.
Error: ENOENT: no such file or directory, watch '/home/ghost/maerskline/.git/refs/remotes/origin/develop_mjohnson'
    at FSWatcher.start (internal/fs/watchers.js:164:26)
    at Object.watch (fs.js:1232:11)
    at Object.t.watch (/snap/code/17/usr/share/code/resources/app/extensions/git/dist/main.js:1:594339)
    at T.updateTransientWatchers (/snap/code/17/usr/share/code/resources/app/extensions/git/dist/main.js:1:98229)
    at l.fire (/snap/code/17/usr/share/code/resources/app/out/vs/workbench/services/extensions/node/extensionHostProcess.js:50:539)
    at k.updateModelState (/snap/code/17/usr/share/code/resources/app/extensions/git/dist/main.js:1:115917)
> git status -z -u
> git symbolic-ref --short HEAD
> git rev-parse develop_mjohnson
> git rev-parse --symbolic-full-name develop_mjohnson@{u}
> git rev-list --left-right develop_mjohnson...refs/remotes/origin/develop_mjohnson
> git for-each-ref --format %(refname) %(objectname) --sort -committerdate
> git remote --verbose
Failed to watch ref '/home/ghost/maerskline/.git/refs/remotes/origin/develop_mjohnson', is most likely packed.
Error: ENOENT: no such file or directory, watch '/home/ghost/maerskline/.git/refs/remotes/origin/develop_mjohnson'
    at FSWatcher.start (internal/fs/watchers.js:164:26)
    at Object.watch (fs.js:1232:11)
    at Object.t.watch (/snap/code/17/usr/share/code/resources/app/extensions/git/dist/main.js:1:594339)
    at T.updateTransientWatchers (/snap/code/17/usr/share/code/resources/app/extensions/git/dist/main.js:1:98229)
    at l.fire (/snap/code/17/usr/share/code/resources/app/out/vs/workbench/services/extensions/node/extensionHostProcess.js:50:539)
    at k.updateModelState (/snap/code/17/usr/share/code/resources/app/extensions/git/dist/main.js:1:115917)
> git show :resources/views/layouts/app.blade.php
> git show :resources/views/home.blade.php
> git status -z -u
> git symbolic-ref --short HEAD
> git rev-parse develop_mjohnson
> git rev-parse --symbolic-full-name develop_mjohnson@{u}
> git rev-list --left-right develop_mjohnson...refs/remotes/origin/develop_mjohnson
> git for-each-ref --format %(refname) %(objectname) --sort -committerdate
> git remote --verbose
Failed to watch ref '/home/ghost/maerskline/.git/refs/remotes/origin/develop_mjohnson', is most likely packed.
Error: ENOENT: no such file or directory, watch '/home/ghost/maerskline/.git/refs/remotes/origin/develop_mjohnson'
    at FSWatcher.start (internal/fs/watchers.js:164:26)
    at Object.watch (fs.js:1232:11)
    at Object.t.watch (/snap/code/17/usr/share/code/resources/app/extensions/git/dist/main.js:1:594339)
    at T.updateTransientWatchers (/snap/code/17/usr/share/code/resources/app/extensions/git/dist/main.js:1:98229)
    at l.fire (/snap/code/17/usr/share/code/resources/app/out/vs/workbench/services/extensions/node/extensionHostProcess.js:50:539)
    at k.updateModelState (/snap/code/17/usr/share/code/resources/app/extensions/git/dist/main.js:1:115917)
> git show :public/js/data-structures.js
> git status -z -u
> git symbolic-ref --short HEAD
> git rev-parse develop_mjohnson
> git rev-parse --symbolic-full-name develop_mjohnson@{u}
> git rev-list --left-right develop_mjohnson...refs/remotes/origin/develop_mjohnson
> git for-each-ref --format %(refname) %(objectname) --sort -committerdate
> git remote --verbose
Failed to watch ref '/home/ghost/maerskline/.git/refs/remotes/origin/develop_mjohnson', is most likely packed.
Error: ENOENT: no such file or directory, watch '/home/ghost/maerskline/.git/refs/remotes/origin/develop_mjohnson'
    at FSWatcher.start (internal/fs/watchers.js:164:26)
    at Object.watch (fs.js:1232:11)
    at Object.t.watch (/snap/code/17/usr/share/code/resources/app/extensions/git/dist/main.js:1:594339)
    at T.updateTransientWatchers (/snap/code/17/usr/share/code/resources/app/extensions/git/dist/main.js:1:98229)
    at l.fire (/snap/code/17/usr/share/code/resources/app/out/vs/workbench/services/extensions/node/extensionHostProcess.js:50:539)
    at k.updateModelState (/snap/code/17/usr/share/code/resources/app/extensions/git/dist/main.js:1:115917)
> git status -z -u
> git symbolic-ref --short HEAD
> git rev-parse develop_mjohnson
> git rev-parse --symbolic-full-name develop_mjohnson@{u}
> git rev-list --left-right develop_mjohnson...refs/remotes/origin/develop_mjohnson
> git for-each-ref --format %(refname) %(objectname) --sort -committerdate
> git remote --verbose
Failed to watch ref '/home/ghost/maerskline/.git/refs/remotes/origin/develop_mjohnson', is most likely packed.
Error: ENOENT: no such file or directory, watch '/home/ghost/maerskline/.git/refs/remotes/origin/develop_mjohnson'
    at FSWatcher.start (internal/fs/watchers.js:164:26)
    at Object.watch (fs.js:1232:11)
    at Object.t.watch (/snap/code/17/usr/share/code/resources/app/extensions/git/dist/main.js:1:594339)
    at T.updateTransientWatchers (/snap/code/17/usr/share/code/resources/app/extensions/git/dist/main.js:1:98229)
    at l.fire (/snap/code/17/usr/share/code/resources/app/out/vs/workbench/services/extensions/node/extensionHostProcess.js:50:539)
    at k.updateModelState (/snap/code/17/usr/share/code/resources/app/extensions/git/dist/main.js:1:115917)
> git status -z -u
> git symbolic-ref --short HEAD
> git rev-parse develop_mjohnson
> git rev-parse --symbolic-full-name develop_mjohnson@{u}
> git rev-list --left-right develop_mjohnson...refs/remotes/origin/develop_mjohnson
> git for-each-ref --format %(refname) %(objectname) --sort -committerdate
> git remote --verbose
Failed to watch ref '/home/ghost/maerskline/.git/refs/remotes/origin/develop_mjohnson', is most likely packed.
Error: ENOENT: no such file or directory, watch '/home/ghost/maerskline/.git/refs/remotes/origin/develop_mjohnson'
    at FSWatcher.start (internal/fs/watchers.js:164:26)
    at Object.watch (fs.js:1232:11)
    at Object.t.watch (/snap/code/17/usr/share/code/resources/app/extensions/git/dist/main.js:1:594339)
    at T.updateTransientWatchers (/snap/code/17/usr/share/code/resources/app/extensions/git/dist/main.js:1:98229)
    at l.fire (/snap/code/17/usr/share/code/resources/app/out/vs/workbench/services/extensions/node/extensionHostProcess.js:50:539)
    at k.updateModelState (/snap/code/17/usr/share/code/resources/app/extensions/git/dist/main.js:1:115917)
> git status -z -u
> git symbolic-ref --short HEAD
> git rev-parse develop_mjohnson
> git rev-parse --symbolic-full-name develop_mjohnson@{u}
> git rev-list --left-right develop_mjohnson...refs/remotes/origin/develop_mjohnson
> git for-each-ref --format %(refname) %(objectname) --sort -committerdate
> git remote --verbose
Failed to watch ref '/home/ghost/maerskline/.git/refs/remotes/origin/develop_mjohnson', is most likely packed.
Error: ENOENT: no such file or directory, watch '/home/ghost/maerskline/.git/refs/remotes/origin/develop_mjohnson'
    at FSWatcher.start (internal/fs/watchers.js:164:26)
    at Object.watch (fs.js:1232:11)
    at Object.t.watch (/snap/code/17/usr/share/code/resources/app/extensions/git/dist/main.js:1:594339)
    at T.updateTransientWatchers (/snap/code/17/usr/share/code/resources/app/extensions/git/dist/main.js:1:98229)
    at l.fire (/snap/code/17/usr/share/code/resources/app/out/vs/workbench/services/extensions/node/extensionHostProcess.js:50:539)
    at k.updateModelState (/snap/code/17/usr/share/code/resources/app/extensions/git/dist/main.js:1:115917)
> git status -z -u
> git symbolic-ref --short HEAD
> git rev-parse develop_mjohnson
> git rev-parse --symbolic-full-name develop_mjohnson@{u}
> git rev-list --left-right develop_mjohnson...refs/remotes/origin/develop_mjohnson
> git for-each-ref --format %(refname) %(objectname) --sort -committerdate
> git remote --verbose
Failed to watch ref '/home/ghost/maerskline/.git/refs/remotes/origin/develop_mjohnson', is most likely packed.
Error: ENOENT: no such file or directory, watch '/home/ghost/maerskline/.git/refs/remotes/origin/develop_mjohnson'
    at FSWatcher.start (internal/fs/watchers.js:164:26)
    at Object.watch (fs.js:1232:11)
    at Object.t.watch (/snap/code/17/usr/share/code/resources/app/extensions/git/dist/main.js:1:594339)
    at T.updateTransientWatchers (/snap/code/17/usr/share/code/resources/app/extensions/git/dist/main.js:1:98229)
    at l.fire (/snap/code/17/usr/share/code/resources/app/out/vs/workbench/services/extensions/node/extensionHostProcess.js:50:539)
    at k.updateModelState (/snap/code/17/usr/share/code/resources/app/extensions/git/dist/main.js:1:115917)
> git status -z -u
> git symbolic-ref --short HEAD
> git rev-parse develop_mjohnson
> git rev-parse --symbolic-full-name develop_mjohnson@{u}
> git rev-list --left-right develop_mjohnson...refs/remotes/origin/develop_mjohnson
> git for-each-ref --format %(refname) %(objectname) --sort -committerdate
> git remote --verbose
Failed to watch ref '/home/ghost/maerskline/.git/refs/remotes/origin/develop_mjohnson', is most likely packed.
Error: ENOENT: no such file or directory, watch '/home/ghost/maerskline/.git/refs/remotes/origin/develop_mjohnson'
    at FSWatcher.start (internal/fs/watchers.js:164:26)
    at Object.watch (fs.js:1232:11)
    at Object.t.watch (/snap/code/17/usr/share/code/resources/app/extensions/git/dist/main.js:1:594339)
    at T.updateTransientWatchers (/snap/code/17/usr/share/code/resources/app/extensions/git/dist/main.js:1:98229)
    at l.fire (/snap/code/17/usr/share/code/resources/app/out/vs/workbench/services/extensions/node/extensionHostProcess.js:50:539)
    at k.updateModelState (/snap/code/17/usr/share/code/resources/app/extensions/git/dist/main.js:1:115917)
> git status -z -u
> git symbolic-ref --short HEAD
> git rev-parse develop_mjohnson
> git rev-parse --symbolic-full-name develop_mjohnson@{u}
> git rev-list --left-right develop_mjohnson...refs/remotes/origin/develop_mjohnson
> git for-each-ref --format %(refname) %(objectname) --sort -committerdate
> git remote --verbose
Failed to watch ref '/home/ghost/maerskline/.git/refs/remotes/origin/develop_mjohnson', is most likely packed.
Error: ENOENT: no such file or directory, watch '/home/ghost/maerskline/.git/refs/remotes/origin/develop_mjohnson'
    at FSWatcher.start (internal/fs/watchers.js:164:26)
    at Object.watch (fs.js:1232:11)
    at Object.t.watch (/snap/code/17/usr/share/code/resources/app/extensions/git/dist/main.js:1:594339)
    at T.updateTransientWatchers (/snap/code/17/usr/share/code/resources/app/extensions/git/dist/main.js:1:98229)
    at l.fire (/snap/code/17/usr/share/code/resources/app/out/vs/workbench/services/extensions/node/extensionHostProcess.js:50:539)
    at k.updateModelState (/snap/code/17/usr/share/code/resources/app/extensions/git/dist/main.js:1:115917)
> git status -z -u
> git symbolic-ref --short HEAD
> git rev-parse develop_mjohnson
> git rev-parse --symbolic-full-name develop_mjohnson@{u}
> git rev-list --left-right develop_mjohnson...refs/remotes/origin/develop_mjohnson
> git for-each-ref --format %(refname) %(objectname) --sort -committerdate
> git remote --verbose
Failed to watch ref '/home/ghost/maerskline/.git/refs/remotes/origin/develop_mjohnson', is most likely packed.
Error: ENOENT: no such file or directory, watch '/home/ghost/maerskline/.git/refs/remotes/origin/develop_mjohnson'
    at FSWatcher.start (internal/fs/watchers.js:164:26)
    at Object.watch (fs.js:1232:11)
    at Object.t.watch (/snap/code/17/usr/share/code/resources/app/extensions/git/dist/main.js:1:594339)
    at T.updateTransientWatchers (/snap/code/17/usr/share/code/resources/app/extensions/git/dist/main.js:1:98229)
    at l.fire (/snap/code/17/usr/share/code/resources/app/out/vs/workbench/services/extensions/node/extensionHostProcess.js:50:539)
    at k.updateModelState (/snap/code/17/usr/share/code/resources/app/extensions/git/dist/main.js:1:115917)
> git status -z -u
> git symbolic-ref --short HEAD
> git rev-parse develop_mjohnson
> git rev-parse --symbolic-full-name develop_mjohnson@{u}
> git rev-list --left-right develop_mjohnson...refs/remotes/origin/develop_mjohnson
> git for-each-ref --format %(refname) %(objectname) --sort -committerdate
> git remote --verbose
Failed to watch ref '/home/ghost/maerskline/.git/refs/remotes/origin/develop_mjohnson', is most likely packed.
Error: ENOENT: no such file or directory, watch '/home/ghost/maerskline/.git/refs/remotes/origin/develop_mjohnson'
    at FSWatcher.start (internal/fs/watchers.js:164:26)
    at Object.watch (fs.js:1232:11)
    at Object.t.watch (/snap/code/17/usr/share/code/resources/app/extensions/git/dist/main.js:1:594339)
    at T.updateTransientWatchers (/snap/code/17/usr/share/code/resources/app/extensions/git/dist/main.js:1:98229)
    at l.fire (/snap/code/17/usr/share/code/resources/app/out/vs/workbench/services/extensions/node/extensionHostProcess.js:50:539)
    at k.updateModelState (/snap/code/17/usr/share/code/resources/app/extensions/git/dist/main.js:1:115917)
> git status -z -u
> git symbolic-ref --short HEAD
> git rev-parse develop_mjohnson
> git rev-parse --symbolic-full-name develop_mjohnson@{u}
> git rev-list --left-right develop_mjohnson...refs/remotes/origin/develop_mjohnson
> git for-each-ref --format %(refname) %(objectname) --sort -committerdate
> git remote --verbose
Failed to watch ref '/home/ghost/maerskline/.git/refs/remotes/origin/develop_mjohnson', is most likely packed.
Error: ENOENT: no such file or directory, watch '/home/ghost/maerskline/.git/refs/remotes/origin/develop_mjohnson'
    at FSWatcher.start (internal/fs/watchers.js:164:26)
    at Object.watch (fs.js:1232:11)
    at Object.t.watch (/snap/code/17/usr/share/code/resources/app/extensions/git/dist/main.js:1:594339)
    at T.updateTransientWatchers (/snap/code/17/usr/share/code/resources/app/extensions/git/dist/main.js:1:98229)
    at l.fire (/snap/code/17/usr/share/code/resources/app/out/vs/workbench/services/extensions/node/extensionHostProcess.js:50:539)
    at k.updateModelState (/snap/code/17/usr/share/code/resources/app/extensions/git/dist/main.js:1:115917)
