Watchman:  Watchman was not found in PATH.  See https://facebook.github.io/watchman/docs/install.html for installation instructions
(node:25998) UnhandledPromiseRejectionWarning: TypeError: Reduce of empty array with no initial value
    at Array.reduce (<anonymous>)
    at _callee10$ (/home/ghost/.vscode/extensions/prisma.vscode-graphql-0.2.2/node_modules/graphql-language-service-server/dist/MessageProcessor.js:778:59)
    at tryCatch (/home/ghost/.vscode/extensions/prisma.vscode-graphql-0.2.2/node_modules/regenerator-runtime/runtime.js:65:40)
    at Generator.invoke [as _invoke] (/home/ghost/.vscode/extensions/prisma.vscode-graphql-0.2.2/node_modules/regenerator-runtime/runtime.js:303:22)
    at Generator.prototype.(anonymous function) [as next] (/home/ghost/.vscode/extensions/prisma.vscode-graphql-0.2.2/node_modules/regenerator-runtime/runtime.js:117:21)
    at asyncGeneratorStep (/home/ghost/.vscode/extensions/prisma.vscode-graphql-0.2.2/node_modules/graphql-language-service-server/dist/MessageProcessor.js:45:103)
    at _next (/home/ghost/.vscode/extensions/prisma.vscode-graphql-0.2.2/node_modules/graphql-language-service-server/dist/MessageProcessor.js:47:194)
(node:25998) UnhandledPromiseRejectionWarning: Unhandled promise rejection. This error originated either by throwing inside of an async function without a catch block, or by rejecting a promise which was not handled with .catch(). (rejection id: 1)
(node:25998) [DEP0018] DeprecationWarning: Unhandled promise rejections are deprecated. In the future, promise rejections that are not handled will terminate the Node.js process with a non-zero exit code.
(node:25998) UnhandledPromiseRejectionWarning: TypeError: Reduce of empty array with no initial value
    at Array.reduce (<anonymous>)
    at _callee10$ (/home/ghost/.vscode/extensions/prisma.vscode-graphql-0.2.2/node_modules/graphql-language-service-server/dist/MessageProcessor.js:778:59)
    at tryCatch (/home/ghost/.vscode/extensions/prisma.vscode-graphql-0.2.2/node_modules/regenerator-runtime/runtime.js:65:40)
    at Generator.invoke [as _invoke] (/home/ghost/.vscode/extensions/prisma.vscode-graphql-0.2.2/node_modules/regenerator-runtime/runtime.js:303:22)
    at Generator.prototype.(anonymous function) [as next] (/home/ghost/.vscode/extensions/prisma.vscode-graphql-0.2.2/node_modules/regenerator-runtime/runtime.js:117:21)
    at asyncGeneratorStep (/home/ghost/.vscode/extensions/prisma.vscode-graphql-0.2.2/node_modules/graphql-language-service-server/dist/MessageProcessor.js:45:103)
    at _next (/home/ghost/.vscode/extensions/prisma.vscode-graphql-0.2.2/node_modules/graphql-language-service-server/dist/MessageProcessor.js:47:194)
(node:25998) UnhandledPromiseRejectionWarning: Unhandled promise rejection. This error originated either by throwing inside of an async function without a catch block, or by rejecting a promise which was not handled with .catch(). (rejection id: 2)
(node:25998) UnhandledPromiseRejectionWarning: TypeError: Reduce of empty array with no initial value
    at Array.reduce (<anonymous>)
    at _callee10$ (/home/ghost/.vscode/extensions/prisma.vscode-graphql-0.2.2/node_modules/graphql-language-service-server/dist/MessageProcessor.js:778:59)
    at tryCatch (/home/ghost/.vscode/extensions/prisma.vscode-graphql-0.2.2/node_modules/regenerator-runtime/runtime.js:65:40)
    at Generator.invoke [as _invoke] (/home/ghost/.vscode/extensions/prisma.vscode-graphql-0.2.2/node_modules/regenerator-runtime/runtime.js:303:22)
    at Generator.prototype.(anonymous function) [as next] (/home/ghost/.vscode/extensions/prisma.vscode-graphql-0.2.2/node_modules/regenerator-runtime/runtime.js:117:21)
    at asyncGeneratorStep (/home/ghost/.vscode/extensions/prisma.vscode-graphql-0.2.2/node_modules/graphql-language-service-server/dist/MessageProcessor.js:45:103)
    at _next (/home/ghost/.vscode/extensions/prisma.vscode-graphql-0.2.2/node_modules/graphql-language-service-server/dist/MessageProcessor.js:47:194)
(node:25998) UnhandledPromiseRejectionWarning: Unhandled promise rejection. This error originated either by throwing inside of an async function without a catch block, or by rejecting a promise which was not handled with .catch(). (rejection id: 3)
(node:25998) UnhandledPromiseRejectionWarning: TypeError: Reduce of empty array with no initial value
    at Array.reduce (<anonymous>)
    at _callee10$ (/home/ghost/.vscode/extensions/prisma.vscode-graphql-0.2.2/node_modules/graphql-language-service-server/dist/MessageProcessor.js:778:59)
    at tryCatch (/home/ghost/.vscode/extensions/prisma.vscode-graphql-0.2.2/node_modules/regenerator-runtime/runtime.js:65:40)
    at Generator.invoke [as _invoke] (/home/ghost/.vscode/extensions/prisma.vscode-graphql-0.2.2/node_modules/regenerator-runtime/runtime.js:303:22)
    at Generator.prototype.(anonymous function) [as next] (/home/ghost/.vscode/extensions/prisma.vscode-graphql-0.2.2/node_modules/regenerator-runtime/runtime.js:117:21)
    at asyncGeneratorStep (/home/ghost/.vscode/extensions/prisma.vscode-graphql-0.2.2/node_modules/graphql-language-service-server/dist/MessageProcessor.js:45:103)
    at _next (/home/ghost/.vscode/extensions/prisma.vscode-graphql-0.2.2/node_modules/graphql-language-service-server/dist/MessageProcessor.js:47:194)
(node:25998) UnhandledPromiseRejectionWarning: Unhandled promise rejection. This error originated either by throwing inside of an async function without a catch block, or by rejecting a promise which was not handled with .catch(). (rejection id: 4)
(node:25998) UnhandledPromiseRejectionWarning: TypeError: Reduce of empty array with no initial value
    at Array.reduce (<anonymous>)
    at _callee10$ (/home/ghost/.vscode/extensions/prisma.vscode-graphql-0.2.2/node_modules/graphql-language-service-server/dist/MessageProcessor.js:778:59)
    at tryCatch (/home/ghost/.vscode/extensions/prisma.vscode-graphql-0.2.2/node_modules/regenerator-runtime/runtime.js:65:40)
    at Generator.invoke [as _invoke] (/home/ghost/.vscode/extensions/prisma.vscode-graphql-0.2.2/node_modules/regenerator-runtime/runtime.js:303:22)
    at Generator.prototype.(anonymous function) [as next] (/home/ghost/.vscode/extensions/prisma.vscode-graphql-0.2.2/node_modules/regenerator-runtime/runtime.js:117:21)
    at asyncGeneratorStep (/home/ghost/.vscode/extensions/prisma.vscode-graphql-0.2.2/node_modules/graphql-language-service-server/dist/MessageProcessor.js:45:103)
    at _next (/home/ghost/.vscode/extensions/prisma.vscode-graphql-0.2.2/node_modules/graphql-language-service-server/dist/MessageProcessor.js:47:194)
(node:25998) UnhandledPromiseRejectionWarning: Unhandled promise rejection. This error originated either by throwing inside of an async function without a catch block, or by rejecting a promise which was not handled with .catch(). (rejection id: 5)
(node:25998) UnhandledPromiseRejectionWarning: TypeError: Reduce of empty array with no initial value
    at Array.reduce (<anonymous>)
    at _callee10$ (/home/ghost/.vscode/extensions/prisma.vscode-graphql-0.2.2/node_modules/graphql-language-service-server/dist/MessageProcessor.js:778:59)
    at tryCatch (/home/ghost/.vscode/extensions/prisma.vscode-graphql-0.2.2/node_modules/regenerator-runtime/runtime.js:65:40)
    at Generator.invoke [as _invoke] (/home/ghost/.vscode/extensions/prisma.vscode-graphql-0.2.2/node_modules/regenerator-runtime/runtime.js:303:22)
    at Generator.prototype.(anonymous function) [as next] (/home/ghost/.vscode/extensions/prisma.vscode-graphql-0.2.2/node_modules/regenerator-runtime/runtime.js:117:21)
    at asyncGeneratorStep (/home/ghost/.vscode/extensions/prisma.vscode-graphql-0.2.2/node_modules/graphql-language-service-server/dist/MessageProcessor.js:45:103)
    at _next (/home/ghost/.vscode/extensions/prisma.vscode-graphql-0.2.2/node_modules/graphql-language-service-server/dist/MessageProcessor.js:47:194)
(node:25998) UnhandledPromiseRejectionWarning: Unhandled promise rejection. This error originated either by throwing inside of an async function without a catch block, or by rejecting a promise which was not handled with .catch(). (rejection id: 6)
(node:25998) UnhandledPromiseRejectionWarning: TypeError: Reduce of empty array with no initial value
    at Array.reduce (<anonymous>)
    at _callee10$ (/home/ghost/.vscode/extensions/prisma.vscode-graphql-0.2.2/node_modules/graphql-language-service-server/dist/MessageProcessor.js:778:59)
    at tryCatch (/home/ghost/.vscode/extensions/prisma.vscode-graphql-0.2.2/node_modules/regenerator-runtime/runtime.js:65:40)
    at Generator.invoke [as _invoke] (/home/ghost/.vscode/extensions/prisma.vscode-graphql-0.2.2/node_modules/regenerator-runtime/runtime.js:303:22)
    at Generator.prototype.(anonymous function) [as next] (/home/ghost/.vscode/extensions/prisma.vscode-graphql-0.2.2/node_modules/regenerator-runtime/runtime.js:117:21)
    at asyncGeneratorStep (/home/ghost/.vscode/extensions/prisma.vscode-graphql-0.2.2/node_modules/graphql-language-service-server/dist/MessageProcessor.js:45:103)
    at _next (/home/ghost/.vscode/extensions/prisma.vscode-graphql-0.2.2/node_modules/graphql-language-service-server/dist/MessageProcessor.js:47:194)
(node:25998) UnhandledPromiseRejectionWarning: Unhandled promise rejection. This error originated either by throwing inside of an async function without a catch block, or by rejecting a promise which was not handled with .catch(). (rejection id: 7)
(node:25998) UnhandledPromiseRejectionWarning: TypeError: Reduce of empty array with no initial value
    at Array.reduce (<anonymous>)
    at _callee10$ (/home/ghost/.vscode/extensions/prisma.vscode-graphql-0.2.2/node_modules/graphql-language-service-server/dist/MessageProcessor.js:778:59)
    at tryCatch (/home/ghost/.vscode/extensions/prisma.vscode-graphql-0.2.2/node_modules/regenerator-runtime/runtime.js:65:40)
    at Generator.invoke [as _invoke] (/home/ghost/.vscode/extensions/prisma.vscode-graphql-0.2.2/node_modules/regenerator-runtime/runtime.js:303:22)
    at Generator.prototype.(anonymous function) [as next] (/home/ghost/.vscode/extensions/prisma.vscode-graphql-0.2.2/node_modules/regenerator-runtime/runtime.js:117:21)
    at asyncGeneratorStep (/home/ghost/.vscode/extensions/prisma.vscode-graphql-0.2.2/node_modules/graphql-language-service-server/dist/MessageProcessor.js:45:103)
    at _next (/home/ghost/.vscode/extensions/prisma.vscode-graphql-0.2.2/node_modules/graphql-language-service-server/dist/MessageProcessor.js:47:194)
(node:25998) UnhandledPromiseRejectionWarning: Unhandled promise rejection. This error originated either by throwing inside of an async function without a catch block, or by rejecting a promise which was not handled with .catch(). (rejection id: 8)
(node:25998) UnhandledPromiseRejectionWarning: TypeError: Reduce of empty array with no initial value
    at Array.reduce (<anonymous>)
    at _callee10$ (/home/ghost/.vscode/extensions/prisma.vscode-graphql-0.2.2/node_modules/graphql-language-service-server/dist/MessageProcessor.js:778:59)
    at tryCatch (/home/ghost/.vscode/extensions/prisma.vscode-graphql-0.2.2/node_modules/regenerator-runtime/runtime.js:65:40)
    at Generator.invoke [as _invoke] (/home/ghost/.vscode/extensions/prisma.vscode-graphql-0.2.2/node_modules/regenerator-runtime/runtime.js:303:22)
    at Generator.prototype.(anonymous function) [as next] (/home/ghost/.vscode/extensions/prisma.vscode-graphql-0.2.2/node_modules/regenerator-runtime/runtime.js:117:21)
    at asyncGeneratorStep (/home/ghost/.vscode/extensions/prisma.vscode-graphql-0.2.2/node_modules/graphql-language-service-server/dist/MessageProcessor.js:45:103)
    at _next (/home/ghost/.vscode/extensions/prisma.vscode-graphql-0.2.2/node_modules/graphql-language-service-server/dist/MessageProcessor.js:47:194)
(node:25998) UnhandledPromiseRejectionWarning: Unhandled promise rejection. This error originated either by throwing inside of an async function without a catch block, or by rejecting a promise which was not handled with .catch(). (rejection id: 9)
(node:25998) UnhandledPromiseRejectionWarning: TypeError: Reduce of empty array with no initial value
    at Array.reduce (<anonymous>)
    at _callee10$ (/home/ghost/.vscode/extensions/prisma.vscode-graphql-0.2.2/node_modules/graphql-language-service-server/dist/MessageProcessor.js:778:59)
    at tryCatch (/home/ghost/.vscode/extensions/prisma.vscode-graphql-0.2.2/node_modules/regenerator-runtime/runtime.js:65:40)
    at Generator.invoke [as _invoke] (/home/ghost/.vscode/extensions/prisma.vscode-graphql-0.2.2/node_modules/regenerator-runtime/runtime.js:303:22)
    at Generator.prototype.(anonymous function) [as next] (/home/ghost/.vscode/extensions/prisma.vscode-graphql-0.2.2/node_modules/regenerator-runtime/runtime.js:117:21)
    at asyncGeneratorStep (/home/ghost/.vscode/extensions/prisma.vscode-graphql-0.2.2/node_modules/graphql-language-service-server/dist/MessageProcessor.js:45:103)
    at _next (/home/ghost/.vscode/extensions/prisma.vscode-graphql-0.2.2/node_modules/graphql-language-service-server/dist/MessageProcessor.js:47:194)
(node:25998) UnhandledPromiseRejectionWarning: Unhandled promise rejection. This error originated either by throwing inside of an async function without a catch block, or by rejecting a promise which was not handled with .catch(). (rejection id: 10)
(node:25998) UnhandledPromiseRejectionWarning: TypeError: Reduce of empty array with no initial value
    at Array.reduce (<anonymous>)
    at _callee10$ (/home/ghost/.vscode/extensions/prisma.vscode-graphql-0.2.2/node_modules/graphql-language-service-server/dist/MessageProcessor.js:778:59)
    at tryCatch (/home/ghost/.vscode/extensions/prisma.vscode-graphql-0.2.2/node_modules/regenerator-runtime/runtime.js:65:40)
    at Generator.invoke [as _invoke] (/home/ghost/.vscode/extensions/prisma.vscode-graphql-0.2.2/node_modules/regenerator-runtime/runtime.js:303:22)
    at Generator.prototype.(anonymous function) [as next] (/home/ghost/.vscode/extensions/prisma.vscode-graphql-0.2.2/node_modules/regenerator-runtime/runtime.js:117:21)
    at asyncGeneratorStep (/home/ghost/.vscode/extensions/prisma.vscode-graphql-0.2.2/node_modules/graphql-language-service-server/dist/MessageProcessor.js:45:103)
    at _next (/home/ghost/.vscode/extensions/prisma.vscode-graphql-0.2.2/node_modules/graphql-language-service-server/dist/MessageProcessor.js:47:194)
(node:25998) UnhandledPromiseRejectionWarning: Unhandled promise rejection. This error originated either by throwing inside of an async function without a catch block, or by rejecting a promise which was not handled with .catch(). (rejection id: 11)
(node:25998) UnhandledPromiseRejectionWarning: TypeError: Reduce of empty array with no initial value
    at Array.reduce (<anonymous>)
    at _callee10$ (/home/ghost/.vscode/extensions/prisma.vscode-graphql-0.2.2/node_modules/graphql-language-service-server/dist/MessageProcessor.js:778:59)
    at tryCatch (/home/ghost/.vscode/extensions/prisma.vscode-graphql-0.2.2/node_modules/regenerator-runtime/runtime.js:65:40)
    at Generator.invoke [as _invoke] (/home/ghost/.vscode/extensions/prisma.vscode-graphql-0.2.2/node_modules/regenerator-runtime/runtime.js:303:22)
    at Generator.prototype.(anonymous function) [as next] (/home/ghost/.vscode/extensions/prisma.vscode-graphql-0.2.2/node_modules/regenerator-runtime/runtime.js:117:21)
    at asyncGeneratorStep (/home/ghost/.vscode/extensions/prisma.vscode-graphql-0.2.2/node_modules/graphql-language-service-server/dist/MessageProcessor.js:45:103)
    at _next (/home/ghost/.vscode/extensions/prisma.vscode-graphql-0.2.2/node_modules/graphql-language-service-server/dist/MessageProcessor.js:47:194)
(node:25998) UnhandledPromiseRejectionWarning: Unhandled promise rejection. This error originated either by throwing inside of an async function without a catch block, or by rejecting a promise which was not handled with .catch(). (rejection id: 12)
(node:25998) UnhandledPromiseRejectionWarning: TypeError: Reduce of empty array with no initial value
    at Array.reduce (<anonymous>)
    at _callee10$ (/home/ghost/.vscode/extensions/prisma.vscode-graphql-0.2.2/node_modules/graphql-language-service-server/dist/MessageProcessor.js:778:59)
    at tryCatch (/home/ghost/.vscode/extensions/prisma.vscode-graphql-0.2.2/node_modules/regenerator-runtime/runtime.js:65:40)
    at Generator.invoke [as _invoke] (/home/ghost/.vscode/extensions/prisma.vscode-graphql-0.2.2/node_modules/regenerator-runtime/runtime.js:303:22)
    at Generator.prototype.(anonymous function) [as next] (/home/ghost/.vscode/extensions/prisma.vscode-graphql-0.2.2/node_modules/regenerator-runtime/runtime.js:117:21)
    at asyncGeneratorStep (/home/ghost/.vscode/extensions/prisma.vscode-graphql-0.2.2/node_modules/graphql-language-service-server/dist/MessageProcessor.js:45:103)
    at _next (/home/ghost/.vscode/extensions/prisma.vscode-graphql-0.2.2/node_modules/graphql-language-service-server/dist/MessageProcessor.js:47:194)
(node:25998) UnhandledPromiseRejectionWarning: Unhandled promise rejection. This error originated either by throwing inside of an async function without a catch block, or by rejecting a promise which was not handled with .catch(). (rejection id: 13)
(node:25998) UnhandledPromiseRejectionWarning: TypeError: Reduce of empty array with no initial value
    at Array.reduce (<anonymous>)
    at _callee10$ (/home/ghost/.vscode/extensions/prisma.vscode-graphql-0.2.2/node_modules/graphql-language-service-server/dist/MessageProcessor.js:778:59)
    at tryCatch (/home/ghost/.vscode/extensions/prisma.vscode-graphql-0.2.2/node_modules/regenerator-runtime/runtime.js:65:40)
    at Generator.invoke [as _invoke] (/home/ghost/.vscode/extensions/prisma.vscode-graphql-0.2.2/node_modules/regenerator-runtime/runtime.js:303:22)
    at Generator.prototype.(anonymous function) [as next] (/home/ghost/.vscode/extensions/prisma.vscode-graphql-0.2.2/node_modules/regenerator-runtime/runtime.js:117:21)
    at asyncGeneratorStep (/home/ghost/.vscode/extensions/prisma.vscode-graphql-0.2.2/node_modules/graphql-language-service-server/dist/MessageProcessor.js:45:103)
    at _next (/home/ghost/.vscode/extensions/prisma.vscode-graphql-0.2.2/node_modules/graphql-language-service-server/dist/MessageProcessor.js:47:194)
(node:25998) UnhandledPromiseRejectionWarning: Unhandled promise rejection. This error originated either by throwing inside of an async function without a catch block, or by rejecting a promise which was not handled with .catch(). (rejection id: 14)
(node:25998) UnhandledPromiseRejectionWarning: TypeError: Reduce of empty array with no initial value
    at Array.reduce (<anonymous>)
    at _callee10$ (/home/ghost/.vscode/extensions/prisma.vscode-graphql-0.2.2/node_modules/graphql-language-service-server/dist/MessageProcessor.js:778:59)
    at tryCatch (/home/ghost/.vscode/extensions/prisma.vscode-graphql-0.2.2/node_modules/regenerator-runtime/runtime.js:65:40)
    at Generator.invoke [as _invoke] (/home/ghost/.vscode/extensions/prisma.vscode-graphql-0.2.2/node_modules/regenerator-runtime/runtime.js:303:22)
    at Generator.prototype.(anonymous function) [as next] (/home/ghost/.vscode/extensions/prisma.vscode-graphql-0.2.2/node_modules/regenerator-runtime/runtime.js:117:21)
    at asyncGeneratorStep (/home/ghost/.vscode/extensions/prisma.vscode-graphql-0.2.2/node_modules/graphql-language-service-server/dist/MessageProcessor.js:45:103)
    at _next (/home/ghost/.vscode/extensions/prisma.vscode-graphql-0.2.2/node_modules/graphql-language-service-server/dist/MessageProcessor.js:47:194)
(node:25998) UnhandledPromiseRejectionWarning: Unhandled promise rejection. This error originated either by throwing inside of an async function without a catch block, or by rejecting a promise which was not handled with .catch(). (rejection id: 15)
(node:25998) UnhandledPromiseRejectionWarning: TypeError: Reduce of empty array with no initial value
    at Array.reduce (<anonymous>)
    at _callee10$ (/home/ghost/.vscode/extensions/prisma.vscode-graphql-0.2.2/node_modules/graphql-language-service-server/dist/MessageProcessor.js:778:59)
    at tryCatch (/home/ghost/.vscode/extensions/prisma.vscode-graphql-0.2.2/node_modules/regenerator-runtime/runtime.js:65:40)
    at Generator.invoke [as _invoke] (/home/ghost/.vscode/extensions/prisma.vscode-graphql-0.2.2/node_modules/regenerator-runtime/runtime.js:303:22)
    at Generator.prototype.(anonymous function) [as next] (/home/ghost/.vscode/extensions/prisma.vscode-graphql-0.2.2/node_modules/regenerator-runtime/runtime.js:117:21)
    at asyncGeneratorStep (/home/ghost/.vscode/extensions/prisma.vscode-graphql-0.2.2/node_modules/graphql-language-service-server/dist/MessageProcessor.js:45:103)
    at _next (/home/ghost/.vscode/extensions/prisma.vscode-graphql-0.2.2/node_modules/graphql-language-service-server/dist/MessageProcessor.js:47:194)
(node:25998) UnhandledPromiseRejectionWarning: Unhandled promise rejection. This error originated either by throwing inside of an async function without a catch block, or by rejecting a promise which was not handled with .catch(). (rejection id: 16)
(node:25998) UnhandledPromiseRejectionWarning: TypeError: Reduce of empty array with no initial value
    at Array.reduce (<anonymous>)
    at _callee10$ (/home/ghost/.vscode/extensions/prisma.vscode-graphql-0.2.2/node_modules/graphql-language-service-server/dist/MessageProcessor.js:778:59)
    at tryCatch (/home/ghost/.vscode/extensions/prisma.vscode-graphql-0.2.2/node_modules/regenerator-runtime/runtime.js:65:40)
    at Generator.invoke [as _invoke] (/home/ghost/.vscode/extensions/prisma.vscode-graphql-0.2.2/node_modules/regenerator-runtime/runtime.js:303:22)
    at Generator.prototype.(anonymous function) [as next] (/home/ghost/.vscode/extensions/prisma.vscode-graphql-0.2.2/node_modules/regenerator-runtime/runtime.js:117:21)
    at asyncGeneratorStep (/home/ghost/.vscode/extensions/prisma.vscode-graphql-0.2.2/node_modules/graphql-language-service-server/dist/MessageProcessor.js:45:103)
    at _next (/home/ghost/.vscode/extensions/prisma.vscode-graphql-0.2.2/node_modules/graphql-language-service-server/dist/MessageProcessor.js:47:194)
(node:25998) UnhandledPromiseRejectionWarning: Unhandled promise rejection. This error originated either by throwing inside of an async function without a catch block, or by rejecting a promise which was not handled with .catch(). (rejection id: 17)
(node:25998) UnhandledPromiseRejectionWarning: TypeError: Reduce of empty array with no initial value
    at Array.reduce (<anonymous>)
    at _callee10$ (/home/ghost/.vscode/extensions/prisma.vscode-graphql-0.2.2/node_modules/graphql-language-service-server/dist/MessageProcessor.js:778:59)
    at tryCatch (/home/ghost/.vscode/extensions/prisma.vscode-graphql-0.2.2/node_modules/regenerator-runtime/runtime.js:65:40)
    at Generator.invoke [as _invoke] (/home/ghost/.vscode/extensions/prisma.vscode-graphql-0.2.2/node_modules/regenerator-runtime/runtime.js:303:22)
    at Generator.prototype.(anonymous function) [as next] (/home/ghost/.vscode/extensions/prisma.vscode-graphql-0.2.2/node_modules/regenerator-runtime/runtime.js:117:21)
    at asyncGeneratorStep (/home/ghost/.vscode/extensions/prisma.vscode-graphql-0.2.2/node_modules/graphql-language-service-server/dist/MessageProcessor.js:45:103)
    at _next (/home/ghost/.vscode/extensions/prisma.vscode-graphql-0.2.2/node_modules/graphql-language-service-server/dist/MessageProcessor.js:47:194)
(node:25998) UnhandledPromiseRejectionWarning: Unhandled promise rejection. This error originated either by throwing inside of an async function without a catch block, or by rejecting a promise which was not handled with .catch(). (rejection id: 18)
(node:25998) UnhandledPromiseRejectionWarning: TypeError: Reduce of empty array with no initial value
    at Array.reduce (<anonymous>)
    at _callee10$ (/home/ghost/.vscode/extensions/prisma.vscode-graphql-0.2.2/node_modules/graphql-language-service-server/dist/MessageProcessor.js:778:59)
    at tryCatch (/home/ghost/.vscode/extensions/prisma.vscode-graphql-0.2.2/node_modules/regenerator-runtime/runtime.js:65:40)
    at Generator.invoke [as _invoke] (/home/ghost/.vscode/extensions/prisma.vscode-graphql-0.2.2/node_modules/regenerator-runtime/runtime.js:303:22)
    at Generator.prototype.(anonymous function) [as next] (/home/ghost/.vscode/extensions/prisma.vscode-graphql-0.2.2/node_modules/regenerator-runtime/runtime.js:117:21)
    at asyncGeneratorStep (/home/ghost/.vscode/extensions/prisma.vscode-graphql-0.2.2/node_modules/graphql-language-service-server/dist/MessageProcessor.js:45:103)
    at _next (/home/ghost/.vscode/extensions/prisma.vscode-graphql-0.2.2/node_modules/graphql-language-service-server/dist/MessageProcessor.js:47:194)
(node:25998) UnhandledPromiseRejectionWarning: Unhandled promise rejection. This error originated either by throwing inside of an async function without a catch block, or by rejecting a promise which was not handled with .catch(). (rejection id: 19)
(node:25998) UnhandledPromiseRejectionWarning: TypeError: Reduce of empty array with no initial value
    at Array.reduce (<anonymous>)
    at _callee10$ (/home/ghost/.vscode/extensions/prisma.vscode-graphql-0.2.2/node_modules/graphql-language-service-server/dist/MessageProcessor.js:778:59)
    at tryCatch (/home/ghost/.vscode/extensions/prisma.vscode-graphql-0.2.2/node_modules/regenerator-runtime/runtime.js:65:40)
    at Generator.invoke [as _invoke] (/home/ghost/.vscode/extensions/prisma.vscode-graphql-0.2.2/node_modules/regenerator-runtime/runtime.js:303:22)
    at Generator.prototype.(anonymous function) [as next] (/home/ghost/.vscode/extensions/prisma.vscode-graphql-0.2.2/node_modules/regenerator-runtime/runtime.js:117:21)
    at asyncGeneratorStep (/home/ghost/.vscode/extensions/prisma.vscode-graphql-0.2.2/node_modules/graphql-language-service-server/dist/MessageProcessor.js:45:103)
    at _next (/home/ghost/.vscode/extensions/prisma.vscode-graphql-0.2.2/node_modules/graphql-language-service-server/dist/MessageProcessor.js:47:194)
(node:25998) UnhandledPromiseRejectionWarning: Unhandled promise rejection. This error originated either by throwing inside of an async function without a catch block, or by rejecting a promise which was not handled with .catch(). (rejection id: 20)
(node:25998) UnhandledPromiseRejectionWarning: TypeError: Reduce of empty array with no initial value
    at Array.reduce (<anonymous>)
    at _callee10$ (/home/ghost/.vscode/extensions/prisma.vscode-graphql-0.2.2/node_modules/graphql-language-service-server/dist/MessageProcessor.js:778:59)
    at tryCatch (/home/ghost/.vscode/extensions/prisma.vscode-graphql-0.2.2/node_modules/regenerator-runtime/runtime.js:65:40)
    at Generator.invoke [as _invoke] (/home/ghost/.vscode/extensions/prisma.vscode-graphql-0.2.2/node_modules/regenerator-runtime/runtime.js:303:22)
    at Generator.prototype.(anonymous function) [as next] (/home/ghost/.vscode/extensions/prisma.vscode-graphql-0.2.2/node_modules/regenerator-runtime/runtime.js:117:21)
    at asyncGeneratorStep (/home/ghost/.vscode/extensions/prisma.vscode-graphql-0.2.2/node_modules/graphql-language-service-server/dist/MessageProcessor.js:45:103)
    at _next (/home/ghost/.vscode/extensions/prisma.vscode-graphql-0.2.2/node_modules/graphql-language-service-server/dist/MessageProcessor.js:47:194)
(node:25998) UnhandledPromiseRejectionWarning: Unhandled promise rejection. This error originated either by throwing inside of an async function without a catch block, or by rejecting a promise which was not handled with .catch(). (rejection id: 21)
(node:25998) UnhandledPromiseRejectionWarning: TypeError: Reduce of empty array with no initial value
    at Array.reduce (<anonymous>)
    at _callee10$ (/home/ghost/.vscode/extensions/prisma.vscode-graphql-0.2.2/node_modules/graphql-language-service-server/dist/MessageProcessor.js:778:59)
    at tryCatch (/home/ghost/.vscode/extensions/prisma.vscode-graphql-0.2.2/node_modules/regenerator-runtime/runtime.js:65:40)
    at Generator.invoke [as _invoke] (/home/ghost/.vscode/extensions/prisma.vscode-graphql-0.2.2/node_modules/regenerator-runtime/runtime.js:303:22)
    at Generator.prototype.(anonymous function) [as next] (/home/ghost/.vscode/extensions/prisma.vscode-graphql-0.2.2/node_modules/regenerator-runtime/runtime.js:117:21)
    at asyncGeneratorStep (/home/ghost/.vscode/extensions/prisma.vscode-graphql-0.2.2/node_modules/graphql-language-service-server/dist/MessageProcessor.js:45:103)
    at _next (/home/ghost/.vscode/extensions/prisma.vscode-graphql-0.2.2/node_modules/graphql-language-service-server/dist/MessageProcessor.js:47:194)
(node:25998) UnhandledPromiseRejectionWarning: Unhandled promise rejection. This error originated either by throwing inside of an async function without a catch block, or by rejecting a promise which was not handled with .catch(). (rejection id: 22)
(node:25998) UnhandledPromiseRejectionWarning: TypeError: Reduce of empty array with no initial value
    at Array.reduce (<anonymous>)
    at _callee10$ (/home/ghost/.vscode/extensions/prisma.vscode-graphql-0.2.2/node_modules/graphql-language-service-server/dist/MessageProcessor.js:778:59)
    at tryCatch (/home/ghost/.vscode/extensions/prisma.vscode-graphql-0.2.2/node_modules/regenerator-runtime/runtime.js:65:40)
    at Generator.invoke [as _invoke] (/home/ghost/.vscode/extensions/prisma.vscode-graphql-0.2.2/node_modules/regenerator-runtime/runtime.js:303:22)
    at Generator.prototype.(anonymous function) [as next] (/home/ghost/.vscode/extensions/prisma.vscode-graphql-0.2.2/node_modules/regenerator-runtime/runtime.js:117:21)
    at asyncGeneratorStep (/home/ghost/.vscode/extensions/prisma.vscode-graphql-0.2.2/node_modules/graphql-language-service-server/dist/MessageProcessor.js:45:103)
    at _next (/home/ghost/.vscode/extensions/prisma.vscode-graphql-0.2.2/node_modules/graphql-language-service-server/dist/MessageProcessor.js:47:194)
(node:25998) UnhandledPromiseRejectionWarning: Unhandled promise rejection. This error originated either by throwing inside of an async function without a catch block, or by rejecting a promise which was not handled with .catch(). (rejection id: 23)
(node:25998) UnhandledPromiseRejectionWarning: TypeError: Reduce of empty array with no initial value
    at Array.reduce (<anonymous>)
    at _callee10$ (/home/ghost/.vscode/extensions/prisma.vscode-graphql-0.2.2/node_modules/graphql-language-service-server/dist/MessageProcessor.js:778:59)
    at tryCatch (/home/ghost/.vscode/extensions/prisma.vscode-graphql-0.2.2/node_modules/regenerator-runtime/runtime.js:65:40)
    at Generator.invoke [as _invoke] (/home/ghost/.vscode/extensions/prisma.vscode-graphql-0.2.2/node_modules/regenerator-runtime/runtime.js:303:22)
    at Generator.prototype.(anonymous function) [as next] (/home/ghost/.vscode/extensions/prisma.vscode-graphql-0.2.2/node_modules/regenerator-runtime/runtime.js:117:21)
    at asyncGeneratorStep (/home/ghost/.vscode/extensions/prisma.vscode-graphql-0.2.2/node_modules/graphql-language-service-server/dist/MessageProcessor.js:45:103)
    at _next (/home/ghost/.vscode/extensions/prisma.vscode-graphql-0.2.2/node_modules/graphql-language-service-server/dist/MessageProcessor.js:47:194)
(node:25998) UnhandledPromiseRejectionWarning: Unhandled promise rejection. This error originated either by throwing inside of an async function without a catch block, or by rejecting a promise which was not handled with .catch(). (rejection id: 24)
(node:25998) UnhandledPromiseRejectionWarning: TypeError: Reduce of empty array with no initial value
    at Array.reduce (<anonymous>)
    at _callee10$ (/home/ghost/.vscode/extensions/prisma.vscode-graphql-0.2.2/node_modules/graphql-language-service-server/dist/MessageProcessor.js:778:59)
    at tryCatch (/home/ghost/.vscode/extensions/prisma.vscode-graphql-0.2.2/node_modules/regenerator-runtime/runtime.js:65:40)
    at Generator.invoke [as _invoke] (/home/ghost/.vscode/extensions/prisma.vscode-graphql-0.2.2/node_modules/regenerator-runtime/runtime.js:303:22)
    at Generator.prototype.(anonymous function) [as next] (/home/ghost/.vscode/extensions/prisma.vscode-graphql-0.2.2/node_modules/regenerator-runtime/runtime.js:117:21)
    at asyncGeneratorStep (/home/ghost/.vscode/extensions/prisma.vscode-graphql-0.2.2/node_modules/graphql-language-service-server/dist/MessageProcessor.js:45:103)
    at _next (/home/ghost/.vscode/extensions/prisma.vscode-graphql-0.2.2/node_modules/graphql-language-service-server/dist/MessageProcessor.js:47:194)
(node:25998) UnhandledPromiseRejectionWarning: Unhandled promise rejection. This error originated either by throwing inside of an async function without a catch block, or by rejecting a promise which was not handled with .catch(). (rejection id: 25)
(node:25998) UnhandledPromiseRejectionWarning: TypeError: Reduce of empty array with no initial value
    at Array.reduce (<anonymous>)
    at _callee10$ (/home/ghost/.vscode/extensions/prisma.vscode-graphql-0.2.2/node_modules/graphql-language-service-server/dist/MessageProcessor.js:778:59)
    at tryCatch (/home/ghost/.vscode/extensions/prisma.vscode-graphql-0.2.2/node_modules/regenerator-runtime/runtime.js:65:40)
    at Generator.invoke [as _invoke] (/home/ghost/.vscode/extensions/prisma.vscode-graphql-0.2.2/node_modules/regenerator-runtime/runtime.js:303:22)
    at Generator.prototype.(anonymous function) [as next] (/home/ghost/.vscode/extensions/prisma.vscode-graphql-0.2.2/node_modules/regenerator-runtime/runtime.js:117:21)
    at asyncGeneratorStep (/home/ghost/.vscode/extensions/prisma.vscode-graphql-0.2.2/node_modules/graphql-language-service-server/dist/MessageProcessor.js:45:103)
    at _next (/home/ghost/.vscode/extensions/prisma.vscode-graphql-0.2.2/node_modules/graphql-language-service-server/dist/MessageProcessor.js:47:194)
(node:25998) UnhandledPromiseRejectionWarning: Unhandled promise rejection. This error originated either by throwing inside of an async function without a catch block, or by rejecting a promise which was not handled with .catch(). (rejection id: 26)
(node:25998) UnhandledPromiseRejectionWarning: TypeError: Reduce of empty array with no initial value
    at Array.reduce (<anonymous>)
    at _callee10$ (/home/ghost/.vscode/extensions/prisma.vscode-graphql-0.2.2/node_modules/graphql-language-service-server/dist/MessageProcessor.js:778:59)
    at tryCatch (/home/ghost/.vscode/extensions/prisma.vscode-graphql-0.2.2/node_modules/regenerator-runtime/runtime.js:65:40)
    at Generator.invoke [as _invoke] (/home/ghost/.vscode/extensions/prisma.vscode-graphql-0.2.2/node_modules/regenerator-runtime/runtime.js:303:22)
    at Generator.prototype.(anonymous function) [as next] (/home/ghost/.vscode/extensions/prisma.vscode-graphql-0.2.2/node_modules/regenerator-runtime/runtime.js:117:21)
    at asyncGeneratorStep (/home/ghost/.vscode/extensions/prisma.vscode-graphql-0.2.2/node_modules/graphql-language-service-server/dist/MessageProcessor.js:45:103)
    at _next (/home/ghost/.vscode/extensions/prisma.vscode-graphql-0.2.2/node_modules/graphql-language-service-server/dist/MessageProcessor.js:47:194)
(node:25998) UnhandledPromiseRejectionWarning: Unhandled promise rejection. This error originated either by throwing inside of an async function without a catch block, or by rejecting a promise which was not handled with .catch(). (rejection id: 27)
(node:25998) UnhandledPromiseRejectionWarning: TypeError: Reduce of empty array with no initial value
    at Array.reduce (<anonymous>)
    at _callee10$ (/home/ghost/.vscode/extensions/prisma.vscode-graphql-0.2.2/node_modules/graphql-language-service-server/dist/MessageProcessor.js:778:59)
    at tryCatch (/home/ghost/.vscode/extensions/prisma.vscode-graphql-0.2.2/node_modules/regenerator-runtime/runtime.js:65:40)
    at Generator.invoke [as _invoke] (/home/ghost/.vscode/extensions/prisma.vscode-graphql-0.2.2/node_modules/regenerator-runtime/runtime.js:303:22)
    at Generator.prototype.(anonymous function) [as next] (/home/ghost/.vscode/extensions/prisma.vscode-graphql-0.2.2/node_modules/regenerator-runtime/runtime.js:117:21)
    at asyncGeneratorStep (/home/ghost/.vscode/extensions/prisma.vscode-graphql-0.2.2/node_modules/graphql-language-service-server/dist/MessageProcessor.js:45:103)
    at _next (/home/ghost/.vscode/extensions/prisma.vscode-graphql-0.2.2/node_modules/graphql-language-service-server/dist/MessageProcessor.js:47:194)
(node:25998) UnhandledPromiseRejectionWarning: Unhandled promise rejection. This error originated either by throwing inside of an async function without a catch block, or by rejecting a promise which was not handled with .catch(). (rejection id: 28)
(node:25998) UnhandledPromiseRejectionWarning: TypeError: Reduce of empty array with no initial value
    at Array.reduce (<anonymous>)
    at _callee10$ (/home/ghost/.vscode/extensions/prisma.vscode-graphql-0.2.2/node_modules/graphql-language-service-server/dist/MessageProcessor.js:778:59)
    at tryCatch (/home/ghost/.vscode/extensions/prisma.vscode-graphql-0.2.2/node_modules/regenerator-runtime/runtime.js:65:40)
    at Generator.invoke [as _invoke] (/home/ghost/.vscode/extensions/prisma.vscode-graphql-0.2.2/node_modules/regenerator-runtime/runtime.js:303:22)
    at Generator.prototype.(anonymous function) [as next] (/home/ghost/.vscode/extensions/prisma.vscode-graphql-0.2.2/node_modules/regenerator-runtime/runtime.js:117:21)
    at asyncGeneratorStep (/home/ghost/.vscode/extensions/prisma.vscode-graphql-0.2.2/node_modules/graphql-language-service-server/dist/MessageProcessor.js:45:103)
    at _next (/home/ghost/.vscode/extensions/prisma.vscode-graphql-0.2.2/node_modules/graphql-language-service-server/dist/MessageProcessor.js:47:194)
(node:25998) UnhandledPromiseRejectionWarning: Unhandled promise rejection. This error originated either by throwing inside of an async function without a catch block, or by rejecting a promise which was not handled with .catch(). (rejection id: 29)
(node:25998) UnhandledPromiseRejectionWarning: TypeError: Reduce of empty array with no initial value
    at Array.reduce (<anonymous>)
    at _callee10$ (/home/ghost/.vscode/extensions/prisma.vscode-graphql-0.2.2/node_modules/graphql-language-service-server/dist/MessageProcessor.js:778:59)
    at tryCatch (/home/ghost/.vscode/extensions/prisma.vscode-graphql-0.2.2/node_modules/regenerator-runtime/runtime.js:65:40)
    at Generator.invoke [as _invoke] (/home/ghost/.vscode/extensions/prisma.vscode-graphql-0.2.2/node_modules/regenerator-runtime/runtime.js:303:22)
    at Generator.prototype.(anonymous function) [as next] (/home/ghost/.vscode/extensions/prisma.vscode-graphql-0.2.2/node_modules/regenerator-runtime/runtime.js:117:21)
    at asyncGeneratorStep (/home/ghost/.vscode/extensions/prisma.vscode-graphql-0.2.2/node_modules/graphql-language-service-server/dist/MessageProcessor.js:45:103)
    at _next (/home/ghost/.vscode/extensions/prisma.vscode-graphql-0.2.2/node_modules/graphql-language-service-server/dist/MessageProcessor.js:47:194)
(node:25998) UnhandledPromiseRejectionWarning: Unhandled promise rejection. This error originated either by throwing inside of an async function without a catch block, or by rejecting a promise which was not handled with .catch(). (rejection id: 30)
[Info  - 18:27:51] The graphql server has stopped running
