[2019-10-12 16:47:32.754] [exthost] [info] extension host started
[2019-10-12 16:47:33.712] [exthost] [info] ExtensionService#_doActivateExtension aaron-bond.better-comments {"startup":false,"extensionId":{"value":"aaron-bond.better-comments","_lower":"aaron-bond.better-comments"},"activationEvent":"onLanguage:plaintext"}
[2019-10-12 16:47:33.727] [exthost] [info] ExtensionService#loadCommonJSModule file:///home/ghost/.vscode/extensions/aaron-bond.better-comments-2.0.5/out/extension
[2019-10-12 16:47:33.793] [exthost] [info] ExtensionService#_doActivateExtension pucelle.vscode-css-navigation {"startup":false,"extensionId":{"value":"pucelle.vscode-css-navigation","_lower":"pucelle.vscode-css-navigation"},"activationEvent":"onLanguage:plaintext"}
[2019-10-12 16:47:33.797] [exthost] [info] ExtensionService#loadCommonJSModule file:///home/ghost/.vscode/extensions/pucelle.vscode-css-navigation-1.7.2/client/out/extension
[2019-10-12 16:47:34.538] [exthost] [info] ExtensionService#_doActivateExtension vscode.debug-auto-launch {"startup":true,"extensionId":{"value":"vscode.debug-auto-launch","_lower":"vscode.debug-auto-launch"},"activationEvent":"*"}
[2019-10-12 16:47:34.538] [exthost] [info] ExtensionService#loadCommonJSModule file:///snap/code/17/usr/share/code/resources/app/extensions/debug-auto-launch/dist/extension
[2019-10-12 16:47:34.593] [exthost] [info] ExtensionService#_doActivateExtension vscode.emmet {"startup":true,"extensionId":{"value":"vscode.emmet","_lower":"vscode.emmet"},"activationEvent":"*"}
[2019-10-12 16:47:34.601] [exthost] [info] ExtensionService#loadCommonJSModule file:///snap/code/17/usr/share/code/resources/app/extensions/emmet/dist/extension
[2019-10-12 16:47:35.440] [exthost] [info] ExtensionService#_doActivateExtension vscode.git {"startup":true,"extensionId":{"value":"vscode.git","_lower":"vscode.git"},"activationEvent":"*"}
[2019-10-12 16:47:35.441] [exthost] [info] ExtensionService#loadCommonJSModule file:///snap/code/17/usr/share/code/resources/app/extensions/git/dist/main
[2019-10-12 16:47:37.290] [exthost] [info] ExtensionService#_doActivateExtension vscode.merge-conflict {"startup":true,"extensionId":{"value":"vscode.merge-conflict","_lower":"vscode.merge-conflict"},"activationEvent":"*"}
[2019-10-12 16:47:37.290] [exthost] [info] ExtensionService#loadCommonJSModule file:///snap/code/17/usr/share/code/resources/app/extensions/merge-conflict/dist/extension
[2019-10-12 16:47:37.357] [exthost] [info] ExtensionService#_doActivateExtension bajdzis.vscode-twig-pack {"startup":true,"extensionId":{"value":"bajdzis.vscode-twig-pack","_lower":"bajdzis.vscode-twig-pack"},"activationEvent":"*"}
[2019-10-12 16:47:37.368] [exthost] [info] ExtensionService#loadCommonJSModule file:///home/ghost/.vscode/extensions/bajdzis.vscode-twig-pack-1.1.0/extension
[2019-10-12 16:47:37.411] [exthost] [info] ExtensionService#_doActivateExtension CoenraadS.bracket-pair-colorizer {"startup":true,"extensionId":{"value":"CoenraadS.bracket-pair-colorizer","_lower":"coenraads.bracket-pair-colorizer"},"activationEvent":"*"}
[2019-10-12 16:47:37.412] [exthost] [info] ExtensionService#loadCommonJSModule file:///home/ghost/.vscode/extensions/coenraads.bracket-pair-colorizer-1.0.61/out/src/extension
[2019-10-12 16:47:37.914] [exthost] [info] ExtensionService#_doActivateExtension Equinusocio.vsc-material-theme {"startup":true,"extensionId":{"value":"Equinusocio.vsc-material-theme","_lower":"equinusocio.vsc-material-theme"},"activationEvent":"*"}
[2019-10-12 16:47:37.914] [exthost] [info] ExtensionService#loadCommonJSModule file:///home/ghost/.vscode/extensions/equinusocio.vsc-material-theme-30.0.0/out/src/material.theme.config
[2019-10-12 16:47:38.342] [exthost] [info] ExtensionService#_doActivateExtension esbenp.prettier-vscode {"startup":true,"extensionId":{"value":"esbenp.prettier-vscode","_lower":"esbenp.prettier-vscode"},"activationEvent":"*"}
[2019-10-12 16:47:38.343] [exthost] [info] ExtensionService#loadCommonJSModule file:///home/ghost/.vscode/extensions/esbenp.prettier-vscode-2.3.0/out/extension
[2019-10-12 16:47:43.030] [exthost] [info] ExtensionService#_doActivateExtension manasxx.background-cover {"startup":true,"extensionId":{"value":"manasxx.background-cover","_lower":"manasxx.background-cover"},"activationEvent":"*"}
[2019-10-12 16:47:43.031] [exthost] [info] ExtensionService#loadCommonJSModule file:///home/ghost/.vscode/extensions/manasxx.background-cover-2.2.2/out/extension
[2019-10-12 16:47:43.079] [exthost] [info] ExtensionService#_doActivateExtension mblode.twig-language {"startup":true,"extensionId":{"value":"mblode.twig-language","_lower":"mblode.twig-language"},"activationEvent":"*"}
[2019-10-12 16:47:43.088] [exthost] [info] ExtensionService#loadCommonJSModule file:///home/ghost/.vscode/extensions/mblode.twig-language-0.8.10/extension/index
[2019-10-12 16:47:43.614] [exthost] [info] ExtensionService#_doActivateExtension oderwat.indent-rainbow {"startup":true,"extensionId":{"value":"oderwat.indent-rainbow","_lower":"oderwat.indent-rainbow"},"activationEvent":"*"}
[2019-10-12 16:47:43.614] [exthost] [info] ExtensionService#loadCommonJSModule file:///home/ghost/.vscode/extensions/oderwat.indent-rainbow-7.4.0/out/extension
[2019-10-12 16:47:43.620] [exthost] [info] ExtensionService#_doActivateExtension pranaygp.vscode-css-peek {"startup":true,"extensionId":{"value":"pranaygp.vscode-css-peek","_lower":"pranaygp.vscode-css-peek"},"activationEvent":"*"}
[2019-10-12 16:47:43.631] [exthost] [info] ExtensionService#loadCommonJSModule file:///home/ghost/.vscode/extensions/pranaygp.vscode-css-peek-3.0.2/out/client/src/extension
[2019-10-12 16:47:44.398] [exthost] [info] ExtensionService#_doActivateExtension remimarsal.prettier-now {"startup":true,"extensionId":{"value":"remimarsal.prettier-now","_lower":"remimarsal.prettier-now"},"activationEvent":"*"}
[2019-10-12 16:47:44.399] [exthost] [info] ExtensionService#loadCommonJSModule file:///home/ghost/.vscode/extensions/remimarsal.prettier-now-1.4.9/out/src/extension
[2019-10-12 16:47:45.329] [exthost] [info] ExtensionService#_doActivateExtension Zignd.html-css-class-completion {"startup":true,"extensionId":{"value":"Zignd.html-css-class-completion","_lower":"zignd.html-css-class-completion"},"activationEvent":"*"}
[2019-10-12 16:47:45.340] [exthost] [info] ExtensionService#loadCommonJSModule file:///home/ghost/.vscode/extensions/zignd.html-css-class-completion-1.19.0/out/src/extension
[2019-10-12 16:47:51.885] [exthost] [info] ExtensionService#_doActivateExtension vscode.npm {"startup":true,"extensionId":{"value":"vscode.npm","_lower":"vscode.npm"},"activationEvent":"workspaceContains:package.json"}
[2019-10-12 16:47:51.885] [exthost] [info] ExtensionService#loadCommonJSModule file:///snap/code/17/usr/share/code/resources/app/extensions/npm/dist/main
[2019-10-12 16:47:58.817] [exthost] [info] ExtensionService#_doActivateExtension felixfbecker.php-intellisense {"startup":true,"extensionId":{"value":"felixfbecker.php-intellisense","_lower":"felixfbecker.php-intellisense"},"activationEvent":"workspaceContainsTimeout:**/*.php"}
[2019-10-12 16:47:58.818] [exthost] [info] ExtensionService#loadCommonJSModule file:///home/ghost/.vscode/extensions/felixfbecker.php-intellisense-2.3.13/out/extension
[2019-10-12 16:48:01.310] [exthost] [info] ExtensionService#_doActivateExtension Prisma.vscode-graphql {"startup":true,"extensionId":{"value":"Prisma.vscode-graphql","_lower":"prisma.vscode-graphql"},"activationEvent":"workspaceContainsTimeout:**/.graphqlconfig,**/.graphqlconfig.yml,**/.graphqlconfig.yaml"}
[2019-10-12 16:48:01.310] [exthost] [info] ExtensionService#loadCommonJSModule file:///home/ghost/.vscode/extensions/prisma.vscode-graphql-0.2.2/out/extension
[2019-10-12 16:48:07.792] [exthost] [info] eager extensions activated
[2019-10-12 16:48:31.743] [exthost] [info] ExtensionService#_doActivateExtension vscode.php-language-features {"startup":false,"extensionId":{"value":"vscode.php-language-features","_lower":"vscode.php-language-features"},"activationEvent":"onLanguage:php"}
[2019-10-12 16:48:31.744] [exthost] [info] ExtensionService#loadCommonJSModule file:///snap/code/17/usr/share/code/resources/app/extensions/php-language-features/dist/phpMain
[2019-10-12 16:48:32.067] [exthost] [info] ExtensionService#_doActivateExtension bmewburn.vscode-intelephense-client {"startup":false,"extensionId":{"value":"bmewburn.vscode-intelephense-client","_lower":"bmewburn.vscode-intelephense-client"},"activationEvent":"onLanguage:php"}
[2019-10-12 16:48:32.068] [exthost] [info] ExtensionService#loadCommonJSModule file:///home/ghost/.vscode/extensions/bmewburn.vscode-intelephense-client-1.2.3/lib/extension
[2019-10-12 16:48:32.999] [exthost] [info] ExtensionService#_doActivateExtension ecmel.vscode-html-css {"startup":false,"extensionId":{"value":"ecmel.vscode-html-css","_lower":"ecmel.vscode-html-css"},"activationEvent":"onLanguage:php"}
[2019-10-12 16:48:33.010] [exthost] [info] ExtensionService#loadCommonJSModule file:///home/ghost/.vscode/extensions/ecmel.vscode-html-css-0.2.3/dist/extension
[2019-10-12 17:04:19.156] [exthost] [info] ExtensionService#_doActivateExtension vscode.typescript-language-features {"startup":false,"extensionId":{"value":"vscode.typescript-language-features","_lower":"vscode.typescript-language-features"},"activationEvent":"onLanguage:javascript"}
[2019-10-12 17:04:19.157] [exthost] [info] ExtensionService#loadCommonJSModule file:///snap/code/17/usr/share/code/resources/app/extensions/typescript-language-features/dist/extension
[2019-10-12 17:04:19.578] [exthost] [info] ExtensionService#_doActivateExtension lonefy.vscode-JS-CSS-HTML-formatter {"startup":false,"extensionId":{"value":"lonefy.vscode-JS-CSS-HTML-formatter","_lower":"lonefy.vscode-js-css-html-formatter"},"activationEvent":"onLanguage:javascript"}
[2019-10-12 17:04:19.579] [exthost] [info] ExtensionService#loadCommonJSModule file:///home/ghost/.vscode/extensions/lonefy.vscode-js-css-html-formatter-0.2.3/out/src/extension
[2019-10-12 17:05:06.704] [exthost] [info] ExtensionService#_doActivateExtension vscode.html-language-features {"startup":false,"extensionId":{"value":"vscode.html-language-features","_lower":"vscode.html-language-features"},"activationEvent":"onLanguage:html"}
[2019-10-12 17:05:06.705] [exthost] [info] ExtensionService#loadCommonJSModule file:///snap/code/17/usr/share/code/resources/app/extensions/html-language-features/client/dist/htmlMain
[2019-10-12 17:05:06.996] [exthost] [info] ExtensionService#_doActivateExtension mohd-akram.vscode-html-format {"startup":false,"extensionId":{"value":"mohd-akram.vscode-html-format","_lower":"mohd-akram.vscode-html-format"},"activationEvent":"onLanguage:html"}
[2019-10-12 17:05:06.996] [exthost] [info] ExtensionService#loadCommonJSModule file:///home/ghost/.vscode/extensions/mohd-akram.vscode-html-format-0.0.3/out/extension
[2019-10-12 17:16:16.658] [exthost] [info] ExtensionService#_doActivateExtension vscode.extension-editing {"startup":false,"extensionId":{"value":"vscode.extension-editing","_lower":"vscode.extension-editing"},"activationEvent":"onLanguage:typescript"}
[2019-10-12 17:16:16.658] [exthost] [info] ExtensionService#loadCommonJSModule file:///snap/code/17/usr/share/code/resources/app/extensions/extension-editing/dist/extension
[2019-10-12 17:16:20.372] [exthost] [error] [vscode.typescript-language-features] provider FAILED
[2019-10-12 17:16:20.372] [exthost] [error] Error: DisposableStore is missing...
    at T._convertCompletionItem (/snap/code/17/usr/share/code/resources/app/out/vs/workbench/services/extensions/node/extensionHostProcess.js:560:618)
    at o.asPromise.then.e (/snap/code/17/usr/share/code/resources/app/out/vs/workbench/services/extensions/node/extensionHostProcess.js:560:248)
[2019-10-12 17:16:20.373] [exthost] [error] [vscode.typescript-language-features] provider FAILED
[2019-10-12 17:16:20.373] [exthost] [error] Error: DisposableStore is missing...
    at T._convertCompletionItem (/snap/code/17/usr/share/code/resources/app/out/vs/workbench/services/extensions/node/extensionHostProcess.js:560:618)
    at o.asPromise.then.e (/snap/code/17/usr/share/code/resources/app/out/vs/workbench/services/extensions/node/extensionHostProcess.js:560:248)
[2019-10-12 17:16:20.374] [exthost] [error] [vscode.typescript-language-features] provider FAILED
[2019-10-12 17:16:20.374] [exthost] [error] Error: DisposableStore is missing...
    at T._convertCompletionItem (/snap/code/17/usr/share/code/resources/app/out/vs/workbench/services/extensions/node/extensionHostProcess.js:560:618)
    at o.asPromise.then.e (/snap/code/17/usr/share/code/resources/app/out/vs/workbench/services/extensions/node/extensionHostProcess.js:560:248)
