DEBUG     Checking PHPLS_ALLOW_XDEBUG
DEBUG     The xdebug extension is not loaded

[Info  - 19:43:46] 7556 files total
[Info  - 19:43:47] Indexing project for definitions and static references
Parsing file:///home/ghost/maerskline/database/seeds/ShippingsTableSeeder.php
Parsing file:///home/ghost/maerskline/database/seeds/LoadingSeeder.php
Parsing file:///home/ghost/maerskline/database/seeds/VesselsSeeder.php
Parsing file:///home/ghost/maerskline/database/seeds/DatabaseSeeder.php
Parsing file:///home/ghost/maerskline/database/migrations/2014_10_12_000000_create_users_table.php
Parsing file:///home/ghost/maerskline/database/migrations/2019_10_10_235717_create_bls_table.php
Parsing file:///home/ghost/maerskline/database/migrations/2019_10_10_235529_create_shippings_table.php
Parsing file:///home/ghost/maerskline/database/migrations/2019_10_10_235716_create_loadings_table.php
Parsing file:///home/ghost/maerskline/database/migrations/2014_10_12_100000_create_password_resets_table.php
Parsing file:///home/ghost/maerskline/database/migrations/2019_08_19_000000_create_failed_jobs_table.php
Parsing file:///home/ghost/maerskline/database/migrations/2019_10_10_235624_create_vesselles_table.php
Parsing file:///home/ghost/maerskline/database/factories/UserFactory.php
Parsing file:///home/ghost/maerskline/server.php
Parsing file:///home/ghost/maerskline/config/app.php
Parsing file:///home/ghost/maerskline/config/services.php
Parsing file:///home/ghost/maerskline/config/database.php
Parsing file:///home/ghost/maerskline/config/ide-helper.php
Parsing file:///home/ghost/maerskline/config/cache.php
Parsing file:///home/ghost/maerskline/config/hashing.php
Parsing file:///home/ghost/maerskline/config/api.php
Parsing file:///home/ghost/maerskline/config/filesystems.php
Parsing file:///home/ghost/maerskline/config/auth.php
Parsing file:///home/ghost/maerskline/config/broadcasting.php
Parsing file:///home/ghost/maerskline/config/view.php
Parsing file:///home/ghost/maerskline/config/cors.php
Parsing file:///home/ghost/maerskline/config/session.php
Parsing file:///home/ghost/maerskline/config/queue.php
Parsing file:///home/ghost/maerskline/config/logging.php
Parsing file:///home/ghost/maerskline/config/mail.php
Parsing file:///home/ghost/maerskline/routes/channels.php
Parsing file:///home/ghost/maerskline/routes/web.php
Parsing file:///home/ghost/maerskline/routes/api.php
Parsing file:///home/ghost/maerskline/routes/console.php
Parsing file:///home/ghost/maerskline/resources/views/gainde/index.blade.php
Parsing file:///home/ghost/maerskline/resources/views/layouts/app.blade.php
Parsing file:///home/ghost/maerskline/resources/views/bl/index.blade.php
Parsing file:///home/ghost/maerskline/resources/views/vessel/index.blade.php
Parsing file:///home/ghost/maerskline/resources/views/shipping/index.blade.php
Parsing file:///home/ghost/maerskline/resources/views/shipping/delete.blade.php
Parsing file:///home/ghost/maerskline/resources/views/welcome.blade.php
Parsing file:///home/ghost/maerskline/resources/views/auth/login.blade.php
Parsing file:///home/ghost/maerskline/resources/views/auth/passwords/email.blade.php
Parsing file:///home/ghost/maerskline/resources/views/auth/passwords/reset.blade.php
Parsing file:///home/ghost/maerskline/resources/views/auth/verify.blade.php
Parsing file:///home/ghost/maerskline/resources/views/auth/register.blade.php
Parsing file:///home/ghost/maerskline/resources/views/home.blade.php
Parsing file:///home/ghost/maerskline/resources/lang/en/auth.php
Parsing file:///home/ghost/maerskline/resources/lang/en/pagination.php
Parsing file:///home/ghost/maerskline/resources/lang/en/passwords.php
Parsing file:///home/ghost/maerskline/resources/lang/en/validation.php
Parsing file:///home/ghost/maerskline/vendor/autoload.php
Parsing file:///home/ghost/maerskline/vendor/composer/ClassLoader.php
Parsing file:///home/ghost/maerskline/vendor/composer/autoload_real.php
Parsing file:///home/ghost/maerskline/vendor/composer/autoload_namespaces.php
Parsing file:///home/ghost/maerskline/vendor/composer/autoload_static.php
[Info  - 19:43:54] Ignoring file file:///home/ghost/maerskline/vendor/composer/autoload_static.php because it exceeds size limit of 150000 bytes (642133)
Parsing file:///home/ghost/maerskline/vendor/composer/autoload_files.php
Parsing file:///home/ghost/maerskline/vendor/composer/autoload_classmap.php
[Info  - 19:43:54] Ignoring file file:///home/ghost/maerskline/vendor/composer/autoload_classmap.php because it exceeds size limit of 150000 bytes (581134)
Parsing file:///home/ghost/maerskline/vendor/composer/autoload_psr4.php
Parsing file:///home/ghost/maerskline/bootstrap/app.php
Parsing file:///home/ghost/maerskline/bootstrap/cache/services.php
Parsing file:///home/ghost/maerskline/bootstrap/cache/packages.php
Parsing file:///home/ghost/maerskline/app/Providers/AuthServiceProvider.php
Parsing file:///home/ghost/maerskline/app/Providers/AppServiceProvider.php
Parsing file:///home/ghost/maerskline/app/Providers/EventServiceProvider.php
Parsing file:///home/ghost/maerskline/app/Providers/RouteServiceProvider.php
Parsing file:///home/ghost/maerskline/app/Providers/BroadcastServiceProvider.php
Parsing file:///home/ghost/maerskline/app/Console/Kernel.php
Parsing file:///home/ghost/maerskline/app/Shipping.php
Parsing file:///home/ghost/maerskline/app/Http/Middleware/EncryptCookies.php
Parsing file:///home/ghost/maerskline/app/Http/Middleware/VerifyCsrfToken.php
Parsing file:///home/ghost/maerskline/app/Http/Middleware/TrustProxies.php
Parsing file:///home/ghost/maerskline/app/Http/Middleware/CheckForMaintenanceMode.php
Parsing file:///home/ghost/maerskline/app/Http/Middleware/Authenticate.php
Parsing file:///home/ghost/maerskline/app/Http/Middleware/Cors.php
Parsing file:///home/ghost/maerskline/app/Http/Middleware/TrimStrings.php
Parsing file:///home/ghost/maerskline/app/Http/Middleware/RedirectIfAuthenticated.php
Parsing file:///home/ghost/maerskline/app/Http/Kernel.php
Parsing file:///home/ghost/maerskline/app/Http/Controllers/Auth/ResetPasswordController.php
Parsing file:///home/ghost/maerskline/app/Http/Controllers/Auth/VerificationController.php
Parsing file:///home/ghost/maerskline/app/Http/Controllers/Auth/ConfirmPasswordController.php
Parsing file:///home/ghost/maerskline/app/Http/Controllers/Auth/LoginController.php
Parsing file:///home/ghost/maerskline/app/Http/Controllers/Auth/ForgotPasswordController.php
Parsing file:///home/ghost/maerskline/app/Http/Controllers/ShippingController.php
Parsing file:///home/ghost/maerskline/app/Http/Controllers/BaseController.php
Parsing file:///home/ghost/maerskline/app/Http/Controllers/ApiController.php
Parsing file:///home/ghost/maerskline/app/Http/Controllers/Api/ApiController.php
Parsing file:///home/ghost/maerskline/app/Http/Controllers/VesselController.php
Parsing file:///home/ghost/maerskline/app/Http/Controllers/Controller.php
Parsing file:///home/ghost/maerskline/app/Http/Controllers/HomeController.php
Parsing file:///home/ghost/maerskline/app/Http/Controllers/DataController.php
Parsing file:///home/ghost/maerskline/app/Http/Controllers/BlController.php
Parsing file:///home/ghost/maerskline/app/Bl.php
Parsing file:///home/ghost/maerskline/app/User.php
Parsing file:///home/ghost/maerskline/app/Exceptions/Handler.php
Parsing file:///home/ghost/maerskline/app/Loading.php
Parsing file:///home/ghost/maerskline/_ide_helper.php
[Info  - 19:43:54] Ignoring file file:///home/ghost/maerskline/_ide_helper.php because it exceeds size limit of 150000 bytes (602570)
Parsing file:///home/ghost/maerskline/tests/TestCase.php
Parsing file:///home/ghost/maerskline/tests/Feature/ExampleTest.php
Parsing file:///home/ghost/maerskline/tests/CreatesApplication.php
Parsing file:///home/ghost/maerskline/tests/Unit/ExampleTest.php
Parsing file:///home/ghost/maerskline/storage/framework/views/d9f756ed3c1b3df2616fb73002c83db4c1d9645c.php
Parsing file:///home/ghost/maerskline/storage/framework/views/970d926cce7ec1a8df95b1e2c689b4a243b78fca.php
Parsing file:///home/ghost/maerskline/storage/framework/views/f9fb39ca1490af3ea57238f2d1d525e96bdd66aa.php
Parsing file:///home/ghost/maerskline/storage/framework/views/7952b070e75eb5dda0c99e30c6790405e4d0e58f.php
Parsing file:///home/ghost/maerskline/storage/framework/views/8f70581e71e39d4dacdd824d030eb2000c3c8d0a.php
Parsing file:///home/ghost/maerskline/storage/framework/views/cb3363a771de83b72159ee4fff9ab47777683117.php
Parsing file:///home/ghost/maerskline/storage/framework/views/aa8d7033cf5bc17a14efe2ab0298d8b242ec8304.php
Parsing file:///home/ghost/maerskline/storage/framework/views/8d6fb21ed641e41ded205e8da82ddc30d347c12a.php
Parsing file:///home/ghost/maerskline/storage/framework/views/f0bd88de6d39e7f3471897f47094f6834d9db5b7.php
Parsing file:///home/ghost/maerskline/public/index.php
[Info  - 19:43:54] Indexing project for dynamic references
Parsing file:///home/ghost/maerskline/database/seeds/ShippingsTableSeeder.php
Parsing file:///home/ghost/maerskline/database/seeds/LoadingSeeder.php
Parsing file:///home/ghost/maerskline/database/seeds/VesselsSeeder.php
Parsing file:///home/ghost/maerskline/database/seeds/DatabaseSeeder.php
Parsing file:///home/ghost/maerskline/database/migrations/2014_10_12_000000_create_users_table.php
Parsing file:///home/ghost/maerskline/database/migrations/2019_10_10_235717_create_bls_table.php
Parsing file:///home/ghost/maerskline/database/migrations/2019_10_10_235529_create_shippings_table.php
Parsing file:///home/ghost/maerskline/database/migrations/2019_10_10_235716_create_loadings_table.php
Parsing file:///home/ghost/maerskline/database/migrations/2014_10_12_100000_create_password_resets_table.php
Parsing file:///home/ghost/maerskline/database/migrations/2019_08_19_000000_create_failed_jobs_table.php
Parsing file:///home/ghost/maerskline/database/migrations/2019_10_10_235624_create_vesselles_table.php
Parsing file:///home/ghost/maerskline/database/factories/UserFactory.php
Parsing file:///home/ghost/maerskline/server.php
Parsing file:///home/ghost/maerskline/config/app.php
Parsing file:///home/ghost/maerskline/config/services.php
Parsing file:///home/ghost/maerskline/config/database.php
Parsing file:///home/ghost/maerskline/config/ide-helper.php
Parsing file:///home/ghost/maerskline/config/cache.php
Parsing file:///home/ghost/maerskline/config/hashing.php
Parsing file:///home/ghost/maerskline/config/api.php
Parsing file:///home/ghost/maerskline/config/filesystems.php
Parsing file:///home/ghost/maerskline/config/auth.php
Parsing file:///home/ghost/maerskline/config/broadcasting.php
Parsing file:///home/ghost/maerskline/config/view.php
Parsing file:///home/ghost/maerskline/config/cors.php
Parsing file:///home/ghost/maerskline/config/session.php
Parsing file:///home/ghost/maerskline/config/queue.php
Parsing file:///home/ghost/maerskline/config/logging.php
Parsing file:///home/ghost/maerskline/config/mail.php
Parsing file:///home/ghost/maerskline/routes/channels.php
Parsing file:///home/ghost/maerskline/routes/web.php
Parsing file:///home/ghost/maerskline/routes/api.php
Parsing file:///home/ghost/maerskline/routes/console.php
Parsing file:///home/ghost/maerskline/resources/views/gainde/index.blade.php
Parsing file:///home/ghost/maerskline/resources/views/layouts/app.blade.php
Parsing file:///home/ghost/maerskline/resources/views/bl/index.blade.php
Parsing file:///home/ghost/maerskline/resources/views/vessel/index.blade.php
Parsing file:///home/ghost/maerskline/resources/views/shipping/index.blade.php
Parsing file:///home/ghost/maerskline/resources/views/shipping/delete.blade.php
Parsing file:///home/ghost/maerskline/resources/views/welcome.blade.php
Parsing file:///home/ghost/maerskline/resources/views/auth/login.blade.php
Parsing file:///home/ghost/maerskline/resources/views/auth/passwords/email.blade.php
Parsing file:///home/ghost/maerskline/resources/views/auth/passwords/reset.blade.php
Parsing file:///home/ghost/maerskline/resources/views/auth/verify.blade.php
Parsing file:///home/ghost/maerskline/resources/views/auth/register.blade.php
Parsing file:///home/ghost/maerskline/resources/views/home.blade.php
Parsing file:///home/ghost/maerskline/resources/lang/en/auth.php
Parsing file:///home/ghost/maerskline/resources/lang/en/pagination.php
Parsing file:///home/ghost/maerskline/resources/lang/en/passwords.php
Parsing file:///home/ghost/maerskline/resources/lang/en/validation.php
Parsing file:///home/ghost/maerskline/vendor/autoload.php
Parsing file:///home/ghost/maerskline/vendor/composer/ClassLoader.php
Parsing file:///home/ghost/maerskline/vendor/composer/autoload_real.php
Parsing file:///home/ghost/maerskline/vendor/composer/autoload_namespaces.php
Parsing file:///home/ghost/maerskline/vendor/composer/autoload_static.php
[Info  - 19:43:56] Ignoring file file:///home/ghost/maerskline/vendor/composer/autoload_static.php because it exceeds size limit of 150000 bytes (642133)
Parsing file:///home/ghost/maerskline/vendor/composer/autoload_files.php
Parsing file:///home/ghost/maerskline/vendor/composer/autoload_classmap.php
[Info  - 19:43:56] Ignoring file file:///home/ghost/maerskline/vendor/composer/autoload_classmap.php because it exceeds size limit of 150000 bytes (581134)
Parsing file:///home/ghost/maerskline/vendor/composer/autoload_psr4.php
Parsing file:///home/ghost/maerskline/bootstrap/app.php
Parsing file:///home/ghost/maerskline/bootstrap/cache/services.php
Parsing file:///home/ghost/maerskline/bootstrap/cache/packages.php
Parsing file:///home/ghost/maerskline/app/Providers/AuthServiceProvider.php
Parsing file:///home/ghost/maerskline/app/Providers/AppServiceProvider.php
Parsing file:///home/ghost/maerskline/app/Providers/EventServiceProvider.php
Parsing file:///home/ghost/maerskline/app/Providers/RouteServiceProvider.php
Parsing file:///home/ghost/maerskline/app/Providers/BroadcastServiceProvider.php
Parsing file:///home/ghost/maerskline/app/Console/Kernel.php
Parsing file:///home/ghost/maerskline/app/Shipping.php
Parsing file:///home/ghost/maerskline/app/Http/Middleware/EncryptCookies.php
Parsing file:///home/ghost/maerskline/app/Http/Middleware/VerifyCsrfToken.php
Parsing file:///home/ghost/maerskline/app/Http/Middleware/TrustProxies.php
Parsing file:///home/ghost/maerskline/app/Http/Middleware/CheckForMaintenanceMode.php
Parsing file:///home/ghost/maerskline/app/Http/Middleware/Authenticate.php
Parsing file:///home/ghost/maerskline/app/Http/Middleware/Cors.php
Parsing file:///home/ghost/maerskline/app/Http/Middleware/TrimStrings.php
Parsing file:///home/ghost/maerskline/app/Http/Middleware/RedirectIfAuthenticated.php
Parsing file:///home/ghost/maerskline/app/Http/Kernel.php
Parsing file:///home/ghost/maerskline/app/Http/Controllers/Auth/ResetPasswordController.php
Parsing file:///home/ghost/maerskline/app/Http/Controllers/Auth/VerificationController.php
Parsing file:///home/ghost/maerskline/app/Http/Controllers/Auth/ConfirmPasswordController.php
Parsing file:///home/ghost/maerskline/app/Http/Controllers/Auth/LoginController.php
Parsing file:///home/ghost/maerskline/app/Http/Controllers/Auth/ForgotPasswordController.php
Parsing file:///home/ghost/maerskline/app/Http/Controllers/ShippingController.php
Parsing file:///home/ghost/maerskline/app/Http/Controllers/BaseController.php
Parsing file:///home/ghost/maerskline/app/Http/Controllers/ApiController.php
Parsing file:///home/ghost/maerskline/app/Http/Controllers/Api/ApiController.php
Parsing file:///home/ghost/maerskline/app/Http/Controllers/VesselController.php
Parsing file:///home/ghost/maerskline/app/Http/Controllers/Controller.php
Parsing file:///home/ghost/maerskline/app/Http/Controllers/HomeController.php
Parsing file:///home/ghost/maerskline/app/Http/Controllers/DataController.php
Parsing file:///home/ghost/maerskline/app/Http/Controllers/BlController.php
Parsing file:///home/ghost/maerskline/app/Bl.php
Parsing file:///home/ghost/maerskline/app/User.php
Parsing file:///home/ghost/maerskline/app/Exceptions/Handler.php
Parsing file:///home/ghost/maerskline/app/Loading.php
Parsing file:///home/ghost/maerskline/_ide_helper.php
[Info  - 19:43:56] Ignoring file file:///home/ghost/maerskline/_ide_helper.php because it exceeds size limit of 150000 bytes (602570)
Parsing file:///home/ghost/maerskline/tests/TestCase.php
Parsing file:///home/ghost/maerskline/tests/Feature/ExampleTest.php
Parsing file:///home/ghost/maerskline/tests/CreatesApplication.php
Parsing file:///home/ghost/maerskline/tests/Unit/ExampleTest.php
Parsing file:///home/ghost/maerskline/storage/framework/views/d9f756ed3c1b3df2616fb73002c83db4c1d9645c.php
Parsing file:///home/ghost/maerskline/storage/framework/views/970d926cce7ec1a8df95b1e2c689b4a243b78fca.php
Parsing file:///home/ghost/maerskline/storage/framework/views/f9fb39ca1490af3ea57238f2d1d525e96bdd66aa.php
Parsing file:///home/ghost/maerskline/storage/framework/views/7952b070e75eb5dda0c99e30c6790405e4d0e58f.php
Parsing file:///home/ghost/maerskline/storage/framework/views/8f70581e71e39d4dacdd824d030eb2000c3c8d0a.php
Parsing file:///home/ghost/maerskline/storage/framework/views/cb3363a771de83b72159ee4fff9ab47777683117.php
Parsing file:///home/ghost/maerskline/storage/framework/views/aa8d7033cf5bc17a14efe2ab0298d8b242ec8304.php
Parsing file:///home/ghost/maerskline/storage/framework/views/8d6fb21ed641e41ded205e8da82ddc30d347c12a.php
Parsing file:///home/ghost/maerskline/storage/framework/views/f0bd88de6d39e7f3471897f47094f6834d9db5b7.php
Parsing file:///home/ghost/maerskline/public/index.php
[Info  - 19:43:57] 110 Packages
[Info  - 19:43:57] Restored monolog/monolog:2.0.0 from cache
[Info  - 19:43:57] Restored nesbot/carbon:2.25.1 from cache
[Info  - 19:43:57] Restored myclabs/deep-copy:1.9.3 from cache
[Info  - 19:43:57] Restored seld/jsonlint:1.7.1 from cache
[Info  - 19:43:58] Restored seld/phar-utils:1.0.1 from cache
[Info  - 19:43:58] Restored psy/psysh:0.9.9 from cache
[Info  - 19:43:58] Restored asm89/stack-cors:1.2.0 from cache
[Info  - 19:43:58] Restored dragonmantank/cron-expression:2.3.0 from cache
[Info  - 19:43:58] Restored egulias/email-validator:2.1.11 from cache
[Info  - 19:43:58] Restored justinrainbow/json-schema:5.2.8 from cache
[Info  - 19:43:59] Restored psr/log:1.1.0 from cache
[Info  - 19:43:59] Restored psr/http-message:1.0.1 from cache
[Info  - 19:43:59] Restored psr/simple-cache:1.0.1 from cache
[Info  - 19:43:59] Restored psr/container:1.0.0 from cache
[Info  - 19:43:59] Restored phpoption/phpoption:1.5.0 from cache
[Info  - 19:43:59] Restored fzaninotto/faker:1.8.0 from cache
[Info  - 19:43:59] Restored doctrine/annotations:1.8.0 from cache
[Info  - 19:44:00] Restored doctrine/instantiator:1.2.0 from cache
[Info  - 19:44:00] Restored doctrine/dbal:2.9.2 from cache
[Info  - 19:44:00] Restored doctrine/event-manager:1.0.0 from cache
[Info  - 19:44:00] Restored doctrine/inflector:1.3.0 from cache
[Info  - 19:44:00] Restored doctrine/lexer:1.1.0 from cache
[Info  - 19:44:00] Restored doctrine/cache:1.8.0 from cache
[Info  - 19:44:00] Restored theseer/tokenizer:1.1.3 from cache
[Info  - 19:44:00] Restored sebastian/object-enumerator:3.0.3 from cache
[Info  - 19:44:00] Restored sebastian/diff:3.0.2 from cache
[Info  - 19:44:00] Restored sebastian/comparator:3.0.2 from cache
[Info  - 19:44:00] Restored sebastian/global-state:3.0.0 from cache
[Info  - 19:44:00] Restored sebastian/recursion-context:3.0.0 from cache
[Info  - 19:44:00] Restored sebastian/code-unit-reverse-lookup:1.0.1 from cache
[Info  - 19:44:00] Restored sebastian/exporter:3.1.2 from cache
[Info  - 19:44:00] Restored sebastian/version:2.0.1 from cache
[Info  - 19:44:00] Restored sebastian/type:1.1.3 from cache
[Info  - 19:44:00] Restored sebastian/object-reflector:1.1.1 from cache
[Info  - 19:44:00] Restored sebastian/environment:4.2.2 from cache
[Info  - 19:44:00] Restored sebastian/resource-operations:2.0.1 from cache
[Info  - 19:44:00] Restored league/flysystem:1.0.55 from cache
[Info  - 19:44:00] Restored league/fractal:0.17.0 from cache
[Info  - 19:44:00] Restored phpspec/prophecy:1.9.0 from cache
[Info  - 19:44:01] Restored phpunit/php-file-iterator:2.0.2 from cache
[Info  - 19:44:01] Restored phpunit/phpunit:8.4.1 from cache
[Info  - 19:44:01] Restored phpunit/php-code-coverage:7.0.8 from cache
[Info  - 19:44:01] Restored phpunit/php-text-template:1.2.1 from cache
[Info  - 19:44:01] Restored phpunit/php-timer:2.1.2 from cache
[Info  - 19:44:01] Restored phpunit/php-token-stream:3.1.1 from cache
[Info  - 19:44:01] Restored filp/whoops:2.5.0 from cache
[Info  - 19:44:01] Restored ralouphie/getallheaders:3.0.3 from cache
[Info  - 19:44:02] Restored facade/ignition:1.11.1 from cache
[Info  - 19:44:02] Restored facade/flare-client-php:1.1.1 from cache
[Info  - 19:44:02] Restored facade/ignition-contracts:1.0.0 from cache
[Info  - 19:44:02] Restored webmozart/assert:1.5.0 from cache
[Info  - 19:44:02] Restored nikic/php-parser:4.2.4 from cache
[Info  - 19:44:02] Restored symfony/polyfill-mbstring:1.12.0 from cache
[Info  - 19:44:02] Restored symfony/filesystem:4.3.5 from cache
[Info  - 19:44:03] Restored symfony/http-kernel:4.3.5 from cache
[Info  - 19:44:03] Restored symfony/http-foundation:4.3.5 from cache
[Info  - 19:44:03] Restored symfony/polyfill-intl-idn:1.12.0 from cache
[Info  - 19:44:03] Restored symfony/routing:4.3.5 from cache
[Info  - 19:44:03] Restored symfony/service-contracts:1.1.7 from cache
[Info  - 19:44:03] Restored symfony/finder:4.3.5 from cache
[Info  - 19:44:03] Restored symfony/polyfill-iconv:1.12.0 from cache
[Info  - 19:44:04] Restored symfony/translation:4.3.5 from cache
[Info  - 19:44:04] Restored symfony/event-dispatcher:4.3.5 from cache
[Info  - 19:44:04] Restored symfony/polyfill-php72:1.12.0 from cache
[Info  - 19:44:04] Restored symfony/translation-contracts:1.1.7 from cache
[Info  - 19:44:04] Restored symfony/polyfill-ctype:1.12.0 from cache
[Info  - 19:44:04] Restored symfony/polyfill-php73:1.12.0 from cache
[Info  - 19:44:04] Restored symfony/var-dumper:4.3.5 from cache
[Info  - 19:44:05] Restored symfony/process:4.3.5 from cache
[Info  - 19:44:05] Restored symfony/console:4.3.5 from cache
[Info  - 19:44:05] Restored symfony/event-dispatcher-contracts:1.1.7 from cache
[Info  - 19:44:05] Restored symfony/mime:4.3.5 from cache
[Info  - 19:44:05] Restored symfony/css-selector:4.3.5 from cache
[Info  - 19:44:05] Restored symfony/debug:4.3.5 from cache
[Info  - 19:44:05] Restored vlucas/phpdotenv:3.6.0 from cache
[Info  - 19:44:06] Restored tijsverkoyen/css-to-inline-styles:2.2.1 from cache
[Info  - 19:44:06] Restored swiftmailer/swiftmailer:6.2.1 from cache
[Info  - 19:44:06] Restored dingo/api:2.4.0-rc2 from cache
[Info  - 19:44:06] Restored dingo/blueprint:0.3.1 from cache
[Info  - 19:44:06] Restored ramsey/uuid:3.8.0 from cache
[Info  - 19:44:06] Restored phpdocumentor/type-resolver:1.0.1 from cache
[Info  - 19:44:08] Restored phpdocumentor/reflection-common:2.0.0 from cache
[Info  - 19:44:08] Restored phpdocumentor/reflection-docblock:4.3.2 from cache
[Info  - 19:44:08] Restored scrivo/highlight.php:9.15.10.0 from cache
[Info  - 19:44:08] Restored opis/closure:3.4.0 from cache
[Info  - 19:44:08] Restored erusev/parsedown:1.7.3 from cache
[Info  - 19:44:08] Restored composer/xdebug-handler:1.3.3 from cache
[Info  - 19:44:08] Restored composer/spdx-licenses:1.5.2 from cache
[Info  - 19:44:08] Restored composer/semver:1.5.0 from cache
[Info  - 19:44:08] Restored composer/composer:1.9.0 from cache
[Info  - 19:44:08] Restored composer/ca-bundle:1.2.4 from cache
[Info  - 19:44:09] Restored nunomaduro/collision:3.0.1 from cache
[Info  - 19:44:09] Restored phar-io/manifest:1.0.3 from cache
[Info  - 19:44:10] Restored phar-io/version:2.0.1 from cache
[Info  - 19:44:10] Restored guzzlehttp/promises:1.3.1 from cache
[Info  - 19:44:11] Restored guzzlehttp/psr7:1.6.1 from cache
[Info  - 19:44:11] Restored guzzlehttp/guzzle:6.3.3 from cache
[Info  - 19:44:11] Restored laravel/ui:1.1.1 from cache
[Info  - 19:44:14] Restored laravel/tinker:1.0.10 from cache
[Info  - 19:44:15] Restored laravel/framework:6.2.0 from cache
[Info  - 19:44:15] Restored mockery/mockery:1.2.4 from cache
[Info  - 19:44:15] Restored jakub-onderka/php-console-color:0.2 from cache
[Info  - 19:44:15] Restored jakub-onderka/php-console-highlighter:0.4 from cache
[Info  - 19:44:15] Restored barryvdh/laravel-cors:0.11.4 from cache
[Info  - 19:44:15] Restored barryvdh/laravel-ide-helper:2.6.5 from cache
[Info  - 19:44:15] Restored barryvdh/reflection-docblock:2.0.6 from cache
[Info  - 19:44:15] Restored fideloper/proxy:4.2.1 from cache
[Info  - 19:44:15] Restored dnoegel/php-xdg-base-dir:0.1 from cache
[Info  - 19:44:16] Restored paragonie/random_compat:9.99.99 from cache
[Info  - 19:44:16] Restored hamcrest/hamcrest-php:2.0.0 from cache
[Info  - 19:44:16] All 7556 PHP files parsed in 31 seconds. 518 MiB allocated.
