[Info  - 16:48:47] Initialising intelephense 1.2.3
[Info  - 16:48:50] Initialised in 188 ms
[Info  - 16:48:57] Indexing started.
[Warn  - 16:49:46] file:///home/ghost/maerskline/vendor/fzaninotto/faker/src/Faker/Provider/nl_BE/Text.php is over the maximum file size of 1000000 bytes.
[Info  - 16:53:51] Indexing ended. 5822 files indexed in 294s.
[Info  - 16:53:51] Writing state to /home/ghost/maerskline/~/.vscode-root/User/workspaceStorage/4f079e83434e8b80f63d9c29d377f251/bmewburn.vscode-intelephense-client/3182ccfa.
[Info  - 16:54:01] Wrote state in 9.9s.
[Info  - 17:00:17] Indexing started.
[Info  - 17:00:17] Indexing ended. 1 files indexed in 0s.
[Info  - 17:00:21] Indexing started.
[Info  - 17:00:21] Indexing ended. 4 files indexed in 0s.
[Info  - 17:00:42] Indexing started.
[Info  - 17:00:42] Indexing ended. 1 files indexed in 0s.
[Info  - 17:06:41] Indexing started.
[Info  - 17:06:41] Indexing ended. 1 files indexed in 0s.
[Info  - 17:12:56] Indexing started.
[Info  - 17:12:56] Indexing ended. 2 files indexed in 0s.
[Info  - 17:14:11] Indexing started.
[Info  - 17:14:11] Indexing ended. 1 files indexed in 0s.
[Info  - 17:18:33] Indexing started.
[Info  - 17:18:33] Indexing ended. 1 files indexed in 0s.
[Info  - 18:08:26] Indexing started.
[Info  - 18:08:27] Indexing ended. 1 files indexed in 0s.
