[2019-10-12 17:13:19.485] [renderer1] [warning] Aborted onWillSaveTextDocument-event after 1750ms
[2019-10-12 17:13:37.398] [renderer1] [warning] Aborted onWillSaveTextDocument-event after 1750ms
[2019-10-12 17:13:39.699] [renderer1] [error] Cannot read property 'document' of undefined: TypeError: Cannot read property 'document' of undefined
    at vscode_1.window.onDidChangeActiveTextEditor (/home/ghost/.vscode/extensions/remimarsal.prettier-now-1.4.9/out/src/status.js:44:74)
    at l.fire (/snap/code/17/usr/share/code/resources/app/out/vs/workbench/services/extensions/node/extensionHostProcess.js:50:519)
    at _extHostDocumentsAndEditors.onDidChangeActiveTextEditor.e (/snap/code/17/usr/share/code/resources/app/out/vs/workbench/services/extensions/node/extensionHostProcess.js:614:455)
    at l.fire (/snap/code/17/usr/share/code/resources/app/out/vs/workbench/services/extensions/node/extensionHostProcess.js:50:519)
    at f.$acceptDocumentsAndEditorsDelta (/snap/code/17/usr/share/code/resources/app/out/vs/workbench/services/extensions/node/extensionHostProcess.js:540:804)
    at p._doInvokeHandler (/snap/code/17/usr/share/code/resources/app/out/vs/workbench/services/extensions/node/extensionHostProcess.js:635:275)
    at p._invokeHandler (/snap/code/17/usr/share/code/resources/app/out/vs/workbench/services/extensions/node/extensionHostProcess.js:634:971)
    at p._receiveRequest (/snap/code/17/usr/share/code/resources/app/out/vs/workbench/services/extensions/node/extensionHostProcess.js:633:639)
    at p._receiveOneMessage (/snap/code/17/usr/share/code/resources/app/out/vs/workbench/services/extensions/node/extensionHostProcess.js:632:468)
    at _protocol.onMessage.e (/snap/code/17/usr/share/code/resources/app/out/vs/workbench/services/extensions/node/extensionHostProcess.js:630:691)
    at l.fire (/snap/code/17/usr/share/code/resources/app/out/vs/workbench/services/extensions/node/extensionHostProcess.js:50:519)
    at _.fire (/snap/code/17/usr/share/code/resources/app/out/vs/workbench/services/extensions/node/extensionHostProcess.js:181:274)
    at e.onMessage.e (/snap/code/17/usr/share/code/resources/app/out/vs/workbench/services/extensions/node/extensionHostProcess.js:787:104)
    at l.fire (/snap/code/17/usr/share/code/resources/app/out/vs/workbench/services/extensions/node/extensionHostProcess.js:50:519)
    at _.fire (/snap/code/17/usr/share/code/resources/app/out/vs/workbench/services/extensions/node/extensionHostProcess.js:181:274)
    at t.PersistentProtocol._receiveMessage (/snap/code/17/usr/share/code/resources/app/out/vs/workbench/services/extensions/node/extensionHostProcess.js:185:629)
    at _socketDisposables.push._socketReader.onMessage.e (/snap/code/17/usr/share/code/resources/app/out/vs/workbench/services/extensions/node/extensionHostProcess.js:182:824)
    at l.fire (/snap/code/17/usr/share/code/resources/app/out/vs/workbench/services/extensions/node/extensionHostProcess.js:50:519)
    at p.acceptChunk (/snap/code/17/usr/share/code/resources/app/out/vs/workbench/services/extensions/node/extensionHostProcess.js:178:588)
    at _register._socket.onData.e (/snap/code/17/usr/share/code/resources/app/out/vs/workbench/services/extensions/node/extensionHostProcess.js:177:958)
    at Socket.t (/snap/code/17/usr/share/code/resources/app/out/vs/workbench/services/extensions/node/extensionHostProcess.js:187:68)
    at Socket.emit (events.js:182:13)
    at addChunk (_stream_readable.js:283:12)
    at readableAddChunk (_stream_readable.js:264:11)
    at Socket.Readable.push (_stream_readable.js:219:10)
    at Pipe.onStreamRead [as onread] (internal/stream_base_commons.js:94:17)
[2019-10-12 17:13:52.874] [renderer1] [warning] Aborted onWillSaveTextDocument-event after 1750ms
[2019-10-12 17:13:55.157] [renderer1] [warning] Aborted onWillSaveTextDocument-event after 1750ms
[2019-10-12 17:15:01.297] [renderer1] [warning] Aborted onWillSaveTextDocument-event after 1750ms
[2019-10-12 17:15:07.288] [renderer1] [warning] Aborted onWillSaveTextDocument-event after 1750ms
