[2019-10-20 19:43:25.918] [exthost] [info] extension host started
[2019-10-20 19:43:26.329] [exthost] [info] ExtensionService#_doActivateExtension aaron-bond.better-comments {"startup":false,"extensionId":{"value":"aaron-bond.better-comments","_lower":"aaron-bond.better-comments"},"activationEvent":"onLanguage:plaintext"}
[2019-10-20 19:43:26.331] [exthost] [info] ExtensionService#loadCommonJSModule file:///home/ghost/.vscode/extensions/aaron-bond.better-comments-2.0.5/out/extension
[2019-10-20 19:43:26.370] [exthost] [info] ExtensionService#_doActivateExtension pucelle.vscode-css-navigation {"startup":false,"extensionId":{"value":"pucelle.vscode-css-navigation","_lower":"pucelle.vscode-css-navigation"},"activationEvent":"onLanguage:plaintext"}
[2019-10-20 19:43:26.381] [exthost] [info] ExtensionService#loadCommonJSModule file:///home/ghost/.vscode/extensions/pucelle.vscode-css-navigation-1.7.3/client/out/extension
[2019-10-20 19:43:26.666] [exthost] [info] ExtensionService#_doActivateExtension vscode.php-language-features {"startup":false,"extensionId":{"value":"vscode.php-language-features","_lower":"vscode.php-language-features"},"activationEvent":"onLanguage:php"}
[2019-10-20 19:43:26.666] [exthost] [info] ExtensionService#loadCommonJSModule file:///snap/code/18/usr/share/code/resources/app/extensions/php-language-features/dist/phpMain
[2019-10-20 19:43:26.744] [exthost] [info] ExtensionService#_doActivateExtension bmewburn.vscode-intelephense-client {"startup":false,"extensionId":{"value":"bmewburn.vscode-intelephense-client","_lower":"bmewburn.vscode-intelephense-client"},"activationEvent":"onLanguage:php"}
[2019-10-20 19:43:26.744] [exthost] [info] ExtensionService#loadCommonJSModule file:///home/ghost/.vscode/extensions/bmewburn.vscode-intelephense-client-1.2.3/lib/extension
[2019-10-20 19:43:26.845] [exthost] [info] ExtensionService#_doActivateExtension ecmel.vscode-html-css {"startup":false,"extensionId":{"value":"ecmel.vscode-html-css","_lower":"ecmel.vscode-html-css"},"activationEvent":"onLanguage:php"}
[2019-10-20 19:43:26.845] [exthost] [info] ExtensionService#loadCommonJSModule file:///home/ghost/.vscode/extensions/ecmel.vscode-html-css-0.2.3/dist/extension
[2019-10-20 19:43:27.301] [exthost] [info] ExtensionService#_doActivateExtension felixfbecker.php-intellisense {"startup":false,"extensionId":{"value":"felixfbecker.php-intellisense","_lower":"felixfbecker.php-intellisense"},"activationEvent":"onLanguage:php"}
[2019-10-20 19:43:27.302] [exthost] [info] ExtensionService#loadCommonJSModule file:///home/ghost/.vscode/extensions/felixfbecker.php-intellisense-2.3.13/out/extension
[2019-10-20 19:43:27.739] [exthost] [info] ExtensionService#_doActivateExtension vscode.debug-auto-launch {"startup":true,"extensionId":{"value":"vscode.debug-auto-launch","_lower":"vscode.debug-auto-launch"},"activationEvent":"*"}
[2019-10-20 19:43:27.740] [exthost] [info] ExtensionService#loadCommonJSModule file:///snap/code/18/usr/share/code/resources/app/extensions/debug-auto-launch/dist/extension
[2019-10-20 19:43:27.754] [exthost] [info] ExtensionService#_doActivateExtension vscode.emmet {"startup":true,"extensionId":{"value":"vscode.emmet","_lower":"vscode.emmet"},"activationEvent":"*"}
[2019-10-20 19:43:27.755] [exthost] [info] ExtensionService#loadCommonJSModule file:///snap/code/18/usr/share/code/resources/app/extensions/emmet/dist/extension
[2019-10-20 19:43:27.908] [exthost] [info] ExtensionService#_doActivateExtension vscode.git {"startup":true,"extensionId":{"value":"vscode.git","_lower":"vscode.git"},"activationEvent":"*"}
[2019-10-20 19:43:27.908] [exthost] [info] ExtensionService#loadCommonJSModule file:///snap/code/18/usr/share/code/resources/app/extensions/git/dist/main
[2019-10-20 19:43:28.251] [exthost] [info] ExtensionService#_doActivateExtension vscode.merge-conflict {"startup":true,"extensionId":{"value":"vscode.merge-conflict","_lower":"vscode.merge-conflict"},"activationEvent":"*"}
[2019-10-20 19:43:28.251] [exthost] [info] ExtensionService#loadCommonJSModule file:///snap/code/18/usr/share/code/resources/app/extensions/merge-conflict/dist/extension
[2019-10-20 19:43:28.266] [exthost] [info] ExtensionService#_doActivateExtension bajdzis.vscode-twig-pack {"startup":true,"extensionId":{"value":"bajdzis.vscode-twig-pack","_lower":"bajdzis.vscode-twig-pack"},"activationEvent":"*"}
[2019-10-20 19:43:28.267] [exthost] [info] ExtensionService#loadCommonJSModule file:///home/ghost/.vscode/extensions/bajdzis.vscode-twig-pack-1.1.0/extension
[2019-10-20 19:43:28.276] [exthost] [info] ExtensionService#_doActivateExtension CoenraadS.bracket-pair-colorizer {"startup":true,"extensionId":{"value":"CoenraadS.bracket-pair-colorizer","_lower":"coenraads.bracket-pair-colorizer"},"activationEvent":"*"}
[2019-10-20 19:43:28.277] [exthost] [info] ExtensionService#loadCommonJSModule file:///home/ghost/.vscode/extensions/coenraads.bracket-pair-colorizer-1.0.61/out/src/extension
[2019-10-20 19:43:28.363] [exthost] [info] ExtensionService#_doActivateExtension Equinusocio.vsc-material-theme {"startup":true,"extensionId":{"value":"Equinusocio.vsc-material-theme","_lower":"equinusocio.vsc-material-theme"},"activationEvent":"*"}
[2019-10-20 19:43:28.363] [exthost] [info] ExtensionService#loadCommonJSModule file:///home/ghost/.vscode/extensions/equinusocio.vsc-material-theme-30.0.0/out/src/material.theme.config
[2019-10-20 19:43:28.399] [exthost] [info] ExtensionService#_doActivateExtension esbenp.prettier-vscode {"startup":true,"extensionId":{"value":"esbenp.prettier-vscode","_lower":"esbenp.prettier-vscode"},"activationEvent":"*"}
[2019-10-20 19:43:28.399] [exthost] [info] ExtensionService#loadCommonJSModule file:///home/ghost/.vscode/extensions/esbenp.prettier-vscode-2.3.0/out/extension
[2019-10-20 19:43:29.161] [exthost] [info] ExtensionService#_doActivateExtension manasxx.background-cover {"startup":true,"extensionId":{"value":"manasxx.background-cover","_lower":"manasxx.background-cover"},"activationEvent":"*"}
[2019-10-20 19:43:29.161] [exthost] [info] ExtensionService#loadCommonJSModule file:///home/ghost/.vscode/extensions/manasxx.background-cover-2.2.2/out/extension
[2019-10-20 19:43:29.184] [exthost] [info] ExtensionService#_doActivateExtension mblode.twig-language {"startup":true,"extensionId":{"value":"mblode.twig-language","_lower":"mblode.twig-language"},"activationEvent":"*"}
[2019-10-20 19:43:29.185] [exthost] [info] ExtensionService#loadCommonJSModule file:///home/ghost/.vscode/extensions/mblode.twig-language-0.8.10/extension/index
[2019-10-20 19:43:29.323] [exthost] [info] ExtensionService#_doActivateExtension oderwat.indent-rainbow {"startup":true,"extensionId":{"value":"oderwat.indent-rainbow","_lower":"oderwat.indent-rainbow"},"activationEvent":"*"}
[2019-10-20 19:43:29.323] [exthost] [info] ExtensionService#loadCommonJSModule file:///home/ghost/.vscode/extensions/oderwat.indent-rainbow-7.4.0/out/extension
[2019-10-20 19:43:29.328] [exthost] [info] ExtensionService#_doActivateExtension pranaygp.vscode-css-peek {"startup":true,"extensionId":{"value":"pranaygp.vscode-css-peek","_lower":"pranaygp.vscode-css-peek"},"activationEvent":"*"}
[2019-10-20 19:43:29.329] [exthost] [info] ExtensionService#loadCommonJSModule file:///home/ghost/.vscode/extensions/pranaygp.vscode-css-peek-3.0.2/out/client/src/extension
[2019-10-20 19:43:29.533] [exthost] [info] ExtensionService#_doActivateExtension remimarsal.prettier-now {"startup":true,"extensionId":{"value":"remimarsal.prettier-now","_lower":"remimarsal.prettier-now"},"activationEvent":"*"}
[2019-10-20 19:43:29.534] [exthost] [info] ExtensionService#loadCommonJSModule file:///home/ghost/.vscode/extensions/remimarsal.prettier-now-1.4.9/out/src/extension
[2019-10-20 19:43:29.731] [exthost] [info] ExtensionService#_doActivateExtension Zignd.html-css-class-completion {"startup":true,"extensionId":{"value":"Zignd.html-css-class-completion","_lower":"zignd.html-css-class-completion"},"activationEvent":"*"}
[2019-10-20 19:43:29.731] [exthost] [info] ExtensionService#loadCommonJSModule file:///home/ghost/.vscode/extensions/zignd.html-css-class-completion-1.19.0/out/src/extension
[2019-10-20 19:43:31.521] [exthost] [info] ExtensionService#_doActivateExtension vscode.npm {"startup":true,"extensionId":{"value":"vscode.npm","_lower":"vscode.npm"},"activationEvent":"workspaceContains:package.json"}
[2019-10-20 19:43:31.521] [exthost] [info] ExtensionService#loadCommonJSModule file:///snap/code/18/usr/share/code/resources/app/extensions/npm/dist/main
[2019-10-20 19:43:33.973] [exthost] [info] eager extensions activated
[2019-10-20 19:43:58.451] [exthost] [info] ExtensionService#_doActivateExtension vscode.configuration-editing {"startup":false,"extensionId":{"value":"vscode.configuration-editing","_lower":"vscode.configuration-editing"},"activationEvent":"onLanguage:json"}
[2019-10-20 19:43:58.451] [exthost] [info] ExtensionService#loadCommonJSModule file:///snap/code/18/usr/share/code/resources/app/extensions/configuration-editing/dist/extension
[2019-10-20 19:43:58.494] [exthost] [info] ExtensionService#_doActivateExtension vscode.extension-editing {"startup":false,"extensionId":{"value":"vscode.extension-editing","_lower":"vscode.extension-editing"},"activationEvent":"onLanguage:json"}
[2019-10-20 19:43:58.494] [exthost] [info] ExtensionService#loadCommonJSModule file:///snap/code/18/usr/share/code/resources/app/extensions/extension-editing/dist/extension
[2019-10-20 19:43:58.611] [exthost] [info] ExtensionService#_doActivateExtension vscode.json-language-features {"startup":false,"extensionId":{"value":"vscode.json-language-features","_lower":"vscode.json-language-features"},"activationEvent":"onLanguage:json"}
[2019-10-20 19:43:58.612] [exthost] [info] ExtensionService#loadCommonJSModule file:///snap/code/18/usr/share/code/resources/app/extensions/json-language-features/client/dist/jsonMain
[2019-10-20 19:43:58.803] [exthost] [info] ExtensionService#_doActivateExtension lonefy.vscode-JS-CSS-HTML-formatter {"startup":false,"extensionId":{"value":"lonefy.vscode-JS-CSS-HTML-formatter","_lower":"lonefy.vscode-js-css-html-formatter"},"activationEvent":"onLanguage:json"}
[2019-10-20 19:43:58.803] [exthost] [info] ExtensionService#loadCommonJSModule file:///home/ghost/.vscode/extensions/lonefy.vscode-js-css-html-formatter-0.2.3/out/src/extension
[2019-10-20 19:44:07.682] [exthost] [info] ExtensionService#_doActivateExtension vscode.typescript-language-features {"startup":false,"extensionId":{"value":"vscode.typescript-language-features","_lower":"vscode.typescript-language-features"},"activationEvent":"onLanguage:jsonc"}
[2019-10-20 19:44:07.683] [exthost] [info] ExtensionService#loadCommonJSModule file:///snap/code/18/usr/share/code/resources/app/extensions/typescript-language-features/dist/extension
[2019-10-20 20:58:46.995] [exthost] [error] [vscode.typescript-language-features] provider FAILED
[2019-10-20 20:58:46.996] [exthost] [error] Error: DisposableStore is missing...
    at T._convertCompletionItem (/snap/code/18/usr/share/code/resources/app/out/vs/workbench/services/extensions/node/extensionHostProcess.js:560:618)
    at o.asPromise.then.e (/snap/code/18/usr/share/code/resources/app/out/vs/workbench/services/extensions/node/extensionHostProcess.js:560:248)
[2019-10-20 21:23:19.287] [exthost] [error] [vscode.typescript-language-features] provider FAILED
[2019-10-20 21:23:19.288] [exthost] [error] Error: DisposableStore is missing...
    at T._convertCompletionItem (/snap/code/18/usr/share/code/resources/app/out/vs/workbench/services/extensions/node/extensionHostProcess.js:560:618)
    at o.asPromise.then.e (/snap/code/18/usr/share/code/resources/app/out/vs/workbench/services/extensions/node/extensionHostProcess.js:560:248)
