[2019-10-20 18:55:24.688] [exthost] [info] extension host started
[2019-10-20 18:55:25.255] [exthost] [info] ExtensionService#_doActivateExtension aaron-bond.better-comments {"startup":false,"extensionId":{"value":"aaron-bond.better-comments","_lower":"aaron-bond.better-comments"},"activationEvent":"onLanguage:plaintext"}
[2019-10-20 18:55:25.270] [exthost] [info] ExtensionService#loadCommonJSModule file:///home/ghost/.vscode/extensions/aaron-bond.better-comments-2.0.5/out/extension
[2019-10-20 18:55:25.354] [exthost] [info] ExtensionService#_doActivateExtension pucelle.vscode-css-navigation {"startup":false,"extensionId":{"value":"pucelle.vscode-css-navigation","_lower":"pucelle.vscode-css-navigation"},"activationEvent":"onLanguage:plaintext"}
[2019-10-20 18:55:25.355] [exthost] [info] ExtensionService#loadCommonJSModule file:///home/ghost/.vscode/extensions/pucelle.vscode-css-navigation-1.7.3/client/out/extension
[2019-10-20 18:55:26.290] [exthost] [info] ExtensionService#_doActivateExtension vscode.debug-auto-launch {"startup":true,"extensionId":{"value":"vscode.debug-auto-launch","_lower":"vscode.debug-auto-launch"},"activationEvent":"*"}
[2019-10-20 18:55:26.295] [exthost] [info] ExtensionService#loadCommonJSModule file:///snap/code/18/usr/share/code/resources/app/extensions/debug-auto-launch/dist/extension
[2019-10-20 18:55:26.322] [exthost] [info] ExtensionService#_doActivateExtension vscode.emmet {"startup":true,"extensionId":{"value":"vscode.emmet","_lower":"vscode.emmet"},"activationEvent":"*"}
[2019-10-20 18:55:26.324] [exthost] [info] ExtensionService#loadCommonJSModule file:///snap/code/18/usr/share/code/resources/app/extensions/emmet/dist/extension
[2019-10-20 18:55:27.063] [exthost] [info] ExtensionService#_doActivateExtension vscode.git {"startup":true,"extensionId":{"value":"vscode.git","_lower":"vscode.git"},"activationEvent":"*"}
[2019-10-20 18:55:27.068] [exthost] [info] ExtensionService#loadCommonJSModule file:///snap/code/18/usr/share/code/resources/app/extensions/git/dist/main
[2019-10-20 18:55:28.490] [exthost] [info] ExtensionService#_doActivateExtension vscode.merge-conflict {"startup":true,"extensionId":{"value":"vscode.merge-conflict","_lower":"vscode.merge-conflict"},"activationEvent":"*"}
[2019-10-20 18:55:28.491] [exthost] [info] ExtensionService#loadCommonJSModule file:///snap/code/18/usr/share/code/resources/app/extensions/merge-conflict/dist/extension
[2019-10-20 18:55:28.582] [exthost] [info] ExtensionService#_doActivateExtension bajdzis.vscode-twig-pack {"startup":true,"extensionId":{"value":"bajdzis.vscode-twig-pack","_lower":"bajdzis.vscode-twig-pack"},"activationEvent":"*"}
[2019-10-20 18:55:28.588] [exthost] [info] ExtensionService#loadCommonJSModule file:///home/ghost/.vscode/extensions/bajdzis.vscode-twig-pack-1.1.0/extension
[2019-10-20 18:55:28.641] [exthost] [info] ExtensionService#_doActivateExtension CoenraadS.bracket-pair-colorizer {"startup":true,"extensionId":{"value":"CoenraadS.bracket-pair-colorizer","_lower":"coenraads.bracket-pair-colorizer"},"activationEvent":"*"}
[2019-10-20 18:55:28.644] [exthost] [info] ExtensionService#loadCommonJSModule file:///home/ghost/.vscode/extensions/coenraads.bracket-pair-colorizer-1.0.61/out/src/extension
[2019-10-20 18:55:28.876] [exthost] [info] ExtensionService#_doActivateExtension Equinusocio.vsc-material-theme {"startup":true,"extensionId":{"value":"Equinusocio.vsc-material-theme","_lower":"equinusocio.vsc-material-theme"},"activationEvent":"*"}
[2019-10-20 18:55:28.887] [exthost] [info] ExtensionService#loadCommonJSModule file:///home/ghost/.vscode/extensions/equinusocio.vsc-material-theme-30.0.0/out/src/material.theme.config
[2019-10-20 18:55:29.058] [exthost] [info] ExtensionService#_doActivateExtension esbenp.prettier-vscode {"startup":true,"extensionId":{"value":"esbenp.prettier-vscode","_lower":"esbenp.prettier-vscode"},"activationEvent":"*"}
[2019-10-20 18:55:29.073] [exthost] [info] ExtensionService#loadCommonJSModule file:///home/ghost/.vscode/extensions/esbenp.prettier-vscode-2.3.0/out/extension
[2019-10-20 18:55:31.139] [exthost] [info] ExtensionService#_doActivateExtension manasxx.background-cover {"startup":true,"extensionId":{"value":"manasxx.background-cover","_lower":"manasxx.background-cover"},"activationEvent":"*"}
[2019-10-20 18:55:31.139] [exthost] [info] ExtensionService#loadCommonJSModule file:///home/ghost/.vscode/extensions/manasxx.background-cover-2.2.2/out/extension
[2019-10-20 18:55:31.163] [exthost] [info] ExtensionService#_doActivateExtension mblode.twig-language {"startup":true,"extensionId":{"value":"mblode.twig-language","_lower":"mblode.twig-language"},"activationEvent":"*"}
[2019-10-20 18:55:31.168] [exthost] [info] ExtensionService#loadCommonJSModule file:///home/ghost/.vscode/extensions/mblode.twig-language-0.8.10/extension/index
[2019-10-20 18:55:31.366] [exthost] [info] ExtensionService#_doActivateExtension oderwat.indent-rainbow {"startup":true,"extensionId":{"value":"oderwat.indent-rainbow","_lower":"oderwat.indent-rainbow"},"activationEvent":"*"}
[2019-10-20 18:55:31.366] [exthost] [info] ExtensionService#loadCommonJSModule file:///home/ghost/.vscode/extensions/oderwat.indent-rainbow-7.4.0/out/extension
[2019-10-20 18:55:31.415] [exthost] [info] ExtensionService#_doActivateExtension pranaygp.vscode-css-peek {"startup":true,"extensionId":{"value":"pranaygp.vscode-css-peek","_lower":"pranaygp.vscode-css-peek"},"activationEvent":"*"}
[2019-10-20 18:55:31.416] [exthost] [info] ExtensionService#loadCommonJSModule file:///home/ghost/.vscode/extensions/pranaygp.vscode-css-peek-3.0.2/out/client/src/extension
[2019-10-20 18:55:31.687] [exthost] [info] ExtensionService#_doActivateExtension remimarsal.prettier-now {"startup":true,"extensionId":{"value":"remimarsal.prettier-now","_lower":"remimarsal.prettier-now"},"activationEvent":"*"}
[2019-10-20 18:55:31.687] [exthost] [info] ExtensionService#loadCommonJSModule file:///home/ghost/.vscode/extensions/remimarsal.prettier-now-1.4.9/out/src/extension
[2019-10-20 18:55:32.070] [exthost] [info] ExtensionService#_doActivateExtension Zignd.html-css-class-completion {"startup":true,"extensionId":{"value":"Zignd.html-css-class-completion","_lower":"zignd.html-css-class-completion"},"activationEvent":"*"}
[2019-10-20 18:55:32.071] [exthost] [info] ExtensionService#loadCommonJSModule file:///home/ghost/.vscode/extensions/zignd.html-css-class-completion-1.19.0/out/src/extension
[2019-10-20 18:55:34.328] [exthost] [info] ExtensionService#_doActivateExtension vscode.npm {"startup":true,"extensionId":{"value":"vscode.npm","_lower":"vscode.npm"},"activationEvent":"workspaceContains:package.json"}
[2019-10-20 18:55:34.328] [exthost] [info] ExtensionService#loadCommonJSModule file:///snap/code/18/usr/share/code/resources/app/extensions/npm/dist/main
[2019-10-20 18:55:36.624] [exthost] [info] ExtensionService#_doActivateExtension felixfbecker.php-intellisense {"startup":true,"extensionId":{"value":"felixfbecker.php-intellisense","_lower":"felixfbecker.php-intellisense"},"activationEvent":"workspaceContains:**/*.php"}
[2019-10-20 18:55:36.624] [exthost] [info] ExtensionService#loadCommonJSModule file:///home/ghost/.vscode/extensions/felixfbecker.php-intellisense-2.3.13/out/extension
[2019-10-20 18:55:37.845] [exthost] [info] eager extensions activated
[2019-10-20 18:57:27.229] [exthost] [info] ExtensionService#_doActivateExtension vscode.typescript-language-features {"startup":false,"extensionId":{"value":"vscode.typescript-language-features","_lower":"vscode.typescript-language-features"},"activationEvent":"onLanguage:javascript"}
[2019-10-20 18:57:27.230] [exthost] [info] ExtensionService#loadCommonJSModule file:///snap/code/18/usr/share/code/resources/app/extensions/typescript-language-features/dist/extension
[2019-10-20 18:57:27.598] [exthost] [info] ExtensionService#_doActivateExtension ecmel.vscode-html-css {"startup":false,"extensionId":{"value":"ecmel.vscode-html-css","_lower":"ecmel.vscode-html-css"},"activationEvent":"onLanguage:javascript"}
[2019-10-20 18:57:27.599] [exthost] [info] ExtensionService#loadCommonJSModule file:///home/ghost/.vscode/extensions/ecmel.vscode-html-css-0.2.3/dist/extension
[2019-10-20 18:57:28.462] [exthost] [info] ExtensionService#_doActivateExtension lonefy.vscode-JS-CSS-HTML-formatter {"startup":false,"extensionId":{"value":"lonefy.vscode-JS-CSS-HTML-formatter","_lower":"lonefy.vscode-js-css-html-formatter"},"activationEvent":"onLanguage:javascript"}
[2019-10-20 18:57:28.470] [exthost] [info] ExtensionService#loadCommonJSModule file:///home/ghost/.vscode/extensions/lonefy.vscode-js-css-html-formatter-0.2.3/out/src/extension
[2019-10-20 18:58:10.894] [exthost] [info] ExtensionService#_doActivateExtension vscode.extension-editing {"startup":false,"extensionId":{"value":"vscode.extension-editing","_lower":"vscode.extension-editing"},"activationEvent":"onLanguage:typescript"}
[2019-10-20 18:58:10.895] [exthost] [info] ExtensionService#loadCommonJSModule file:///snap/code/18/usr/share/code/resources/app/extensions/extension-editing/dist/extension
[2019-10-20 18:58:11.085] [exthost] [error] [vscode.typescript-language-features] provider FAILED
[2019-10-20 18:58:11.117] [exthost] [error] Error: DisposableStore is missing...
    at T._convertCompletionItem (/snap/code/18/usr/share/code/resources/app/out/vs/workbench/services/extensions/node/extensionHostProcess.js:560:618)
    at o.asPromise.then.e (/snap/code/18/usr/share/code/resources/app/out/vs/workbench/services/extensions/node/extensionHostProcess.js:560:248)
[2019-10-20 18:59:24.784] [exthost] [error] [vscode.typescript-language-features] provider FAILED
[2019-10-20 18:59:24.785] [exthost] [error] Error: DisposableStore is missing...
    at T._convertCompletionItem (/snap/code/18/usr/share/code/resources/app/out/vs/workbench/services/extensions/node/extensionHostProcess.js:560:618)
    at o.asPromise.then.e (/snap/code/18/usr/share/code/resources/app/out/vs/workbench/services/extensions/node/extensionHostProcess.js:560:248)
[2019-10-20 18:59:24.785] [exthost] [error] [vscode.typescript-language-features] provider FAILED
[2019-10-20 18:59:24.786] [exthost] [error] Error: DisposableStore is missing...
    at T._convertCompletionItem (/snap/code/18/usr/share/code/resources/app/out/vs/workbench/services/extensions/node/extensionHostProcess.js:560:618)
    at o.asPromise.then.e (/snap/code/18/usr/share/code/resources/app/out/vs/workbench/services/extensions/node/extensionHostProcess.js:560:248)
[2019-10-20 19:01:53.307] [exthost] [error] [vscode.typescript-language-features] provider FAILED
[2019-10-20 19:01:53.324] [exthost] [error] Error: DisposableStore is missing...
    at T._convertCompletionItem (/snap/code/18/usr/share/code/resources/app/out/vs/workbench/services/extensions/node/extensionHostProcess.js:560:618)
    at o.asPromise.then.e (/snap/code/18/usr/share/code/resources/app/out/vs/workbench/services/extensions/node/extensionHostProcess.js:560:248)
[2019-10-20 19:19:21.472] [exthost] [info] ExtensionService#_doActivateExtension vscode.php-language-features {"startup":false,"extensionId":{"value":"vscode.php-language-features","_lower":"vscode.php-language-features"},"activationEvent":"onLanguage:php"}
[2019-10-20 19:19:21.473] [exthost] [info] ExtensionService#loadCommonJSModule file:///snap/code/18/usr/share/code/resources/app/extensions/php-language-features/dist/phpMain
[2019-10-20 19:19:21.550] [exthost] [info] ExtensionService#_doActivateExtension bmewburn.vscode-intelephense-client {"startup":false,"extensionId":{"value":"bmewburn.vscode-intelephense-client","_lower":"bmewburn.vscode-intelephense-client"},"activationEvent":"onLanguage:php"}
[2019-10-20 19:19:21.550] [exthost] [info] ExtensionService#loadCommonJSModule file:///home/ghost/.vscode/extensions/bmewburn.vscode-intelephense-client-1.2.3/lib/extension
[2019-10-20 19:22:30.906] [exthost] [info] ExtensionService#_doActivateExtension ms-azuretools.vscode-docker {"startup":false,"extensionId":{"value":"ms-azuretools.vscode-docker","_lower":"ms-azuretools.vscode-docker"},"activationEvent":"onLanguage:yaml"}
[2019-10-20 19:22:30.912] [exthost] [info] ExtensionService#loadCommonJSModule file:///home/ghost/.vscode/extensions/ms-azuretools.vscode-docker-0.8.1/main
