[2019-10-16 22:47:04.627] [exthost] [info] extension host started
[2019-10-16 22:47:05.323] [exthost] [info] ExtensionService#_doActivateExtension aaron-bond.better-comments {"startup":false,"extensionId":{"value":"aaron-bond.better-comments","_lower":"aaron-bond.better-comments"},"activationEvent":"onLanguage:plaintext"}
[2019-10-16 22:47:05.341] [exthost] [info] ExtensionService#loadCommonJSModule file:///home/ghost/.vscode/extensions/aaron-bond.better-comments-2.0.5/out/extension
[2019-10-16 22:47:05.400] [exthost] [info] ExtensionService#_doActivateExtension pucelle.vscode-css-navigation {"startup":false,"extensionId":{"value":"pucelle.vscode-css-navigation","_lower":"pucelle.vscode-css-navigation"},"activationEvent":"onLanguage:plaintext"}
[2019-10-16 22:47:05.401] [exthost] [info] ExtensionService#loadCommonJSModule file:///home/ghost/.vscode/extensions/pucelle.vscode-css-navigation-1.7.3/client/out/extension
[2019-10-16 22:47:06.438] [exthost] [info] ExtensionService#_doActivateExtension vscode.typescript-language-features {"startup":false,"extensionId":{"value":"vscode.typescript-language-features","_lower":"vscode.typescript-language-features"},"activationEvent":"onLanguage:javascript"}
[2019-10-16 22:47:06.438] [exthost] [info] ExtensionService#loadCommonJSModule file:///snap/code/18/usr/share/code/resources/app/extensions/typescript-language-features/dist/extension
[2019-10-16 22:47:06.685] [exthost] [info] ExtensionService#_doActivateExtension ecmel.vscode-html-css {"startup":false,"extensionId":{"value":"ecmel.vscode-html-css","_lower":"ecmel.vscode-html-css"},"activationEvent":"onLanguage:javascript"}
[2019-10-16 22:47:06.685] [exthost] [info] ExtensionService#loadCommonJSModule file:///home/ghost/.vscode/extensions/ecmel.vscode-html-css-0.2.3/dist/extension
[2019-10-16 22:47:07.355] [exthost] [info] ExtensionService#_doActivateExtension lonefy.vscode-JS-CSS-HTML-formatter {"startup":false,"extensionId":{"value":"lonefy.vscode-JS-CSS-HTML-formatter","_lower":"lonefy.vscode-js-css-html-formatter"},"activationEvent":"onLanguage:javascript"}
[2019-10-16 22:47:07.358] [exthost] [info] ExtensionService#loadCommonJSModule file:///home/ghost/.vscode/extensions/lonefy.vscode-js-css-html-formatter-0.2.3/out/src/extension
[2019-10-16 22:47:07.772] [exthost] [info] ExtensionService#_doActivateExtension remimarsal.prettier-now {"startup":false,"extensionId":{"value":"remimarsal.prettier-now","_lower":"remimarsal.prettier-now"},"activationEvent":"onLanguage:javascript"}
[2019-10-16 22:47:07.782] [exthost] [info] ExtensionService#loadCommonJSModule file:///home/ghost/.vscode/extensions/remimarsal.prettier-now-1.4.9/out/src/extension
[2019-10-16 22:47:08.240] [exthost] [info] ExtensionService#_doActivateExtension vscode.debug-auto-launch {"startup":true,"extensionId":{"value":"vscode.debug-auto-launch","_lower":"vscode.debug-auto-launch"},"activationEvent":"*"}
[2019-10-16 22:47:08.241] [exthost] [info] ExtensionService#loadCommonJSModule file:///snap/code/18/usr/share/code/resources/app/extensions/debug-auto-launch/dist/extension
[2019-10-16 22:47:08.341] [exthost] [info] ExtensionService#_doActivateExtension vscode.emmet {"startup":true,"extensionId":{"value":"vscode.emmet","_lower":"vscode.emmet"},"activationEvent":"*"}
[2019-10-16 22:47:08.341] [exthost] [info] ExtensionService#loadCommonJSModule file:///snap/code/18/usr/share/code/resources/app/extensions/emmet/dist/extension
[2019-10-16 22:47:08.529] [exthost] [info] ExtensionService#_doActivateExtension vscode.git {"startup":true,"extensionId":{"value":"vscode.git","_lower":"vscode.git"},"activationEvent":"*"}
[2019-10-16 22:47:08.530] [exthost] [info] ExtensionService#loadCommonJSModule file:///snap/code/18/usr/share/code/resources/app/extensions/git/dist/main
[2019-10-16 22:47:08.871] [exthost] [info] ExtensionService#_doActivateExtension vscode.merge-conflict {"startup":true,"extensionId":{"value":"vscode.merge-conflict","_lower":"vscode.merge-conflict"},"activationEvent":"*"}
[2019-10-16 22:47:08.871] [exthost] [info] ExtensionService#loadCommonJSModule file:///snap/code/18/usr/share/code/resources/app/extensions/merge-conflict/dist/extension
[2019-10-16 22:47:08.889] [exthost] [info] ExtensionService#_doActivateExtension bajdzis.vscode-twig-pack {"startup":true,"extensionId":{"value":"bajdzis.vscode-twig-pack","_lower":"bajdzis.vscode-twig-pack"},"activationEvent":"*"}
[2019-10-16 22:47:08.890] [exthost] [info] ExtensionService#loadCommonJSModule file:///home/ghost/.vscode/extensions/bajdzis.vscode-twig-pack-1.1.0/extension
[2019-10-16 22:47:08.954] [exthost] [info] ExtensionService#_doActivateExtension CoenraadS.bracket-pair-colorizer {"startup":true,"extensionId":{"value":"CoenraadS.bracket-pair-colorizer","_lower":"coenraads.bracket-pair-colorizer"},"activationEvent":"*"}
[2019-10-16 22:47:08.954] [exthost] [info] ExtensionService#loadCommonJSModule file:///home/ghost/.vscode/extensions/coenraads.bracket-pair-colorizer-1.0.61/out/src/extension
[2019-10-16 22:47:09.812] [exthost] [info] ExtensionService#_doActivateExtension Equinusocio.vsc-material-theme {"startup":true,"extensionId":{"value":"Equinusocio.vsc-material-theme","_lower":"equinusocio.vsc-material-theme"},"activationEvent":"*"}
[2019-10-16 22:47:09.812] [exthost] [info] ExtensionService#loadCommonJSModule file:///home/ghost/.vscode/extensions/equinusocio.vsc-material-theme-30.0.0/out/src/material.theme.config
[2019-10-16 22:47:09.945] [exthost] [info] ExtensionService#_doActivateExtension esbenp.prettier-vscode {"startup":true,"extensionId":{"value":"esbenp.prettier-vscode","_lower":"esbenp.prettier-vscode"},"activationEvent":"*"}
[2019-10-16 22:47:09.945] [exthost] [info] ExtensionService#loadCommonJSModule file:///home/ghost/.vscode/extensions/esbenp.prettier-vscode-2.3.0/out/extension
[2019-10-16 22:47:11.624] [exthost] [info] ExtensionService#_doActivateExtension manasxx.background-cover {"startup":true,"extensionId":{"value":"manasxx.background-cover","_lower":"manasxx.background-cover"},"activationEvent":"*"}
[2019-10-16 22:47:11.624] [exthost] [info] ExtensionService#loadCommonJSModule file:///home/ghost/.vscode/extensions/manasxx.background-cover-2.2.2/out/extension
[2019-10-16 22:47:11.720] [exthost] [info] ExtensionService#_doActivateExtension mblode.twig-language {"startup":true,"extensionId":{"value":"mblode.twig-language","_lower":"mblode.twig-language"},"activationEvent":"*"}
[2019-10-16 22:47:11.720] [exthost] [info] ExtensionService#loadCommonJSModule file:///home/ghost/.vscode/extensions/mblode.twig-language-0.8.10/extension/index
[2019-10-16 22:47:11.836] [exthost] [info] ExtensionService#_doActivateExtension oderwat.indent-rainbow {"startup":true,"extensionId":{"value":"oderwat.indent-rainbow","_lower":"oderwat.indent-rainbow"},"activationEvent":"*"}
[2019-10-16 22:47:11.837] [exthost] [info] ExtensionService#loadCommonJSModule file:///home/ghost/.vscode/extensions/oderwat.indent-rainbow-7.4.0/out/extension
[2019-10-16 22:47:11.872] [exthost] [info] ExtensionService#_doActivateExtension pranaygp.vscode-css-peek {"startup":true,"extensionId":{"value":"pranaygp.vscode-css-peek","_lower":"pranaygp.vscode-css-peek"},"activationEvent":"*"}
[2019-10-16 22:47:11.872] [exthost] [info] ExtensionService#loadCommonJSModule file:///home/ghost/.vscode/extensions/pranaygp.vscode-css-peek-3.0.2/out/client/src/extension
[2019-10-16 22:47:12.119] [exthost] [info] ExtensionService#_doActivateExtension Zignd.html-css-class-completion {"startup":true,"extensionId":{"value":"Zignd.html-css-class-completion","_lower":"zignd.html-css-class-completion"},"activationEvent":"*"}
[2019-10-16 22:47:12.120] [exthost] [info] ExtensionService#loadCommonJSModule file:///home/ghost/.vscode/extensions/zignd.html-css-class-completion-1.19.0/out/src/extension
[2019-10-16 22:47:14.102] [exthost] [info] ExtensionService#_doActivateExtension vscode.npm {"startup":true,"extensionId":{"value":"vscode.npm","_lower":"vscode.npm"},"activationEvent":"workspaceContains:package.json"}
[2019-10-16 22:47:14.102] [exthost] [info] ExtensionService#loadCommonJSModule file:///snap/code/18/usr/share/code/resources/app/extensions/npm/dist/main
[2019-10-16 22:47:21.099] [exthost] [info] ExtensionService#_doActivateExtension felixfbecker.php-intellisense {"startup":true,"extensionId":{"value":"felixfbecker.php-intellisense","_lower":"felixfbecker.php-intellisense"},"activationEvent":"workspaceContainsTimeout:**/*.php"}
[2019-10-16 22:47:21.099] [exthost] [info] ExtensionService#loadCommonJSModule file:///home/ghost/.vscode/extensions/felixfbecker.php-intellisense-2.3.13/out/extension
[2019-10-16 22:47:22.060] [exthost] [info] ExtensionService#_doActivateExtension Prisma.vscode-graphql {"startup":true,"extensionId":{"value":"Prisma.vscode-graphql","_lower":"prisma.vscode-graphql"},"activationEvent":"workspaceContainsTimeout:**/.graphqlconfig,**/.graphqlconfig.yml,**/.graphqlconfig.yaml"}
[2019-10-16 22:47:22.060] [exthost] [info] ExtensionService#loadCommonJSModule file:///home/ghost/.vscode/extensions/prisma.vscode-graphql-0.2.2/out/extension
[2019-10-16 22:47:28.711] [exthost] [info] eager extensions activated
[2019-10-16 22:49:00.772] [exthost] [info] ExtensionService#_doActivateExtension vscode.extension-editing {"startup":false,"extensionId":{"value":"vscode.extension-editing","_lower":"vscode.extension-editing"},"activationEvent":"onLanguage:typescript"}
[2019-10-16 22:49:00.772] [exthost] [info] ExtensionService#loadCommonJSModule file:///snap/code/18/usr/share/code/resources/app/extensions/extension-editing/dist/extension
