[18:57:27] Client for workspace folder "maerskline" started
[18:57:35] Server for workspace folder "maerskline" started
[18:58:20] /home/ghost/maerskline/public/css/app.css tracked
[18:58:20] /home/ghost/maerskline/public/css/style.css tracked
[18:58:20] /home/ghost/maerskline/public/fontawesome/css/all.css tracked
[18:58:20] /home/ghost/maerskline/public/fontawesome/css/all.min.css tracked
[18:58:20] /home/ghost/maerskline/public/fontawesome/css/brands.css tracked
[18:58:20] /home/ghost/maerskline/public/fontawesome/css/brands.min.css tracked
[18:58:20] /home/ghost/maerskline/public/fontawesome/css/fontawesome.css tracked
[18:58:20] /home/ghost/maerskline/public/fontawesome/css/fontawesome.min.css tracked
[18:58:20] /home/ghost/maerskline/public/fontawesome/css/regular.css tracked
[18:58:20] /home/ghost/maerskline/public/fontawesome/css/regular.min.css tracked
[18:58:20] /home/ghost/maerskline/public/fontawesome/css/solid.css tracked
[18:58:20] /home/ghost/maerskline/public/fontawesome/css/solid.min.css tracked
[18:58:20] /home/ghost/maerskline/public/fontawesome/css/svg-with-js.css tracked
[18:58:20] /home/ghost/maerskline/public/fontawesome/css/svg-with-js.min.css tracked
[18:58:20] /home/ghost/maerskline/public/fontawesome/css/v4-shims.css tracked
[18:58:20] /home/ghost/maerskline/public/fontawesome/css/v4-shims.min.css tracked
[18:58:20] /home/ghost/maerskline/public/fontawesome/less/_animated.less tracked
[18:58:20] /home/ghost/maerskline/public/fontawesome/less/_bordered-pulled.less tracked
[18:58:20] /home/ghost/maerskline/public/fontawesome/less/_core.less tracked
[18:58:20] /home/ghost/maerskline/public/fontawesome/less/_fixed-width.less tracked
[18:58:20] /home/ghost/maerskline/public/fontawesome/less/_icons.less tracked
[18:58:20] /home/ghost/maerskline/public/fontawesome/less/_larger.less tracked
[18:58:20] /home/ghost/maerskline/public/fontawesome/less/_list.less tracked
[18:58:20] /home/ghost/maerskline/public/fontawesome/less/_mixins.less tracked
[18:58:20] /home/ghost/maerskline/public/fontawesome/less/_rotated-flipped.less tracked
[18:58:20] /home/ghost/maerskline/public/fontawesome/less/_screen-reader.less tracked
[18:58:20] /home/ghost/maerskline/public/fontawesome/less/_shims.less tracked
[18:58:20] /home/ghost/maerskline/public/fontawesome/less/_stacked.less tracked
[18:58:20] /home/ghost/maerskline/public/fontawesome/less/_variables.less tracked
[18:58:20] /home/ghost/maerskline/public/fontawesome/less/brands.less tracked
[18:58:20] /home/ghost/maerskline/public/fontawesome/less/fontawesome.less tracked
[18:58:20] /home/ghost/maerskline/public/fontawesome/less/regular.less tracked
[18:58:20] /home/ghost/maerskline/public/fontawesome/less/solid.less tracked
[18:58:20] /home/ghost/maerskline/public/fontawesome/less/v4-shims.less tracked
[18:58:20] /home/ghost/maerskline/public/fontawesome/scss/_animated.scss tracked
[18:58:20] /home/ghost/maerskline/public/fontawesome/scss/_bordered-pulled.scss tracked
[18:58:20] /home/ghost/maerskline/public/fontawesome/scss/_core.scss tracked
[18:58:20] /home/ghost/maerskline/public/fontawesome/scss/_fixed-width.scss tracked
[18:58:20] /home/ghost/maerskline/public/fontawesome/scss/_icons.scss tracked
[18:58:20] /home/ghost/maerskline/public/fontawesome/scss/_larger.scss tracked
[18:58:20] /home/ghost/maerskline/public/fontawesome/scss/_list.scss tracked
[18:58:20] /home/ghost/maerskline/public/fontawesome/scss/_mixins.scss tracked
[18:58:20] /home/ghost/maerskline/public/fontawesome/scss/_rotated-flipped.scss tracked
[18:58:20] /home/ghost/maerskline/public/fontawesome/scss/_screen-reader.scss tracked
[18:58:20] /home/ghost/maerskline/public/fontawesome/scss/_shims.scss tracked
[18:58:20] /home/ghost/maerskline/public/fontawesome/scss/_stacked.scss tracked
[18:58:20] /home/ghost/maerskline/public/fontawesome/scss/_variables.scss tracked
[18:58:20] /home/ghost/maerskline/public/fontawesome/scss/brands.scss tracked
[18:58:20] /home/ghost/maerskline/public/fontawesome/scss/fontawesome.scss tracked
[18:58:20] /home/ghost/maerskline/public/fontawesome/scss/regular.scss tracked
[18:58:20] /home/ghost/maerskline/public/fontawesome/scss/solid.scss tracked
[18:58:20] /home/ghost/maerskline/public/fontawesome/scss/v4-shims.scss tracked
[18:58:20] /home/ghost/maerskline/resources/sass/_variables.scss tracked
[18:58:20] /home/ghost/maerskline/resources/sass/app.scss tracked
[18:58:20] 54 files tracked in 1857 ms
[18:58:20] /home/ghost/maerskline/public/css/style.css loaded
[18:58:20] /home/ghost/maerskline/public/fontawesome/css/brands.css loaded
[18:58:20] /home/ghost/maerskline/public/fontawesome/css/brands.min.css loaded
[18:58:20] /home/ghost/maerskline/public/fontawesome/css/regular.css loaded
[18:58:20] /home/ghost/maerskline/public/fontawesome/css/regular.min.css loaded
[18:58:20] /home/ghost/maerskline/public/fontawesome/css/solid.css loaded
[18:58:20] /home/ghost/maerskline/public/fontawesome/css/solid.min.css loaded
[18:58:20] /home/ghost/maerskline/public/fontawesome/css/svg-with-js.css loaded
[18:58:20] /home/ghost/maerskline/public/fontawesome/css/svg-with-js.min.css loaded
[18:58:20] /home/ghost/maerskline/public/fontawesome/less/_animated.less loaded
[18:58:20] /home/ghost/maerskline/public/fontawesome/less/_bordered-pulled.less loaded
[18:58:20] /home/ghost/maerskline/public/fontawesome/less/_core.less loaded
[18:58:20] /home/ghost/maerskline/public/fontawesome/less/_fixed-width.less loaded
[18:58:20] /home/ghost/maerskline/public/fontawesome/less/_larger.less loaded
[18:58:20] /home/ghost/maerskline/public/fontawesome/less/_list.less loaded
[18:58:20] /home/ghost/maerskline/public/fontawesome/less/_mixins.less loaded
[18:58:20] /home/ghost/maerskline/public/fontawesome/less/_rotated-flipped.less loaded
[18:58:20] /home/ghost/maerskline/public/fontawesome/less/_screen-reader.less loaded
[18:58:20] /home/ghost/maerskline/public/fontawesome/less/_stacked.less loaded
[18:58:20] /home/ghost/maerskline/public/fontawesome/scss/_animated.scss loaded
[18:58:20] /home/ghost/maerskline/public/fontawesome/scss/_bordered-pulled.scss loaded
[18:58:20] /home/ghost/maerskline/public/fontawesome/scss/_core.scss loaded
[18:58:20] /home/ghost/maerskline/public/fontawesome/scss/_fixed-width.scss loaded
[18:58:20] /home/ghost/maerskline/public/fontawesome/scss/_larger.scss loaded
[18:58:20] /home/ghost/maerskline/public/fontawesome/scss/_list.scss loaded
[18:58:20] /home/ghost/maerskline/public/fontawesome/scss/_mixins.scss loaded
[18:58:20] /home/ghost/maerskline/public/fontawesome/scss/_rotated-flipped.scss loaded
[18:58:20] /home/ghost/maerskline/public/fontawesome/scss/_screen-reader.scss loaded
[18:58:20] /home/ghost/maerskline/public/fontawesome/scss/_stacked.scss loaded
[18:58:20] /home/ghost/maerskline/resources/sass/_variables.scss loaded
[18:58:21] /home/ghost/maerskline/public/fontawesome/css/v4-shims.min.css loaded
[18:58:21] /home/ghost/maerskline/public/fontawesome/less/_variables.less loaded
[18:58:21] /home/ghost/maerskline/public/fontawesome/less/brands.less loaded
[18:58:21] /home/ghost/maerskline/public/fontawesome/less/regular.less loaded
[18:58:21] /home/ghost/maerskline/public/fontawesome/less/solid.less loaded
[18:58:21] /home/ghost/maerskline/public/fontawesome/scss/_variables.scss loaded
[18:58:21] /home/ghost/maerskline/public/fontawesome/scss/brands.scss loaded
[18:58:21] /home/ghost/maerskline/public/fontawesome/scss/regular.scss loaded
[18:58:21] /home/ghost/maerskline/public/fontawesome/scss/solid.scss loaded
[18:58:21] /home/ghost/maerskline/public/fontawesome/css/v4-shims.css loaded
[18:58:21] /home/ghost/maerskline/public/fontawesome/css/all.min.css loaded
[18:58:21] /home/ghost/maerskline/public/fontawesome/css/fontawesome.min.css loaded
[18:58:21] /home/ghost/maerskline/public/fontawesome/less/_shims.less loaded
[18:58:21] /home/ghost/maerskline/public/fontawesome/less/v4-shims.less loaded
[18:58:21] /home/ghost/maerskline/public/fontawesome/scss/_shims.scss loaded
[18:58:21] /home/ghost/maerskline/public/fontawesome/scss/v4-shims.scss loaded
[18:58:21] /home/ghost/maerskline/public/fontawesome/css/all.css loaded
[18:58:21] /home/ghost/maerskline/public/fontawesome/css/fontawesome.css loaded
[18:58:21] /home/ghost/maerskline/public/fontawesome/less/_icons.less loaded
[18:58:21] /home/ghost/maerskline/public/fontawesome/less/fontawesome.less loaded
[18:58:21] /home/ghost/maerskline/public/fontawesome/scss/_icons.scss loaded
[18:58:21] /home/ghost/maerskline/public/css/app.css loaded
[18:58:22] /home/ghost/maerskline/resources/sass/app.scss loaded
[18:58:22] /home/ghost/maerskline/public/fontawesome/scss/fontawesome.scss loaded
[18:58:22] 54 files loaded in 1339 ms
[18:58:22] No completion found, 3280 ms cost
[19:03:15] No definition found, 40 ms cost
[19:37:12] Client for workspace folder "maerskline" stopped
