[Server(16461) file:///home/ghost/maerskline] Started and initialize received
[Server(16461) file:///home/ghost/maerskline] Setup a stylesheet lookup map
[Server(16461) file:///home/ghost/maerskline] Document opened: file:///home/ghost/maerskline/public/js/datascript.js
[Server(16461) file:///home/ghost/maerskline] Document changed: file:///home/ghost/maerskline/public/js/datascript.js
[Server(16461) file:///home/ghost/maerskline] Document changed: file:///home/ghost/maerskline/public/js/datascript.js
[Server(16461) file:///home/ghost/maerskline] Document changed: file:///home/ghost/maerskline/public/js/datascript.js
[Server(16461) file:///home/ghost/maerskline] Document changed: file:///home/ghost/maerskline/public/js/datascript.js
[Server(16461) file:///home/ghost/maerskline] Document changed: file:///home/ghost/maerskline/public/js/datascript.js
[Server(16461) file:///home/ghost/maerskline] Document changed: file:///home/ghost/maerskline/public/js/datascript.js
[Server(16461) file:///home/ghost/maerskline] Document changed: file:///home/ghost/maerskline/public/js/datascript.js
[Server(16461) file:///home/ghost/maerskline] Document changed: file:///home/ghost/maerskline/public/js/datascript.js
[Server(16461) file:///home/ghost/maerskline] Document changed: file:///home/ghost/maerskline/public/js/datascript.js
[Server(16461) file:///home/ghost/maerskline] Document changed: file:///home/ghost/maerskline/public/js/datascript.js
[Server(16461) file:///home/ghost/maerskline] Document changed: file:///home/ghost/maerskline/public/js/datascript.js
[Server(16461) file:///home/ghost/maerskline] Document changed: file:///home/ghost/maerskline/public/js/datascript.js
[Server(16461) file:///home/ghost/maerskline] Document changed: file:///home/ghost/maerskline/public/js/datascript.js
[Server(16461) file:///home/ghost/maerskline] Document changed: file:///home/ghost/maerskline/public/js/datascript.js
[Server(16461) file:///home/ghost/maerskline] Document changed: file:///home/ghost/maerskline/public/js/datascript.js
[Server(16461) file:///home/ghost/maerskline] Document changed: file:///home/ghost/maerskline/public/js/datascript.js
[Server(16461) file:///home/ghost/maerskline] Document changed: file:///home/ghost/maerskline/public/js/datascript.js
[Server(16461) file:///home/ghost/maerskline] Document changed: file:///home/ghost/maerskline/public/js/datascript.js
[Server(16461) file:///home/ghost/maerskline] Document changed: file:///home/ghost/maerskline/public/js/datascript.js
[Server(16461) file:///home/ghost/maerskline] Document changed: file:///home/ghost/maerskline/public/js/datascript.js
[Server(16461) file:///home/ghost/maerskline] Document changed: file:///home/ghost/maerskline/public/js/datascript.js
[Server(16461) file:///home/ghost/maerskline] Document changed: file:///home/ghost/maerskline/public/js/datascript.js
[Server(16461) file:///home/ghost/maerskline] Document changed: file:///home/ghost/maerskline/public/js/datascript.js
[Server(16461) file:///home/ghost/maerskline] Document changed: file:///home/ghost/maerskline/public/js/datascript.js
[Server(16461) file:///home/ghost/maerskline] Document changed: file:///home/ghost/maerskline/public/js/datascript.js
[Server(16461) file:///home/ghost/maerskline] Document changed: file:///home/ghost/maerskline/public/js/datascript.js
[Server(16461) file:///home/ghost/maerskline] Document changed: file:///home/ghost/maerskline/public/js/datascript.js
[Server(16461) file:///home/ghost/maerskline] Document changed: file:///home/ghost/maerskline/public/js/datascript.js
[Server(16461) file:///home/ghost/maerskline] Document changed: file:///home/ghost/maerskline/public/js/datascript.js
[Server(16461) file:///home/ghost/maerskline] Document changed: file:///home/ghost/maerskline/public/js/datascript.js
[Server(16461) file:///home/ghost/maerskline] Document changed: file:///home/ghost/maerskline/public/js/datascript.js
[Server(16461) file:///home/ghost/maerskline] Document changed: file:///home/ghost/maerskline/public/js/datascript.js
[Server(16461) file:///home/ghost/maerskline] Document changed: file:///home/ghost/maerskline/public/js/datascript.js
[Server(16461) file:///home/ghost/maerskline] Document changed: file:///home/ghost/maerskline/public/js/datascript.js
[Server(16461) file:///home/ghost/maerskline] Document changed: file:///home/ghost/maerskline/public/js/datascript.js
[Server(16461) file:///home/ghost/maerskline] Document changed: file:///home/ghost/maerskline/public/js/datascript.js
[Server(16461) file:///home/ghost/maerskline] Document changed: file:///home/ghost/maerskline/public/js/datascript.js
[Server(16461) file:///home/ghost/maerskline] Document changed: file:///home/ghost/maerskline/public/js/datascript.js
[Server(16461) file:///home/ghost/maerskline] Document changed: file:///home/ghost/maerskline/public/js/datascript.js
[Server(16461) file:///home/ghost/maerskline] Document changed: file:///home/ghost/maerskline/public/js/datascript.js
[Server(16461) file:///home/ghost/maerskline] Document changed: file:///home/ghost/maerskline/public/js/datascript.js
[Server(16461) file:///home/ghost/maerskline] Document changed: file:///home/ghost/maerskline/public/js/datascript.js
[Server(16461) file:///home/ghost/maerskline] Document changed: file:///home/ghost/maerskline/public/js/datascript.js
[Server(16461) file:///home/ghost/maerskline] Document changed: file:///home/ghost/maerskline/public/js/datascript.js
[Server(16461) file:///home/ghost/maerskline] Document changed: file:///home/ghost/maerskline/public/js/datascript.js
[Server(16461) file:///home/ghost/maerskline] Document changed: file:///home/ghost/maerskline/public/js/datascript.js
[Server(16461) file:///home/ghost/maerskline] Document changed: file:///home/ghost/maerskline/public/js/datascript.js
[Server(16461) file:///home/ghost/maerskline] Document changed: file:///home/ghost/maerskline/public/js/datascript.js
[Server(16461) file:///home/ghost/maerskline] Document changed: file:///home/ghost/maerskline/public/js/datascript.js
[Server(16461) file:///home/ghost/maerskline] Document changed: file:///home/ghost/maerskline/public/js/datascript.js
[Server(16461) file:///home/ghost/maerskline] Document changed: file:///home/ghost/maerskline/public/js/datascript.js
[Server(16461) file:///home/ghost/maerskline] Document changed: file:///home/ghost/maerskline/public/js/datascript.js
[Server(16461) file:///home/ghost/maerskline] Document changed: file:///home/ghost/maerskline/public/js/datascript.js
[Server(16461) file:///home/ghost/maerskline] Document changed: file:///home/ghost/maerskline/public/js/datascript.js
[Server(16461) file:///home/ghost/maerskline] Document changed: file:///home/ghost/maerskline/public/js/datascript.js
[Server(16461) file:///home/ghost/maerskline] Document changed: file:///home/ghost/maerskline/public/js/datascript.js
[Server(16461) file:///home/ghost/maerskline] Document changed: file:///home/ghost/maerskline/public/js/datascript.js
[Server(16461) file:///home/ghost/maerskline] Document changed: file:///home/ghost/maerskline/public/js/datascript.js
[Server(16461) file:///home/ghost/maerskline] Document changed: file:///home/ghost/maerskline/public/js/datascript.js
[Server(16461) file:///home/ghost/maerskline] Document changed: file:///home/ghost/maerskline/public/js/datascript.js
[Server(16461) file:///home/ghost/maerskline] Document changed: file:///home/ghost/maerskline/public/js/datascript.js
[Server(16461) file:///home/ghost/maerskline] Document changed: file:///home/ghost/maerskline/public/js/datascript.js
[Server(16461) file:///home/ghost/maerskline] Document changed: file:///home/ghost/maerskline/public/js/datascript.js
[Server(16461) file:///home/ghost/maerskline] Document changed: file:///home/ghost/maerskline/public/js/datascript.js
[Server(16461) file:///home/ghost/maerskline] Document changed: file:///home/ghost/maerskline/public/js/datascript.js
[Server(16461) file:///home/ghost/maerskline] Document changed: file:///home/ghost/maerskline/public/js/datascript.js
[Server(16461) file:///home/ghost/maerskline] Document changed: file:///home/ghost/maerskline/public/js/datascript.js
[Server(16461) file:///home/ghost/maerskline] Document changed: file:///home/ghost/maerskline/public/js/datascript.js
[Server(16461) file:///home/ghost/maerskline] Document changed: file:///home/ghost/maerskline/public/js/datascript.js
[Server(16461) file:///home/ghost/maerskline] Document changed: file:///home/ghost/maerskline/public/js/datascript.js
[Server(16461) file:///home/ghost/maerskline] Document changed: file:///home/ghost/maerskline/public/js/datascript.js
[Server(16461) file:///home/ghost/maerskline] Document changed: file:///home/ghost/maerskline/public/js/datascript.js
[Server(16461) file:///home/ghost/maerskline] Document changed: file:///home/ghost/maerskline/public/js/datascript.js
[Server(16461) file:///home/ghost/maerskline] Document changed: file:///home/ghost/maerskline/public/js/datascript.js
[Server(16461) file:///home/ghost/maerskline] Document changed: file:///home/ghost/maerskline/public/js/datascript.js
[Server(16461) file:///home/ghost/maerskline] Document changed: file:///home/ghost/maerskline/public/js/datascript.js
[Server(16461) file:///home/ghost/maerskline] Document changed: file:///home/ghost/maerskline/public/js/datascript.js
[Server(16461) file:///home/ghost/maerskline] Document changed: file:///home/ghost/maerskline/public/js/datascript.js
[Server(16461) file:///home/ghost/maerskline] Document changed: file:///home/ghost/maerskline/public/js/datascript.js
[Server(16461) file:///home/ghost/maerskline] Document changed: file:///home/ghost/maerskline/public/js/datascript.js
[Server(16461) file:///home/ghost/maerskline] Document changed: file:///home/ghost/maerskline/public/js/datascript.js
[Server(16461) file:///home/ghost/maerskline] Document changed: file:///home/ghost/maerskline/public/js/datascript.js
[Server(16461) file:///home/ghost/maerskline] Document changed: file:///home/ghost/maerskline/public/js/datascript.js
[Server(16461) file:///home/ghost/maerskline] Document changed: file:///home/ghost/maerskline/public/js/datascript.js
[Server(16461) file:///home/ghost/maerskline] Document changed: file:///home/ghost/maerskline/public/js/datascript.js
[Server(16461) file:///home/ghost/maerskline] Document changed: file:///home/ghost/maerskline/public/js/datascript.js
[Server(16461) file:///home/ghost/maerskline] Document changed: file:///home/ghost/maerskline/public/js/datascript.js
[Server(16461) file:///home/ghost/maerskline] Document changed: file:///home/ghost/maerskline/public/js/datascript.js
[Server(16461) file:///home/ghost/maerskline] Document changed: file:///home/ghost/maerskline/public/js/datascript.js
[Server(16461) file:///home/ghost/maerskline] Document changed: file:///home/ghost/maerskline/public/js/datascript.js
[Server(16461) file:///home/ghost/maerskline] Document changed: file:///home/ghost/maerskline/public/js/datascript.js
[Server(16461) file:///home/ghost/maerskline] Document changed: file:///home/ghost/maerskline/public/js/datascript.js
[Server(16461) file:///home/ghost/maerskline] Document changed: file:///home/ghost/maerskline/public/js/datascript.js
[Server(16461) file:///home/ghost/maerskline] Document changed: file:///home/ghost/maerskline/public/js/datascript.js
[Server(16461) file:///home/ghost/maerskline] Document changed: file:///home/ghost/maerskline/public/js/datascript.js
[Server(16461) file:///home/ghost/maerskline] Document changed: file:///home/ghost/maerskline/public/js/datascript.js
[Server(16461) file:///home/ghost/maerskline] Document changed: file:///home/ghost/maerskline/public/js/datascript.js
[Server(16461) file:///home/ghost/maerskline] Document changed: file:///home/ghost/maerskline/public/js/datascript.js
[Server(16461) file:///home/ghost/maerskline] Document changed: file:///home/ghost/maerskline/public/js/datascript.js
[Server(16461) file:///home/ghost/maerskline] Document changed: file:///home/ghost/maerskline/public/js/datascript.js
[Server(16461) file:///home/ghost/maerskline] Document changed: file:///home/ghost/maerskline/public/js/datascript.js
[Server(16461) file:///home/ghost/maerskline] Document changed: file:///home/ghost/maerskline/public/js/datascript.js
[Server(16461) file:///home/ghost/maerskline] Document changed: file:///home/ghost/maerskline/public/js/datascript.js
[Server(16461) file:///home/ghost/maerskline] Document changed: file:///home/ghost/maerskline/public/js/datascript.js
[Server(16461) file:///home/ghost/maerskline] Document changed: file:///home/ghost/maerskline/public/js/datascript.js
[Server(16461) file:///home/ghost/maerskline] Document changed: file:///home/ghost/maerskline/public/js/datascript.js
[Server(16461) file:///home/ghost/maerskline] Document changed: file:///home/ghost/maerskline/public/js/datascript.js
[Server(16461) file:///home/ghost/maerskline] Document changed: file:///home/ghost/maerskline/public/js/datascript.js
[Server(16461) file:///home/ghost/maerskline] Document changed: file:///home/ghost/maerskline/public/js/datascript.js
[Server(16461) file:///home/ghost/maerskline] Document changed: file:///home/ghost/maerskline/public/js/datascript.js
[Server(16461) file:///home/ghost/maerskline] Document changed: file:///home/ghost/maerskline/public/js/datascript.js
[Server(16461) file:///home/ghost/maerskline] Document changed: file:///home/ghost/maerskline/public/js/datascript.js
[Server(16461) file:///home/ghost/maerskline] Document changed: file:///home/ghost/maerskline/public/js/datascript.js
[Server(16461) file:///home/ghost/maerskline] Document changed: file:///home/ghost/maerskline/public/js/datascript.js
[Server(16461) file:///home/ghost/maerskline] Document changed: file:///home/ghost/maerskline/public/js/datascript.js
[Server(16461) file:///home/ghost/maerskline] Document changed: file:///home/ghost/maerskline/public/js/datascript.js
[Server(16461) file:///home/ghost/maerskline] Document changed: file:///home/ghost/maerskline/public/js/datascript.js
[Server(16461) file:///home/ghost/maerskline] Document changed: file:///home/ghost/maerskline/public/js/datascript.js
[Server(16461) file:///home/ghost/maerskline] Document changed: file:///home/ghost/maerskline/public/js/datascript.js
[Server(16461) file:///home/ghost/maerskline] Document changed: file:///home/ghost/maerskline/public/js/datascript.js
Invalid Selector...
[Server(16461) file:///home/ghost/maerskline] Document changed: file:///home/ghost/maerskline/public/js/datascript.js
[Server(16461) file:///home/ghost/maerskline] Document changed: file:///home/ghost/maerskline/public/js/datascript.js
[Server(16461) file:///home/ghost/maerskline] Document opened: file:///home/ghost/maerskline/public/js/functions.js
[Server(16461) file:///home/ghost/maerskline] Document changed: file:///home/ghost/maerskline/public/js/functions.js
[Server(16461) file:///home/ghost/maerskline] Document changed: file:///home/ghost/maerskline/public/js/datascript.js
[Server(16461) file:///home/ghost/maerskline] Document changed: file:///home/ghost/maerskline/public/js/datascript.js
[Server(16461) file:///home/ghost/maerskline] Document changed: file:///home/ghost/maerskline/public/js/datascript.js
[Server(16461) file:///home/ghost/maerskline] Document changed: file:///home/ghost/maerskline/public/js/datascript.js
[Server(16461) file:///home/ghost/maerskline] Document changed: file:///home/ghost/maerskline/public/js/datascript.js
[Server(16461) file:///home/ghost/maerskline] Document changed: file:///home/ghost/maerskline/public/js/datascript.js
[Server(16461) file:///home/ghost/maerskline] Document changed: file:///home/ghost/maerskline/public/js/datascript.js
[Server(16461) file:///home/ghost/maerskline] Document changed: file:///home/ghost/maerskline/public/js/datascript.js
[Server(16461) file:///home/ghost/maerskline] Document changed: file:///home/ghost/maerskline/public/js/datascript.js
[Server(16461) file:///home/ghost/maerskline] Document changed: file:///home/ghost/maerskline/public/js/datascript.js
[Server(16461) file:///home/ghost/maerskline] Document changed: file:///home/ghost/maerskline/public/js/datascript.js
[Server(16461) file:///home/ghost/maerskline] Document changed: file:///home/ghost/maerskline/public/js/datascript.js
[Server(16461) file:///home/ghost/maerskline] Document changed: file:///home/ghost/maerskline/public/js/datascript.js
[Server(16461) file:///home/ghost/maerskline] Document changed: file:///home/ghost/maerskline/public/js/datascript.js
[Server(16461) file:///home/ghost/maerskline] Document changed: file:///home/ghost/maerskline/public/js/datascript.js
[Server(16461) file:///home/ghost/maerskline] Document changed: file:///home/ghost/maerskline/public/js/datascript.js
[Server(16461) file:///home/ghost/maerskline] Document changed: file:///home/ghost/maerskline/public/js/datascript.js
[Server(16461) file:///home/ghost/maerskline] Document changed: file:///home/ghost/maerskline/public/js/datascript.js
[Server(16461) file:///home/ghost/maerskline] Document changed: file:///home/ghost/maerskline/public/js/datascript.js
[Server(16461) file:///home/ghost/maerskline] Document changed: file:///home/ghost/maerskline/public/js/datascript.js
[Server(16461) file:///home/ghost/maerskline] Document changed: file:///home/ghost/maerskline/public/js/datascript.js
[Server(16461) file:///home/ghost/maerskline] Document changed: file:///home/ghost/maerskline/public/js/datascript.js
[Server(16461) file:///home/ghost/maerskline] Document changed: file:///home/ghost/maerskline/public/js/datascript.js
[Server(16461) file:///home/ghost/maerskline] Document changed: file:///home/ghost/maerskline/public/js/datascript.js
[Server(16461) file:///home/ghost/maerskline] Document changed: file:///home/ghost/maerskline/public/js/datascript.js
[Server(16461) file:///home/ghost/maerskline] Document changed: file:///home/ghost/maerskline/public/js/datascript.js
[Server(16461) file:///home/ghost/maerskline] Document changed: file:///home/ghost/maerskline/public/js/datascript.js
[Server(16461) file:///home/ghost/maerskline] Document changed: file:///home/ghost/maerskline/public/js/datascript.js
[Server(16461) file:///home/ghost/maerskline] Document changed: file:///home/ghost/maerskline/public/js/datascript.js
[Server(16461) file:///home/ghost/maerskline] Document changed: file:///home/ghost/maerskline/public/js/datascript.js
[Server(16461) file:///home/ghost/maerskline] Document changed: file:///home/ghost/maerskline/public/js/datascript.js
[Server(16461) file:///home/ghost/maerskline] Document changed: file:///home/ghost/maerskline/public/js/datascript.js
[Server(16461) file:///home/ghost/maerskline] Document changed: file:///home/ghost/maerskline/public/js/datascript.js
[Server(16461) file:///home/ghost/maerskline] Document changed: file:///home/ghost/maerskline/public/js/datascript.js
[Server(16461) file:///home/ghost/maerskline] Document changed: file:///home/ghost/maerskline/public/js/datascript.js
[Server(16461) file:///home/ghost/maerskline] Document changed: file:///home/ghost/maerskline/public/js/datascript.js
[Server(16461) file:///home/ghost/maerskline] Document changed: file:///home/ghost/maerskline/public/js/datascript.js
[Server(16461) file:///home/ghost/maerskline] Document changed: file:///home/ghost/maerskline/public/js/datascript.js
[Server(16461) file:///home/ghost/maerskline] Document changed: file:///home/ghost/maerskline/public/js/datascript.js
[Server(16461) file:///home/ghost/maerskline] Document changed: file:///home/ghost/maerskline/public/js/datascript.js
[Server(16461) file:///home/ghost/maerskline] Document changed: file:///home/ghost/maerskline/public/js/datascript.js
[Server(16461) file:///home/ghost/maerskline] Document changed: file:///home/ghost/maerskline/public/js/datascript.js
[Server(16461) file:///home/ghost/maerskline] Document changed: file:///home/ghost/maerskline/public/js/datascript.js
[Server(16461) file:///home/ghost/maerskline] Document changed: file:///home/ghost/maerskline/public/js/datascript.js
[Server(16461) file:///home/ghost/maerskline] Document changed: file:///home/ghost/maerskline/public/js/datascript.js
[Server(16461) file:///home/ghost/maerskline] Document changed: file:///home/ghost/maerskline/public/js/datascript.js
[Server(16461) file:///home/ghost/maerskline] Document changed: file:///home/ghost/maerskline/public/js/datascript.js
[Server(16461) file:///home/ghost/maerskline] Document changed: file:///home/ghost/maerskline/public/js/datascript.js
[Server(16461) file:///home/ghost/maerskline] Document changed: file:///home/ghost/maerskline/public/js/datascript.js
[Server(16461) file:///home/ghost/maerskline] Document changed: file:///home/ghost/maerskline/public/js/datascript.js
[Server(16461) file:///home/ghost/maerskline] Document changed: file:///home/ghost/maerskline/public/js/datascript.js
[Server(16461) file:///home/ghost/maerskline] Document changed: file:///home/ghost/maerskline/public/js/datascript.js
[Server(16461) file:///home/ghost/maerskline] Document changed: file:///home/ghost/maerskline/public/js/datascript.js
[Server(16461) file:///home/ghost/maerskline] Document changed: file:///home/ghost/maerskline/public/js/datascript.js
[Server(16461) file:///home/ghost/maerskline] Document changed: file:///home/ghost/maerskline/public/js/datascript.js
[Server(16461) file:///home/ghost/maerskline] Document changed: file:///home/ghost/maerskline/public/js/datascript.js
[Server(16461) file:///home/ghost/maerskline] Document changed: file:///home/ghost/maerskline/public/js/datascript.js
[Server(16461) file:///home/ghost/maerskline] Document changed: file:///home/ghost/maerskline/public/js/datascript.js
[Server(16461) file:///home/ghost/maerskline] Document changed: file:///home/ghost/maerskline/public/js/datascript.js
[Server(16461) file:///home/ghost/maerskline] Document changed: file:///home/ghost/maerskline/public/js/datascript.js
[Server(16461) file:///home/ghost/maerskline] Document changed: file:///home/ghost/maerskline/public/js/datascript.js
[Server(16461) file:///home/ghost/maerskline] Document changed: file:///home/ghost/maerskline/public/js/datascript.js
[Server(16461) file:///home/ghost/maerskline] Document changed: file:///home/ghost/maerskline/public/js/datascript.js
[Server(16461) file:///home/ghost/maerskline] Document changed: file:///home/ghost/maerskline/public/js/datascript.js
[Server(16461) file:///home/ghost/maerskline] Document changed: file:///home/ghost/maerskline/public/js/datascript.js
[Server(16461) file:///home/ghost/maerskline] Document changed: file:///home/ghost/maerskline/public/js/datascript.js
[Server(16461) file:///home/ghost/maerskline] Document changed: file:///home/ghost/maerskline/public/js/datascript.js
[Server(16461) file:///home/ghost/maerskline] Document changed: file:///home/ghost/maerskline/public/js/datascript.js
[Server(16461) file:///home/ghost/maerskline] Document changed: file:///home/ghost/maerskline/public/js/datascript.js
[Server(16461) file:///home/ghost/maerskline] Document changed: file:///home/ghost/maerskline/public/js/datascript.js
[Server(16461) file:///home/ghost/maerskline] Document changed: file:///home/ghost/maerskline/public/js/datascript.js
[Server(16461) file:///home/ghost/maerskline] Document changed: file:///home/ghost/maerskline/public/js/datascript.js
[Server(16461) file:///home/ghost/maerskline] Document changed: file:///home/ghost/maerskline/public/js/datascript.js
[Server(16461) file:///home/ghost/maerskline] Document changed: file:///home/ghost/maerskline/public/js/datascript.js
[Server(16461) file:///home/ghost/maerskline] Document changed: file:///home/ghost/maerskline/public/js/datascript.js
[Server(16461) file:///home/ghost/maerskline] Document changed: file:///home/ghost/maerskline/public/js/datascript.js
[Server(16461) file:///home/ghost/maerskline] Document changed: file:///home/ghost/maerskline/public/js/datascript.js
[Server(16461) file:///home/ghost/maerskline] Document changed: file:///home/ghost/maerskline/public/js/datascript.js
[Server(16461) file:///home/ghost/maerskline] Document changed: file:///home/ghost/maerskline/public/js/datascript.js
[Server(16461) file:///home/ghost/maerskline] Document changed: file:///home/ghost/maerskline/public/js/datascript.js
[Server(16461) file:///home/ghost/maerskline] Document changed: file:///home/ghost/maerskline/public/js/datascript.js
[Server(16461) file:///home/ghost/maerskline] Document changed: file:///home/ghost/maerskline/public/js/datascript.js
[Server(16461) file:///home/ghost/maerskline] Document changed: file:///home/ghost/maerskline/public/js/datascript.js
[Server(16461) file:///home/ghost/maerskline] Document changed: file:///home/ghost/maerskline/public/js/datascript.js
[Server(16461) file:///home/ghost/maerskline] Document changed: file:///home/ghost/maerskline/public/js/datascript.js
Invalid Selector...
Invalid Selector...
[Server(16461) file:///home/ghost/maerskline] Document changed: file:///home/ghost/maerskline/public/js/datascript.js
[Server(16461) file:///home/ghost/maerskline] Document changed: file:///home/ghost/maerskline/public/js/datascript.js
[Server(16461) file:///home/ghost/maerskline] Document changed: file:///home/ghost/maerskline/public/js/datascript.js
[Server(16461) file:///home/ghost/maerskline] Document changed: file:///home/ghost/maerskline/public/js/datascript.js
[Server(16461) file:///home/ghost/maerskline] Document changed: file:///home/ghost/maerskline/public/js/datascript.js
[Server(16461) file:///home/ghost/maerskline] Document changed: file:///home/ghost/maerskline/public/js/datascript.js
[Server(16461) file:///home/ghost/maerskline] Document changed: file:///home/ghost/maerskline/public/js/datascript.js
[Server(16461) file:///home/ghost/maerskline] Document changed: file:///home/ghost/maerskline/public/js/datascript.js
[Server(16461) file:///home/ghost/maerskline] Document changed: file:///home/ghost/maerskline/public/js/datascript.js
[Server(16461) file:///home/ghost/maerskline] Document changed: file:///home/ghost/maerskline/public/js/datascript.js
[Server(16461) file:///home/ghost/maerskline] Document changed: file:///home/ghost/maerskline/public/js/datascript.js
[Server(16461) file:///home/ghost/maerskline] Document changed: file:///home/ghost/maerskline/public/js/datascript.js
[Server(16461) file:///home/ghost/maerskline] Document changed: file:///home/ghost/maerskline/public/js/datascript.js
[Server(16461) file:///home/ghost/maerskline] Document changed: file:///home/ghost/maerskline/public/js/datascript.js
[Server(16461) file:///home/ghost/maerskline] Document changed: file:///home/ghost/maerskline/public/js/datascript.js
[Server(16461) file:///home/ghost/maerskline] Document changed: file:///home/ghost/maerskline/public/js/functions.js
[Server(16461) file:///home/ghost/maerskline] Document changed: file:///home/ghost/maerskline/public/js/functions.js
[Server(16461) file:///home/ghost/maerskline] Document changed: file:///home/ghost/maerskline/public/js/functions.js
[Server(16461) file:///home/ghost/maerskline] Document changed: file:///home/ghost/maerskline/public/js/functions.js
[Server(16461) file:///home/ghost/maerskline] Document changed: file:///home/ghost/maerskline/public/js/functions.js
[Server(16461) file:///home/ghost/maerskline] Document changed: file:///home/ghost/maerskline/public/js/functions.js
[Server(16461) file:///home/ghost/maerskline] Document changed: file:///home/ghost/maerskline/public/js/functions.js
[Server(16461) file:///home/ghost/maerskline] Document changed: file:///home/ghost/maerskline/public/js/functions.js
[Server(16461) file:///home/ghost/maerskline] Document changed: file:///home/ghost/maerskline/public/js/functions.js
[Server(16461) file:///home/ghost/maerskline] Document changed: file:///home/ghost/maerskline/public/js/functions.js
[Server(16461) file:///home/ghost/maerskline] Document changed: file:///home/ghost/maerskline/public/js/functions.js
[Server(16461) file:///home/ghost/maerskline] Document changed: file:///home/ghost/maerskline/public/js/functions.js
[Server(16461) file:///home/ghost/maerskline] Document changed: file:///home/ghost/maerskline/public/js/functions.js
[Server(16461) file:///home/ghost/maerskline] Document changed: file:///home/ghost/maerskline/public/js/functions.js
[Server(16461) file:///home/ghost/maerskline] Document changed: file:///home/ghost/maerskline/public/js/functions.js
[Server(16461) file:///home/ghost/maerskline] Document changed: file:///home/ghost/maerskline/public/js/functions.js
[Server(16461) file:///home/ghost/maerskline] Document changed: file:///home/ghost/maerskline/public/js/functions.js
[Server(16461) file:///home/ghost/maerskline] Document changed: file:///home/ghost/maerskline/public/js/functions.js
[Server(16461) file:///home/ghost/maerskline] Document changed: file:///home/ghost/maerskline/public/js/functions.js
[Server(16461) file:///home/ghost/maerskline] Document changed: file:///home/ghost/maerskline/public/js/functions.js
[Server(16461) file:///home/ghost/maerskline] Document changed: file:///home/ghost/maerskline/public/js/functions.js
[Server(16461) file:///home/ghost/maerskline] Document changed: file:///home/ghost/maerskline/public/js/functions.js
[Server(16461) file:///home/ghost/maerskline] Document changed: file:///home/ghost/maerskline/public/js/functions.js
[Server(16461) file:///home/ghost/maerskline] Document changed: file:///home/ghost/maerskline/public/js/functions.js
[Server(16461) file:///home/ghost/maerskline] Document changed: file:///home/ghost/maerskline/public/js/functions.js
[Server(16461) file:///home/ghost/maerskline] Document changed: file:///home/ghost/maerskline/public/js/functions.js
[Server(16461) file:///home/ghost/maerskline] Document changed: file:///home/ghost/maerskline/public/js/functions.js
[Server(16461) file:///home/ghost/maerskline] Document changed: file:///home/ghost/maerskline/public/js/functions.js
[Server(16461) file:///home/ghost/maerskline] Document changed: file:///home/ghost/maerskline/public/js/functions.js
[Server(16461) file:///home/ghost/maerskline] Document changed: file:///home/ghost/maerskline/public/js/functions.js
[Server(16461) file:///home/ghost/maerskline] Document changed: file:///home/ghost/maerskline/public/js/functions.js
[Server(16461) file:///home/ghost/maerskline] Document changed: file:///home/ghost/maerskline/public/js/functions.js
[Server(16461) file:///home/ghost/maerskline] Document changed: file:///home/ghost/maerskline/public/js/functions.js
[Server(16461) file:///home/ghost/maerskline] Document changed: file:///home/ghost/maerskline/public/js/functions.js
[Server(16461) file:///home/ghost/maerskline] Document changed: file:///home/ghost/maerskline/public/js/functions.js
[Server(16461) file:///home/ghost/maerskline] Document changed: file:///home/ghost/maerskline/public/js/functions.js
[Server(16461) file:///home/ghost/maerskline] Document changed: file:///home/ghost/maerskline/public/js/functions.js
[Server(16461) file:///home/ghost/maerskline] Document changed: file:///home/ghost/maerskline/public/js/functions.js
[Server(16461) file:///home/ghost/maerskline] Document changed: file:///home/ghost/maerskline/public/js/functions.js
[Server(16461) file:///home/ghost/maerskline] Document changed: file:///home/ghost/maerskline/public/js/functions.js
[Server(16461) file:///home/ghost/maerskline] Document changed: file:///home/ghost/maerskline/public/js/functions.js
[Server(16461) file:///home/ghost/maerskline] Document changed: file:///home/ghost/maerskline/public/js/functions.js
[Server(16461) file:///home/ghost/maerskline] Document changed: file:///home/ghost/maerskline/public/js/functions.js
[Server(16461) file:///home/ghost/maerskline] Document changed: file:///home/ghost/maerskline/public/js/functions.js
[Server(16461) file:///home/ghost/maerskline] Document changed: file:///home/ghost/maerskline/public/js/functions.js
[Server(16461) file:///home/ghost/maerskline] Document changed: file:///home/ghost/maerskline/public/js/functions.js
[Server(16461) file:///home/ghost/maerskline] Document changed: file:///home/ghost/maerskline/public/js/functions.js
[Server(16461) file:///home/ghost/maerskline] Document changed: file:///home/ghost/maerskline/public/js/functions.js
[Server(16461) file:///home/ghost/maerskline] Document changed: file:///home/ghost/maerskline/public/js/functions.js
[Server(16461) file:///home/ghost/maerskline] Document changed: file:///home/ghost/maerskline/public/js/functions.js
[Server(16461) file:///home/ghost/maerskline] Document changed: file:///home/ghost/maerskline/public/js/functions.js
[Server(16461) file:///home/ghost/maerskline] Document changed: file:///home/ghost/maerskline/public/js/functions.js
[Server(16461) file:///home/ghost/maerskline] Document changed: file:///home/ghost/maerskline/public/js/functions.js
[Server(16461) file:///home/ghost/maerskline] Document changed: file:///home/ghost/maerskline/public/js/functions.js
[Server(16461) file:///home/ghost/maerskline] Document changed: file:///home/ghost/maerskline/public/js/functions.js
[Server(16461) file:///home/ghost/maerskline] Document changed: file:///home/ghost/maerskline/public/js/functions.js
[Server(16461) file:///home/ghost/maerskline] Document changed: file:///home/ghost/maerskline/public/js/functions.js
[Server(16461) file:///home/ghost/maerskline] Document changed: file:///home/ghost/maerskline/public/js/functions.js
[Server(16461) file:///home/ghost/maerskline] Document changed: file:///home/ghost/maerskline/public/js/functions.js
[Server(16461) file:///home/ghost/maerskline] Document changed: file:///home/ghost/maerskline/public/js/functions.js
[Server(16461) file:///home/ghost/maerskline] Document changed: file:///home/ghost/maerskline/public/js/functions.js
[Server(16461) file:///home/ghost/maerskline] Document changed: file:///home/ghost/maerskline/public/js/functions.js
[Server(16461) file:///home/ghost/maerskline] Document changed: file:///home/ghost/maerskline/public/js/functions.js
[Server(16461) file:///home/ghost/maerskline] Document changed: file:///home/ghost/maerskline/public/js/functions.js
[Server(16461) file:///home/ghost/maerskline] Document changed: file:///home/ghost/maerskline/public/js/functions.js
[Server(16461) file:///home/ghost/maerskline] Document changed: file:///home/ghost/maerskline/public/js/functions.js
[Server(16461) file:///home/ghost/maerskline] Document changed: file:///home/ghost/maerskline/public/js/functions.js
[Server(16461) file:///home/ghost/maerskline] Document changed: file:///home/ghost/maerskline/public/js/functions.js
[Server(16461) file:///home/ghost/maerskline] Document changed: file:///home/ghost/maerskline/public/js/functions.js
[Server(16461) file:///home/ghost/maerskline] Document changed: file:///home/ghost/maerskline/public/js/functions.js
[Server(16461) file:///home/ghost/maerskline] Document changed: file:///home/ghost/maerskline/public/js/functions.js
[Server(16461) file:///home/ghost/maerskline] Document changed: file:///home/ghost/maerskline/public/js/functions.js
[Server(16461) file:///home/ghost/maerskline] Document changed: file:///home/ghost/maerskline/public/js/functions.js
[Server(16461) file:///home/ghost/maerskline] Document changed: file:///home/ghost/maerskline/public/js/functions.js
[Server(16461) file:///home/ghost/maerskline] Document changed: file:///home/ghost/maerskline/public/js/functions.js
[Server(16461) file:///home/ghost/maerskline] Document changed: file:///home/ghost/maerskline/public/js/functions.js
[Server(16461) file:///home/ghost/maerskline] Document changed: file:///home/ghost/maerskline/public/js/functions.js
[Server(16461) file:///home/ghost/maerskline] Document changed: file:///home/ghost/maerskline/public/js/functions.js
[Server(16461) file:///home/ghost/maerskline] Document changed: file:///home/ghost/maerskline/public/js/functions.js
[Server(16461) file:///home/ghost/maerskline] Document changed: file:///home/ghost/maerskline/public/js/functions.js
[Server(16461) file:///home/ghost/maerskline] Document changed: file:///home/ghost/maerskline/public/js/functions.js
[Server(16461) file:///home/ghost/maerskline] Document changed: file:///home/ghost/maerskline/public/js/functions.js
[Server(16461) file:///home/ghost/maerskline] Document changed: file:///home/ghost/maerskline/public/js/functions.js
[Server(16461) file:///home/ghost/maerskline] Document changed: file:///home/ghost/maerskline/public/js/functions.js
[Server(16461) file:///home/ghost/maerskline] Document changed: file:///home/ghost/maerskline/public/js/functions.js
[Server(16461) file:///home/ghost/maerskline] Document changed: file:///home/ghost/maerskline/public/js/functions.js
[Server(16461) file:///home/ghost/maerskline] Document changed: file:///home/ghost/maerskline/public/js/functions.js
[Server(16461) file:///home/ghost/maerskline] Document changed: file:///home/ghost/maerskline/public/js/functions.js
[Server(16461) file:///home/ghost/maerskline] Document changed: file:///home/ghost/maerskline/public/js/functions.js
[Server(16461) file:///home/ghost/maerskline] Document changed: file:///home/ghost/maerskline/public/js/functions.js
[Server(16461) file:///home/ghost/maerskline] Document changed: file:///home/ghost/maerskline/public/js/functions.js
[Server(16461) file:///home/ghost/maerskline] Document changed: file:///home/ghost/maerskline/public/js/functions.js
[Server(16461) file:///home/ghost/maerskline] Document changed: file:///home/ghost/maerskline/public/js/functions.js
[Server(16461) file:///home/ghost/maerskline] Document changed: file:///home/ghost/maerskline/public/js/functions.js
[Server(16461) file:///home/ghost/maerskline] Document changed: file:///home/ghost/maerskline/public/js/functions.js
[Server(16461) file:///home/ghost/maerskline] Document changed: file:///home/ghost/maerskline/public/js/functions.js
[Server(16461) file:///home/ghost/maerskline] Document changed: file:///home/ghost/maerskline/public/js/functions.js
[Server(16461) file:///home/ghost/maerskline] Document changed: file:///home/ghost/maerskline/public/js/functions.js
[Server(16461) file:///home/ghost/maerskline] Document changed: file:///home/ghost/maerskline/public/js/functions.js
[Server(16461) file:///home/ghost/maerskline] Document changed: file:///home/ghost/maerskline/public/js/functions.js
[Server(16461) file:///home/ghost/maerskline] Document changed: file:///home/ghost/maerskline/public/js/functions.js
[Server(16461) file:///home/ghost/maerskline] Document changed: file:///home/ghost/maerskline/public/js/functions.js
[Server(16461) file:///home/ghost/maerskline] Document changed: file:///home/ghost/maerskline/public/js/functions.js
[Server(16461) file:///home/ghost/maerskline] Document changed: file:///home/ghost/maerskline/public/js/functions.js
[Server(16461) file:///home/ghost/maerskline] Document changed: file:///home/ghost/maerskline/public/js/functions.js
[Server(16461) file:///home/ghost/maerskline] Document changed: file:///home/ghost/maerskline/public/js/functions.js
[Server(16461) file:///home/ghost/maerskline] Document changed: file:///home/ghost/maerskline/public/js/functions.js
[Server(16461) file:///home/ghost/maerskline] Document changed: file:///home/ghost/maerskline/public/js/functions.js
[Server(16461) file:///home/ghost/maerskline] Document changed: file:///home/ghost/maerskline/public/js/functions.js
[Server(16461) file:///home/ghost/maerskline] Document changed: file:///home/ghost/maerskline/public/js/functions.js
[Server(16461) file:///home/ghost/maerskline] Document changed: file:///home/ghost/maerskline/public/js/functions.js
[Server(16461) file:///home/ghost/maerskline] Document changed: file:///home/ghost/maerskline/public/js/functions.js
[Server(16461) file:///home/ghost/maerskline] Document changed: file:///home/ghost/maerskline/public/js/functions.js
[Server(16461) file:///home/ghost/maerskline] Document changed: file:///home/ghost/maerskline/public/js/functions.js
[Server(16461) file:///home/ghost/maerskline] Document changed: file:///home/ghost/maerskline/public/js/functions.js
[Server(16461) file:///home/ghost/maerskline] Document changed: file:///home/ghost/maerskline/public/js/functions.js
[Server(16461) file:///home/ghost/maerskline] Document changed: file:///home/ghost/maerskline/public/js/functions.js
[Server(16461) file:///home/ghost/maerskline] Document changed: file:///home/ghost/maerskline/public/js/functions.js
[Server(16461) file:///home/ghost/maerskline] Document changed: file:///home/ghost/maerskline/public/js/functions.js
[Server(16461) file:///home/ghost/maerskline] Document changed: file:///home/ghost/maerskline/public/js/functions.js
[Server(16461) file:///home/ghost/maerskline] Document changed: file:///home/ghost/maerskline/public/js/functions.js
[Server(16461) file:///home/ghost/maerskline] Document changed: file:///home/ghost/maerskline/public/js/functions.js
[Server(16461) file:///home/ghost/maerskline] Document changed: file:///home/ghost/maerskline/public/js/functions.js
[Server(16461) file:///home/ghost/maerskline] Document changed: file:///home/ghost/maerskline/public/js/functions.js
[Server(16461) file:///home/ghost/maerskline] Document changed: file:///home/ghost/maerskline/public/js/functions.js
[Server(16461) file:///home/ghost/maerskline] Document changed: file:///home/ghost/maerskline/public/js/functions.js
[Server(16461) file:///home/ghost/maerskline] Document changed: file:///home/ghost/maerskline/public/js/functions.js
[Server(16461) file:///home/ghost/maerskline] Document changed: file:///home/ghost/maerskline/public/js/functions.js
[Server(16461) file:///home/ghost/maerskline] Document changed: file:///home/ghost/maerskline/public/js/functions.js
[Server(16461) file:///home/ghost/maerskline] Document changed: file:///home/ghost/maerskline/public/js/functions.js
[Server(16461) file:///home/ghost/maerskline] Document changed: file:///home/ghost/maerskline/public/js/functions.js
[Server(16461) file:///home/ghost/maerskline] Document changed: file:///home/ghost/maerskline/public/js/functions.js
[Server(16461) file:///home/ghost/maerskline] Document changed: file:///home/ghost/maerskline/public/js/functions.js
[Server(16461) file:///home/ghost/maerskline] Document changed: file:///home/ghost/maerskline/public/js/functions.js
[Server(16461) file:///home/ghost/maerskline] Document changed: file:///home/ghost/maerskline/public/js/functions.js
[Server(16461) file:///home/ghost/maerskline] Document changed: file:///home/ghost/maerskline/public/js/functions.js
[Server(16461) file:///home/ghost/maerskline] Document changed: file:///home/ghost/maerskline/public/js/functions.js
[Server(16461) file:///home/ghost/maerskline] Document changed: file:///home/ghost/maerskline/public/js/functions.js
[Server(16461) file:///home/ghost/maerskline] Document changed: file:///home/ghost/maerskline/public/js/functions.js
[Server(16461) file:///home/ghost/maerskline] Document changed: file:///home/ghost/maerskline/public/js/functions.js
[Server(16461) file:///home/ghost/maerskline] Document changed: file:///home/ghost/maerskline/public/js/functions.js
[Server(16461) file:///home/ghost/maerskline] Document changed: file:///home/ghost/maerskline/public/js/functions.js
[Server(16461) file:///home/ghost/maerskline] Document changed: file:///home/ghost/maerskline/public/js/functions.js
[Server(16461) file:///home/ghost/maerskline] Document changed: file:///home/ghost/maerskline/public/js/functions.js
[Server(16461) file:///home/ghost/maerskline] Document changed: file:///home/ghost/maerskline/public/js/functions.js
[Server(16461) file:///home/ghost/maerskline] Document changed: file:///home/ghost/maerskline/public/js/functions.js
[Server(16461) file:///home/ghost/maerskline] Document changed: file:///home/ghost/maerskline/public/js/functions.js
[Server(16461) file:///home/ghost/maerskline] Document changed: file:///home/ghost/maerskline/public/js/functions.js
[Server(16461) file:///home/ghost/maerskline] Document changed: file:///home/ghost/maerskline/public/js/functions.js
[Server(16461) file:///home/ghost/maerskline] Document changed: file:///home/ghost/maerskline/public/js/functions.js
[Server(16461) file:///home/ghost/maerskline] Document changed: file:///home/ghost/maerskline/public/js/functions.js
[Server(16461) file:///home/ghost/maerskline] Document changed: file:///home/ghost/maerskline/public/js/functions.js
[Server(16461) file:///home/ghost/maerskline] Document changed: file:///home/ghost/maerskline/public/js/functions.js
[Server(16461) file:///home/ghost/maerskline] Document changed: file:///home/ghost/maerskline/public/js/functions.js
[Server(16461) file:///home/ghost/maerskline] Document changed: file:///home/ghost/maerskline/public/js/functions.js
[Server(16461) file:///home/ghost/maerskline] Document changed: file:///home/ghost/maerskline/public/js/functions.js
[Server(16461) file:///home/ghost/maerskline] Document changed: file:///home/ghost/maerskline/public/js/functions.js
[Server(16461) file:///home/ghost/maerskline] Document changed: file:///home/ghost/maerskline/public/js/functions.js
[Server(16461) file:///home/ghost/maerskline] Document changed: file:///home/ghost/maerskline/public/js/functions.js
[Server(16461) file:///home/ghost/maerskline] Document changed: file:///home/ghost/maerskline/public/js/functions.js
[Server(16461) file:///home/ghost/maerskline] Document changed: file:///home/ghost/maerskline/public/js/functions.js
[Server(16461) file:///home/ghost/maerskline] Document changed: file:///home/ghost/maerskline/public/js/functions.js
[Server(16461) file:///home/ghost/maerskline] Document changed: file:///home/ghost/maerskline/public/js/functions.js
[Server(16461) file:///home/ghost/maerskline] Document changed: file:///home/ghost/maerskline/public/js/functions.js
[Server(16461) file:///home/ghost/maerskline] Document changed: file:///home/ghost/maerskline/public/js/functions.js
[Server(16461) file:///home/ghost/maerskline] Document changed: file:///home/ghost/maerskline/public/js/functions.js
[Server(16461) file:///home/ghost/maerskline] Document changed: file:///home/ghost/maerskline/public/js/functions.js
[Server(16461) file:///home/ghost/maerskline] Document changed: file:///home/ghost/maerskline/public/js/functions.js
[Server(16461) file:///home/ghost/maerskline] Document changed: file:///home/ghost/maerskline/public/js/functions.js
[Server(16461) file:///home/ghost/maerskline] Document changed: file:///home/ghost/maerskline/public/js/functions.js
[Server(16461) file:///home/ghost/maerskline] Document changed: file:///home/ghost/maerskline/public/js/functions.js
[Server(16461) file:///home/ghost/maerskline] Document changed: file:///home/ghost/maerskline/public/js/functions.js
[Server(16461) file:///home/ghost/maerskline] Document changed: file:///home/ghost/maerskline/public/js/functions.js
[Server(16461) file:///home/ghost/maerskline] Document changed: file:///home/ghost/maerskline/public/js/functions.js
[Server(16461) file:///home/ghost/maerskline] Document changed: file:///home/ghost/maerskline/public/js/functions.js
[Server(16461) file:///home/ghost/maerskline] Document changed: file:///home/ghost/maerskline/public/js/functions.js
[Server(16461) file:///home/ghost/maerskline] Document changed: file:///home/ghost/maerskline/public/js/functions.js
[Server(16461) file:///home/ghost/maerskline] Document changed: file:///home/ghost/maerskline/public/js/functions.js
[Server(16461) file:///home/ghost/maerskline] Document changed: file:///home/ghost/maerskline/public/js/functions.js
[Server(16461) file:///home/ghost/maerskline] Document changed: file:///home/ghost/maerskline/public/js/functions.js
[Server(16461) file:///home/ghost/maerskline] Document changed: file:///home/ghost/maerskline/public/js/functions.js
[Server(16461) file:///home/ghost/maerskline] Document changed: file:///home/ghost/maerskline/public/js/functions.js
[Server(16461) file:///home/ghost/maerskline] Document changed: file:///home/ghost/maerskline/public/js/functions.js
[Server(16461) file:///home/ghost/maerskline] Document changed: file:///home/ghost/maerskline/public/js/functions.js
[Server(16461) file:///home/ghost/maerskline] Document changed: file:///home/ghost/maerskline/public/js/functions.js
[Server(16461) file:///home/ghost/maerskline] Document changed: file:///home/ghost/maerskline/public/js/functions.js
[Server(16461) file:///home/ghost/maerskline] Document changed: file:///home/ghost/maerskline/public/js/functions.js
[Server(16461) file:///home/ghost/maerskline] Document changed: file:///home/ghost/maerskline/public/js/functions.js
[Server(16461) file:///home/ghost/maerskline] Document changed: file:///home/ghost/maerskline/public/js/functions.js
[Server(16461) file:///home/ghost/maerskline] Document changed: file:///home/ghost/maerskline/public/js/functions.js
[Server(16461) file:///home/ghost/maerskline] Document changed: file:///home/ghost/maerskline/public/js/functions.js
Invalid Selector...
[Server(16461) file:///home/ghost/maerskline] Document opened: file:///home/ghost/maerskline/routes/console.php
[Server(16461) file:///home/ghost/maerskline] Document changed: file:///home/ghost/maerskline/routes/console.php
[Server(16461) file:///home/ghost/maerskline] Document changed: file:///home/ghost/maerskline/routes/console.php
[Server(16461) file:///home/ghost/maerskline] Document changed: file:///home/ghost/maerskline/routes/console.php
[Server(16461) file:///home/ghost/maerskline] Document changed: file:///home/ghost/maerskline/routes/console.php
[Server(16461) file:///home/ghost/maerskline] Document changed: file:///home/ghost/maerskline/routes/console.php
[Server(16461) file:///home/ghost/maerskline] Document changed: file:///home/ghost/maerskline/routes/console.php
[Server(16461) file:///home/ghost/maerskline] Document changed: file:///home/ghost/maerskline/routes/console.php
[Server(16461) file:///home/ghost/maerskline] Document opened: file:///home/ghost/maerskline/app/Http/Controllers/BlController.php
[Server(16461) file:///home/ghost/maerskline] Document changed: file:///home/ghost/maerskline/app/Http/Controllers/BlController.php
[Server(16461) file:///home/ghost/maerskline] Document opened: file:///home/ghost/maerskline/resources/views/bl/index.blade.php
[Server(16461) file:///home/ghost/maerskline] Document changed: file:///home/ghost/maerskline/resources/views/bl/index.blade.php
[Server(16461) file:///home/ghost/maerskline] Document opened: file:///home/ghost/maerskline/app/Http/Controllers/DataController.php
[Server(16461) file:///home/ghost/maerskline] Document changed: file:///home/ghost/maerskline/app/Http/Controllers/DataController.php
[Server(16461) file:///home/ghost/maerskline] Document opened: file:///home/ghost/maerskline/resources/views/gainde/index.blade.php
[Server(16461) file:///home/ghost/maerskline] Document changed: file:///home/ghost/maerskline/resources/views/gainde/index.blade.php
[Server(16461) file:///home/ghost/maerskline] Document opened: file:///home/ghost/maerskline/app/Http/Controllers/VesselController.php
[Server(16461) file:///home/ghost/maerskline] Document changed: file:///home/ghost/maerskline/app/Http/Controllers/VesselController.php
[Server(16461) file:///home/ghost/maerskline] Document opened: file:///home/ghost/maerskline/app/Shipping.php
[Server(16461) file:///home/ghost/maerskline] Document changed: file:///home/ghost/maerskline/app/Shipping.php
[Server(16461) file:///home/ghost/maerskline] Document opened: file:///home/ghost/maerskline/app/User.php
[Server(16461) file:///home/ghost/maerskline] Document changed: file:///home/ghost/maerskline/app/User.php
[Server(16461) file:///home/ghost/maerskline] Document opened: file:///home/ghost/maerskline/app/Vesselle.php
[Server(16461) file:///home/ghost/maerskline] Document changed: file:///home/ghost/maerskline/app/Vesselle.php
