[19:43:31] Client for workspace folder "maerskline" started
[19:43:34] Server for workspace folder "maerskline" started
[20:02:55] /home/ghost/maerskline/public/css/app.css tracked
[20:02:55] /home/ghost/maerskline/public/css/style.css tracked
[20:02:55] /home/ghost/maerskline/public/fontawesome/css/all.css tracked
[20:02:55] /home/ghost/maerskline/public/fontawesome/css/all.min.css tracked
[20:02:55] /home/ghost/maerskline/public/fontawesome/css/brands.css tracked
[20:02:55] /home/ghost/maerskline/public/fontawesome/css/brands.min.css tracked
[20:02:55] /home/ghost/maerskline/public/fontawesome/css/fontawesome.css tracked
[20:02:55] /home/ghost/maerskline/public/fontawesome/css/fontawesome.min.css tracked
[20:02:55] /home/ghost/maerskline/public/fontawesome/css/regular.css tracked
[20:02:55] /home/ghost/maerskline/public/fontawesome/css/regular.min.css tracked
[20:02:55] /home/ghost/maerskline/public/fontawesome/css/solid.css tracked
[20:02:55] /home/ghost/maerskline/public/fontawesome/css/solid.min.css tracked
[20:02:55] /home/ghost/maerskline/public/fontawesome/css/svg-with-js.css tracked
[20:02:55] /home/ghost/maerskline/public/fontawesome/css/svg-with-js.min.css tracked
[20:02:55] /home/ghost/maerskline/public/fontawesome/css/v4-shims.css tracked
[20:02:55] /home/ghost/maerskline/public/fontawesome/css/v4-shims.min.css tracked
[20:02:55] /home/ghost/maerskline/public/fontawesome/less/_animated.less tracked
[20:02:55] /home/ghost/maerskline/public/fontawesome/less/_bordered-pulled.less tracked
[20:02:55] /home/ghost/maerskline/public/fontawesome/less/_core.less tracked
[20:02:55] /home/ghost/maerskline/public/fontawesome/less/_fixed-width.less tracked
[20:02:55] /home/ghost/maerskline/public/fontawesome/less/_icons.less tracked
[20:02:55] /home/ghost/maerskline/public/fontawesome/less/_larger.less tracked
[20:02:55] /home/ghost/maerskline/public/fontawesome/less/_list.less tracked
[20:02:55] /home/ghost/maerskline/public/fontawesome/less/_mixins.less tracked
[20:02:55] /home/ghost/maerskline/public/fontawesome/less/_rotated-flipped.less tracked
[20:02:55] /home/ghost/maerskline/public/fontawesome/less/_screen-reader.less tracked
[20:02:55] /home/ghost/maerskline/public/fontawesome/less/_shims.less tracked
[20:02:55] /home/ghost/maerskline/public/fontawesome/less/_stacked.less tracked
[20:02:55] /home/ghost/maerskline/public/fontawesome/less/_variables.less tracked
[20:02:55] /home/ghost/maerskline/public/fontawesome/less/brands.less tracked
[20:02:55] /home/ghost/maerskline/public/fontawesome/less/fontawesome.less tracked
[20:02:55] /home/ghost/maerskline/public/fontawesome/less/regular.less tracked
[20:02:55] /home/ghost/maerskline/public/fontawesome/less/solid.less tracked
[20:02:55] /home/ghost/maerskline/public/fontawesome/less/v4-shims.less tracked
[20:02:55] /home/ghost/maerskline/public/fontawesome/scss/_animated.scss tracked
[20:02:55] /home/ghost/maerskline/public/fontawesome/scss/_bordered-pulled.scss tracked
[20:02:55] /home/ghost/maerskline/public/fontawesome/scss/_core.scss tracked
[20:02:55] /home/ghost/maerskline/public/fontawesome/scss/_fixed-width.scss tracked
[20:02:55] /home/ghost/maerskline/public/fontawesome/scss/_icons.scss tracked
[20:02:55] /home/ghost/maerskline/public/fontawesome/scss/_larger.scss tracked
[20:02:55] /home/ghost/maerskline/public/fontawesome/scss/_list.scss tracked
[20:02:55] /home/ghost/maerskline/public/fontawesome/scss/_mixins.scss tracked
[20:02:55] /home/ghost/maerskline/public/fontawesome/scss/_rotated-flipped.scss tracked
[20:02:55] /home/ghost/maerskline/public/fontawesome/scss/_screen-reader.scss tracked
[20:02:55] /home/ghost/maerskline/public/fontawesome/scss/_shims.scss tracked
[20:02:55] /home/ghost/maerskline/public/fontawesome/scss/_stacked.scss tracked
[20:02:55] /home/ghost/maerskline/public/fontawesome/scss/_variables.scss tracked
[20:02:55] /home/ghost/maerskline/public/fontawesome/scss/brands.scss tracked
[20:02:55] /home/ghost/maerskline/public/fontawesome/scss/fontawesome.scss tracked
[20:02:55] /home/ghost/maerskline/public/fontawesome/scss/regular.scss tracked
[20:02:55] /home/ghost/maerskline/public/fontawesome/scss/solid.scss tracked
[20:02:55] /home/ghost/maerskline/public/fontawesome/scss/v4-shims.scss tracked
[20:02:55] /home/ghost/maerskline/resources/sass/_variables.scss tracked
[20:02:55] /home/ghost/maerskline/resources/sass/app.scss tracked
[20:02:55] 54 files tracked in 2962 ms
[20:02:55] /home/ghost/maerskline/public/css/style.css loaded
[20:02:55] /home/ghost/maerskline/public/fontawesome/css/brands.css loaded
[20:02:55] /home/ghost/maerskline/public/fontawesome/css/brands.min.css loaded
[20:02:55] /home/ghost/maerskline/public/fontawesome/css/regular.css loaded
[20:02:55] /home/ghost/maerskline/public/fontawesome/css/regular.min.css loaded
[20:02:55] /home/ghost/maerskline/public/fontawesome/css/solid.css loaded
[20:02:55] /home/ghost/maerskline/public/fontawesome/css/solid.min.css loaded
[20:02:55] /home/ghost/maerskline/public/fontawesome/css/svg-with-js.css loaded
[20:02:55] /home/ghost/maerskline/public/fontawesome/css/svg-with-js.min.css loaded
[20:02:55] /home/ghost/maerskline/public/fontawesome/less/_animated.less loaded
[20:02:55] /home/ghost/maerskline/public/fontawesome/less/_bordered-pulled.less loaded
[20:02:55] /home/ghost/maerskline/public/fontawesome/less/_core.less loaded
[20:02:55] /home/ghost/maerskline/public/fontawesome/less/_fixed-width.less loaded
[20:02:55] /home/ghost/maerskline/public/fontawesome/less/_larger.less loaded
[20:02:55] /home/ghost/maerskline/public/fontawesome/less/_list.less loaded
[20:02:55] /home/ghost/maerskline/public/fontawesome/less/_mixins.less loaded
[20:02:55] /home/ghost/maerskline/public/fontawesome/less/_rotated-flipped.less loaded
[20:02:55] /home/ghost/maerskline/public/fontawesome/less/_screen-reader.less loaded
[20:02:55] /home/ghost/maerskline/public/fontawesome/less/_stacked.less loaded
[20:02:55] /home/ghost/maerskline/public/fontawesome/scss/_animated.scss loaded
[20:02:55] /home/ghost/maerskline/public/fontawesome/scss/_bordered-pulled.scss loaded
[20:02:55] /home/ghost/maerskline/public/fontawesome/scss/_core.scss loaded
[20:02:55] /home/ghost/maerskline/public/fontawesome/scss/_fixed-width.scss loaded
[20:02:55] /home/ghost/maerskline/public/fontawesome/scss/_larger.scss loaded
[20:02:55] /home/ghost/maerskline/public/fontawesome/scss/_list.scss loaded
[20:02:55] /home/ghost/maerskline/public/fontawesome/scss/_mixins.scss loaded
[20:02:55] /home/ghost/maerskline/public/fontawesome/scss/_rotated-flipped.scss loaded
[20:02:55] /home/ghost/maerskline/public/fontawesome/scss/_screen-reader.scss loaded
[20:02:55] /home/ghost/maerskline/public/fontawesome/scss/_stacked.scss loaded
[20:02:55] /home/ghost/maerskline/resources/sass/_variables.scss loaded
[20:02:56] /home/ghost/maerskline/public/fontawesome/css/v4-shims.min.css loaded
[20:02:56] /home/ghost/maerskline/public/fontawesome/less/_variables.less loaded
[20:02:56] /home/ghost/maerskline/public/fontawesome/less/brands.less loaded
[20:02:56] /home/ghost/maerskline/public/fontawesome/less/regular.less loaded
[20:02:56] /home/ghost/maerskline/public/fontawesome/less/solid.less loaded
[20:02:56] /home/ghost/maerskline/public/fontawesome/scss/_variables.scss loaded
[20:02:56] /home/ghost/maerskline/public/fontawesome/scss/brands.scss loaded
[20:02:56] /home/ghost/maerskline/public/fontawesome/scss/regular.scss loaded
[20:02:56] /home/ghost/maerskline/public/fontawesome/scss/solid.scss loaded
[20:02:56] /home/ghost/maerskline/public/fontawesome/css/v4-shims.css loaded
[20:02:56] /home/ghost/maerskline/public/fontawesome/css/all.min.css loaded
[20:02:56] /home/ghost/maerskline/public/fontawesome/css/fontawesome.min.css loaded
[20:02:56] /home/ghost/maerskline/public/fontawesome/less/_shims.less loaded
[20:02:56] /home/ghost/maerskline/public/fontawesome/less/v4-shims.less loaded
[20:02:56] /home/ghost/maerskline/public/fontawesome/scss/_shims.scss loaded
[20:02:56] /home/ghost/maerskline/public/fontawesome/scss/v4-shims.scss loaded
[20:02:56] /home/ghost/maerskline/public/fontawesome/css/all.css loaded
[20:02:56] /home/ghost/maerskline/public/fontawesome/css/fontawesome.css loaded
[20:02:57] /home/ghost/maerskline/public/fontawesome/less/_icons.less loaded
[20:02:57] /home/ghost/maerskline/public/fontawesome/less/fontawesome.less loaded
[20:02:57] /home/ghost/maerskline/public/fontawesome/scss/_icons.scss loaded
[20:02:57] /home/ghost/maerskline/public/css/app.css loaded
[20:02:57] /home/ghost/maerskline/resources/sass/app.scss loaded
[20:02:57] /home/ghost/maerskline/public/fontawesome/scss/fontawesome.scss loaded
[20:02:57] 54 files loaded in 1658 ms
[20:02:57] No definition found, 4672 ms cost
[20:07:43] No definition found, 22 ms cost
[21:11:44] No definition found, 4 ms cost
[21:12:25] No definition found, 5 ms cost
[21:24:03] No definition found, 5 ms cost
[21:34:25] No completion found, 92 ms cost
