Recherche de git dans : git
Utilisation de git 2.23.0 à partir de git
> git rev-parse --show-toplevel
> git rev-parse --git-dir
> git config --get commit.template
Open repository: /home/ghost/maerskline
> git status -z -u
> git show :app/Vesselle.php
> git check-ignore -v -z --stdin
> git symbolic-ref --short HEAD
> git rev-parse develop_mjohnson
> git rev-parse --symbolic-full-name develop_mjohnson@{u}
> git rev-list --left-right develop_mjohnson...refs/remotes/origin/develop_mjohnson
> git for-each-ref --format %(refname) %(objectname) --sort -committerdate
> git remote --verbose
> git show :sample.txt
> git check-ignore -v -z --stdin
> git status -z -u
> git symbolic-ref --short HEAD
> git show :sample.json
> git rev-parse develop_mjohnson
> git ls-files --stage -- ./
> git rev-parse --symbolic-full-name develop_mjohnson@{u}
> git rev-list --left-right develop_mjohnson...refs/remotes/origin/develop_mjohnson
> git for-each-ref --format %(refname) %(objectname) --sort -committerdate
> git remote --verbose
> git status -z -u
> git symbolic-ref --short HEAD
> git rev-parse develop_mjohnson
> git rev-parse --symbolic-full-name develop_mjohnson@{u}
> git rev-list --left-right develop_mjohnson...refs/remotes/origin/develop_mjohnson
> git for-each-ref --format %(refname) %(objectname) --sort -committerdate
> git remote --verbose
> git status -z -u
> git symbolic-ref --short HEAD
> git rev-parse develop_mjohnson
> git rev-parse --symbolic-full-name develop_mjohnson@{u}
> git rev-list --left-right develop_mjohnson...refs/remotes/origin/develop_mjohnson
> git for-each-ref --format %(refname) %(objectname) --sort -committerdate
> git remote --verbose
> git check-ignore -v -z --stdin
> git show :snippets.js
> git status -z -u
> git symbolic-ref --short HEAD
> git rev-parse develop_mjohnson
> git rev-parse --symbolic-full-name develop_mjohnson@{u}
> git rev-list --left-right develop_mjohnson...refs/remotes/origin/develop_mjohnson
> git for-each-ref --format %(refname) %(objectname) --sort -committerdate
> git remote --verbose
> git status -z -u
> git symbolic-ref --short HEAD
> git rev-parse develop_mjohnson
> git rev-parse --symbolic-full-name develop_mjohnson@{u}
> git rev-list --left-right develop_mjohnson...refs/remotes/origin/develop_mjohnson
> git for-each-ref --format %(refname) %(objectname) --sort -committerdate
> git remote --verbose
> git status -z -u
> git symbolic-ref --short HEAD
> git rev-parse develop_mjohnson
> git rev-parse --symbolic-full-name develop_mjohnson@{u}
> git rev-list --left-right develop_mjohnson...refs/remotes/origin/develop_mjohnson
> git for-each-ref --format %(refname) %(objectname) --sort -committerdate
> git remote --verbose
> git status -z -u
> git symbolic-ref --short HEAD
> git rev-parse develop_mjohnson
> git rev-parse --symbolic-full-name develop_mjohnson@{u}
> git rev-list --left-right develop_mjohnson...refs/remotes/origin/develop_mjohnson
> git for-each-ref --format %(refname) %(objectname) --sort -committerdate
> git remote --verbose
> git status -z -u
> git symbolic-ref --short HEAD
> git rev-parse develop_mjohnson
> git rev-parse --symbolic-full-name develop_mjohnson@{u}
> git rev-list --left-right develop_mjohnson...refs/remotes/origin/develop_mjohnson
> git for-each-ref --format %(refname) %(objectname) --sort -committerdate
> git remote --verbose
> git status -z -u
> git symbolic-ref --short HEAD
> git rev-parse develop_mjohnson
> git rev-parse --symbolic-full-name develop_mjohnson@{u}
> git rev-list --left-right develop_mjohnson...refs/remotes/origin/develop_mjohnson
> git for-each-ref --format %(refname) %(objectname) --sort -committerdate
> git remote --verbose
> git status -z -u
> git symbolic-ref --short HEAD
> git rev-parse develop_mjohnson
> git rev-parse --symbolic-full-name develop_mjohnson@{u}
> git rev-list --left-right develop_mjohnson...refs/remotes/origin/develop_mjohnson
> git for-each-ref --format %(refname) %(objectname) --sort -committerdate
> git remote --verbose
> git status -z -u
> git symbolic-ref --short HEAD
> git rev-parse develop_mjohnson
> git rev-parse --symbolic-full-name develop_mjohnson@{u}
> git rev-list --left-right develop_mjohnson...refs/remotes/origin/develop_mjohnson
> git for-each-ref --format %(refname) %(objectname) --sort -committerdate
> git remote --verbose
> git status -z -u
> git symbolic-ref --short HEAD
> git rev-parse develop_mjohnson
> git rev-parse --symbolic-full-name develop_mjohnson@{u}
> git rev-list --left-right develop_mjohnson...refs/remotes/origin/develop_mjohnson
> git for-each-ref --format %(refname) %(objectname) --sort -committerdate
> git remote --verbose
> git status -z -u
> git symbolic-ref --short HEAD
> git rev-parse develop_mjohnson
> git rev-parse --symbolic-full-name develop_mjohnson@{u}
> git rev-list --left-right develop_mjohnson...refs/remotes/origin/develop_mjohnson
> git for-each-ref --format %(refname) %(objectname) --sort -committerdate
> git remote --verbose
> git status -z -u
> git symbolic-ref --short HEAD
> git rev-parse develop_mjohnson
> git rev-parse --symbolic-full-name develop_mjohnson@{u}
> git rev-list --left-right develop_mjohnson...refs/remotes/origin/develop_mjohnson
> git for-each-ref --format %(refname) %(objectname) --sort -committerdate
> git remote --verbose
> git status -z -u
> git symbolic-ref --short HEAD
> git rev-parse develop_mjohnson
> git rev-parse --symbolic-full-name develop_mjohnson@{u}
> git rev-list --left-right develop_mjohnson...refs/remotes/origin/develop_mjohnson
> git for-each-ref --format %(refname) %(objectname) --sort -committerdate
> git remote --verbose
> git status -z -u
> git symbolic-ref --short HEAD
> git rev-parse develop_mjohnson
> git rev-parse --symbolic-full-name develop_mjohnson@{u}
> git rev-list --left-right develop_mjohnson...refs/remotes/origin/develop_mjohnson
> git for-each-ref --format %(refname) %(objectname) --sort -committerdate
> git remote --verbose
> git status -z -u
> git symbolic-ref --short HEAD
> git rev-parse develop_mjohnson
> git rev-parse --symbolic-full-name develop_mjohnson@{u}
> git rev-list --left-right develop_mjohnson...refs/remotes/origin/develop_mjohnson
> git for-each-ref --format %(refname) %(objectname) --sort -committerdate
> git remote --verbose
> git status -z -u
> git symbolic-ref --short HEAD
> git rev-parse develop_mjohnson
> git rev-parse --symbolic-full-name develop_mjohnson@{u}
> git rev-list --left-right develop_mjohnson...refs/remotes/origin/develop_mjohnson
> git for-each-ref --format %(refname) %(objectname) --sort -committerdate
> git remote --verbose
> git status -z -u
> git symbolic-ref --short HEAD
> git rev-parse develop_mjohnson
> git rev-parse --symbolic-full-name develop_mjohnson@{u}
> git rev-list --left-right develop_mjohnson...refs/remotes/origin/develop_mjohnson
> git for-each-ref --format %(refname) %(objectname) --sort -committerdate
> git remote --verbose
> git status -z -u
> git symbolic-ref --short HEAD
> git rev-parse develop_mjohnson
> git rev-parse --symbolic-full-name develop_mjohnson@{u}
> git rev-list --left-right develop_mjohnson...refs/remotes/origin/develop_mjohnson
> git for-each-ref --format %(refname) %(objectname) --sort -committerdate
> git remote --verbose
> git status -z -u
> git symbolic-ref --short HEAD
> git rev-parse develop_mjohnson
> git rev-parse --symbolic-full-name develop_mjohnson@{u}
> git rev-list --left-right develop_mjohnson...refs/remotes/origin/develop_mjohnson
> git for-each-ref --format %(refname) %(objectname) --sort -committerdate
> git remote --verbose
> git status -z -u
> git symbolic-ref --short HEAD
> git rev-parse develop_mjohnson
> git rev-parse --symbolic-full-name develop_mjohnson@{u}
> git rev-list --left-right develop_mjohnson...refs/remotes/origin/develop_mjohnson
> git for-each-ref --format %(refname) %(objectname) --sort -committerdate
> git remote --verbose
> git status -z -u
> git symbolic-ref --short HEAD
> git rev-parse develop_mjohnson
> git rev-parse --symbolic-full-name develop_mjohnson@{u}
> git rev-list --left-right develop_mjohnson...refs/remotes/origin/develop_mjohnson
> git for-each-ref --format %(refname) %(objectname) --sort -committerdate
> git remote --verbose
> git status -z -u
> git symbolic-ref --short HEAD
> git rev-parse develop_mjohnson
> git rev-parse --symbolic-full-name develop_mjohnson@{u}
> git rev-list --left-right develop_mjohnson...refs/remotes/origin/develop_mjohnson
> git for-each-ref --format %(refname) %(objectname) --sort -committerdate
> git remote --verbose
> git status -z -u
> git symbolic-ref --short HEAD
> git rev-parse develop_mjohnson
> git rev-parse --symbolic-full-name develop_mjohnson@{u}
> git rev-list --left-right develop_mjohnson...refs/remotes/origin/develop_mjohnson
> git for-each-ref --format %(refname) %(objectname) --sort -committerdate
> git remote --verbose
> git status -z -u
> git symbolic-ref --short HEAD
> git rev-parse develop_mjohnson
> git rev-parse --symbolic-full-name develop_mjohnson@{u}
> git rev-list --left-right develop_mjohnson...refs/remotes/origin/develop_mjohnson
> git for-each-ref --format %(refname) %(objectname) --sort -committerdate
> git remote --verbose
> git status -z -u
> git symbolic-ref --short HEAD
> git rev-parse develop_mjohnson
> git rev-parse --symbolic-full-name develop_mjohnson@{u}
> git rev-list --left-right develop_mjohnson...refs/remotes/origin/develop_mjohnson
> git for-each-ref --format %(refname) %(objectname) --sort -committerdate
> git remote --verbose
> git status -z -u
> git symbolic-ref --short HEAD
> git rev-parse develop_mjohnson
> git rev-parse --symbolic-full-name develop_mjohnson@{u}
> git rev-list --left-right develop_mjohnson...refs/remotes/origin/develop_mjohnson
> git for-each-ref --format %(refname) %(objectname) --sort -committerdate
> git remote --verbose
> git status -z -u
> git symbolic-ref --short HEAD
> git rev-parse develop_mjohnson
> git rev-parse --symbolic-full-name develop_mjohnson@{u}
> git rev-list --left-right develop_mjohnson...refs/remotes/origin/develop_mjohnson
> git for-each-ref --format %(refname) %(objectname) --sort -committerdate
> git remote --verbose
> git status -z -u
> git symbolic-ref --short HEAD
> git rev-parse develop_mjohnson
> git rev-parse --symbolic-full-name develop_mjohnson@{u}
> git rev-list --left-right develop_mjohnson...refs/remotes/origin/develop_mjohnson
> git for-each-ref --format %(refname) %(objectname) --sort -committerdate
> git remote --verbose
> git status -z -u
> git symbolic-ref --short HEAD
> git rev-parse develop_mjohnson
> git rev-parse --symbolic-full-name develop_mjohnson@{u}
> git rev-list --left-right develop_mjohnson...refs/remotes/origin/develop_mjohnson
> git for-each-ref --format %(refname) %(objectname) --sort -committerdate
> git remote --verbose
> git status -z -u
> git symbolic-ref --short HEAD
> git rev-parse develop_mjohnson
> git rev-parse --symbolic-full-name develop_mjohnson@{u}
> git rev-list --left-right develop_mjohnson...refs/remotes/origin/develop_mjohnson
> git for-each-ref --format %(refname) %(objectname) --sort -committerdate
> git remote --verbose
> git status -z -u
> git symbolic-ref --short HEAD
> git rev-parse develop_mjohnson
> git rev-parse --symbolic-full-name develop_mjohnson@{u}
> git rev-list --left-right develop_mjohnson...refs/remotes/origin/develop_mjohnson
> git for-each-ref --format %(refname) %(objectname) --sort -committerdate
> git remote --verbose
> git status -z -u
> git symbolic-ref --short HEAD
> git rev-parse develop_mjohnson
> git rev-parse --symbolic-full-name develop_mjohnson@{u}
> git rev-list --left-right develop_mjohnson...refs/remotes/origin/develop_mjohnson
> git for-each-ref --format %(refname) %(objectname) --sort -committerdate
> git remote --verbose
> git status -z -u
> git symbolic-ref --short HEAD
> git rev-parse develop_mjohnson
> git rev-parse --symbolic-full-name develop_mjohnson@{u}
> git rev-list --left-right develop_mjohnson...refs/remotes/origin/develop_mjohnson
> git for-each-ref --format %(refname) %(objectname) --sort -committerdate
> git remote --verbose
> git status -z -u
> git symbolic-ref --short HEAD
> git rev-parse develop_mjohnson
> git rev-parse --symbolic-full-name develop_mjohnson@{u}
> git rev-list --left-right develop_mjohnson...refs/remotes/origin/develop_mjohnson
> git for-each-ref --format %(refname) %(objectname) --sort -committerdate
> git remote --verbose
> git status -z -u
> git symbolic-ref --short HEAD
> git rev-parse develop_mjohnson
> git rev-parse --symbolic-full-name develop_mjohnson@{u}
> git rev-list --left-right develop_mjohnson...refs/remotes/origin/develop_mjohnson
> git for-each-ref --format %(refname) %(objectname) --sort -committerdate
> git remote --verbose
> git status -z -u
> git symbolic-ref --short HEAD
> git rev-parse develop_mjohnson
> git rev-parse --symbolic-full-name develop_mjohnson@{u}
> git rev-list --left-right develop_mjohnson...refs/remotes/origin/develop_mjohnson
> git for-each-ref --format %(refname) %(objectname) --sort -committerdate
> git remote --verbose
> git status -z -u
> git symbolic-ref --short HEAD
> git rev-parse develop_mjohnson
> git rev-parse --symbolic-full-name develop_mjohnson@{u}
> git rev-list --left-right develop_mjohnson...refs/remotes/origin/develop_mjohnson
> git for-each-ref --format %(refname) %(objectname) --sort -committerdate
> git remote --verbose
> git status -z -u
> git symbolic-ref --short HEAD
> git rev-parse develop_mjohnson
> git rev-parse --symbolic-full-name develop_mjohnson@{u}
> git rev-list --left-right develop_mjohnson...refs/remotes/origin/develop_mjohnson
> git for-each-ref --format %(refname) %(objectname) --sort -committerdate
> git remote --verbose
> git status -z -u
> git symbolic-ref --short HEAD
> git rev-parse develop_mjohnson
> git rev-parse --symbolic-full-name develop_mjohnson@{u}
> git rev-list --left-right develop_mjohnson...refs/remotes/origin/develop_mjohnson
> git for-each-ref --format %(refname) %(objectname) --sort -committerdate
> git remote --verbose
> git status -z -u
> git symbolic-ref --short HEAD
> git rev-parse develop_mjohnson
> git rev-parse --symbolic-full-name develop_mjohnson@{u}
> git rev-list --left-right develop_mjohnson...refs/remotes/origin/develop_mjohnson
> git for-each-ref --format %(refname) %(objectname) --sort -committerdate
> git remote --verbose
> git status -z -u
> git symbolic-ref --short HEAD
> git rev-parse develop_mjohnson
> git rev-parse --symbolic-full-name develop_mjohnson@{u}
> git rev-list --left-right develop_mjohnson...refs/remotes/origin/develop_mjohnson
> git for-each-ref --format %(refname) %(objectname) --sort -committerdate
> git remote --verbose
> git status -z -u
> git symbolic-ref --short HEAD
> git rev-parse develop_mjohnson
> git rev-parse --symbolic-full-name develop_mjohnson@{u}
> git rev-list --left-right develop_mjohnson...refs/remotes/origin/develop_mjohnson
> git for-each-ref --format %(refname) %(objectname) --sort -committerdate
> git remote --verbose
> git status -z -u
> git symbolic-ref --short HEAD
> git rev-parse develop_mjohnson
> git rev-parse --symbolic-full-name develop_mjohnson@{u}
> git rev-list --left-right develop_mjohnson...refs/remotes/origin/develop_mjohnson
> git for-each-ref --format %(refname) %(objectname) --sort -committerdate
> git remote --verbose
> git status -z -u
> git symbolic-ref --short HEAD
> git rev-parse develop_mjohnson
> git rev-parse --symbolic-full-name develop_mjohnson@{u}
> git rev-list --left-right develop_mjohnson...refs/remotes/origin/develop_mjohnson
> git for-each-ref --format %(refname) %(objectname) --sort -committerdate
> git remote --verbose
> git status -z -u
> git symbolic-ref --short HEAD
> git rev-parse develop_mjohnson
> git rev-parse --symbolic-full-name develop_mjohnson@{u}
> git rev-list --left-right develop_mjohnson...refs/remotes/origin/develop_mjohnson
> git for-each-ref --format %(refname) %(objectname) --sort -committerdate
> git remote --verbose
> git status -z -u
> git symbolic-ref --short HEAD
> git rev-parse develop_mjohnson
> git rev-parse --symbolic-full-name develop_mjohnson@{u}
> git rev-list --left-right develop_mjohnson...refs/remotes/origin/develop_mjohnson
> git for-each-ref --format %(refname) %(objectname) --sort -committerdate
> git remote --verbose
> git status -z -u
> git symbolic-ref --short HEAD
> git rev-parse develop_mjohnson
> git rev-parse --symbolic-full-name develop_mjohnson@{u}
> git rev-list --left-right develop_mjohnson...refs/remotes/origin/develop_mjohnson
> git for-each-ref --format %(refname) %(objectname) --sort -committerdate
> git remote --verbose
> git status -z -u
> git symbolic-ref --short HEAD
> git rev-parse develop_mjohnson
> git rev-parse --symbolic-full-name develop_mjohnson@{u}
> git rev-list --left-right develop_mjohnson...refs/remotes/origin/develop_mjohnson
> git for-each-ref --format %(refname) %(objectname) --sort -committerdate
> git remote --verbose
> git status -z -u
> git symbolic-ref --short HEAD
> git rev-parse develop_mjohnson
> git rev-parse --symbolic-full-name develop_mjohnson@{u}
> git rev-list --left-right develop_mjohnson...refs/remotes/origin/develop_mjohnson
> git for-each-ref --format %(refname) %(objectname) --sort -committerdate
> git remote --verbose
> git status -z -u
> git symbolic-ref --short HEAD
> git rev-parse develop_mjohnson
> git rev-parse --symbolic-full-name develop_mjohnson@{u}
> git rev-list --left-right develop_mjohnson...refs/remotes/origin/develop_mjohnson
> git for-each-ref --format %(refname) %(objectname) --sort -committerdate
> git remote --verbose
> git status -z -u
> git symbolic-ref --short HEAD
> git rev-parse develop_mjohnson
> git rev-parse --symbolic-full-name develop_mjohnson@{u}
> git rev-list --left-right develop_mjohnson...refs/remotes/origin/develop_mjohnson
> git for-each-ref --format %(refname) %(objectname) --sort -committerdate
> git remote --verbose
> git status -z -u
> git symbolic-ref --short HEAD
> git rev-parse develop_mjohnson
> git rev-parse --symbolic-full-name develop_mjohnson@{u}
> git rev-list --left-right develop_mjohnson...refs/remotes/origin/develop_mjohnson
> git for-each-ref --format %(refname) %(objectname) --sort -committerdate
> git remote --verbose
> git status -z -u
> git symbolic-ref --short HEAD
> git rev-parse develop_mjohnson
> git rev-parse --symbolic-full-name develop_mjohnson@{u}
> git rev-list --left-right develop_mjohnson...refs/remotes/origin/develop_mjohnson
> git for-each-ref --format %(refname) %(objectname) --sort -committerdate
> git remote --verbose
> git status -z -u
> git symbolic-ref --short HEAD
> git rev-parse develop_mjohnson
> git rev-parse --symbolic-full-name develop_mjohnson@{u}
> git rev-list --left-right develop_mjohnson...refs/remotes/origin/develop_mjohnson
> git for-each-ref --format %(refname) %(objectname) --sort -committerdate
> git remote --verbose
> git status -z -u
> git symbolic-ref --short HEAD
> git rev-parse develop_mjohnson
> git rev-parse --symbolic-full-name develop_mjohnson@{u}
> git rev-list --left-right develop_mjohnson...refs/remotes/origin/develop_mjohnson
> git for-each-ref --format %(refname) %(objectname) --sort -committerdate
> git remote --verbose
> git status -z -u
> git symbolic-ref --short HEAD
> git rev-parse develop_mjohnson
> git rev-parse --symbolic-full-name develop_mjohnson@{u}
> git rev-list --left-right develop_mjohnson...refs/remotes/origin/develop_mjohnson
> git for-each-ref --format %(refname) %(objectname) --sort -committerdate
> git remote --verbose
> git status -z -u
> git symbolic-ref --short HEAD
> git rev-parse develop_mjohnson
> git rev-parse --symbolic-full-name develop_mjohnson@{u}
> git rev-list --left-right develop_mjohnson...refs/remotes/origin/develop_mjohnson
> git for-each-ref --format %(refname) %(objectname) --sort -committerdate
> git remote --verbose
> git status -z -u
> git symbolic-ref --short HEAD
> git rev-parse develop_mjohnson
> git rev-parse --symbolic-full-name develop_mjohnson@{u}
> git rev-list --left-right develop_mjohnson...refs/remotes/origin/develop_mjohnson
> git for-each-ref --format %(refname) %(objectname) --sort -committerdate
> git remote --verbose
> git status -z -u
> git symbolic-ref --short HEAD
> git rev-parse develop_mjohnson
> git rev-parse --symbolic-full-name develop_mjohnson@{u}
> git rev-list --left-right develop_mjohnson...refs/remotes/origin/develop_mjohnson
> git for-each-ref --format %(refname) %(objectname) --sort -committerdate
> git remote --verbose
> git check-ignore -v -z --stdin
> git check-ignore -v -z --stdin
> git check-ignore -v -z --stdin
> git check-ignore -v -z --stdin
> git show :public/js/functions.js
> git show :snippets.js
> git show :public/js/functions.js
> git check-ignore -v -z --stdin
> git show :snippets.js
> git show :public/js/functions.js
> git show :snippets.js
> git status -z -u
> git symbolic-ref --short HEAD
> git rev-parse develop_mjohnson
> git rev-parse --symbolic-full-name develop_mjohnson@{u}
> git rev-list --left-right develop_mjohnson...refs/remotes/origin/develop_mjohnson
> git for-each-ref --format %(refname) %(objectname) --sort -committerdate
> git remote --verbose
> git show :public/js/functions.js
> git show :snippets.js
> git status -z -u
> git symbolic-ref --short HEAD
> git rev-parse develop_mjohnson
> git rev-parse --symbolic-full-name develop_mjohnson@{u}
> git rev-list --left-right develop_mjohnson...refs/remotes/origin/develop_mjohnson
> git for-each-ref --format %(refname) %(objectname) --sort -committerdate
> git remote --verbose
> git status -z -u
> git symbolic-ref --short HEAD
> git rev-parse develop_mjohnson
> git rev-parse --symbolic-full-name develop_mjohnson@{u}
> git rev-list --left-right develop_mjohnson...refs/remotes/origin/develop_mjohnson
> git for-each-ref --format %(refname) %(objectname) --sort -committerdate
> git remote --verbose
> git status -z -u
> git symbolic-ref --short HEAD
> git rev-parse develop_mjohnson
> git rev-parse --symbolic-full-name develop_mjohnson@{u}
> git rev-list --left-right develop_mjohnson...refs/remotes/origin/develop_mjohnson
> git for-each-ref --format %(refname) %(objectname) --sort -committerdate
> git remote --verbose
> git status -z -u
> git symbolic-ref --short HEAD
> git rev-parse develop_mjohnson
> git rev-parse --symbolic-full-name develop_mjohnson@{u}
> git rev-list --left-right develop_mjohnson...refs/remotes/origin/develop_mjohnson
> git for-each-ref --format %(refname) %(objectname) --sort -committerdate
> git remote --verbose
> git status -z -u
> git symbolic-ref --short HEAD
> git rev-parse develop_mjohnson
> git rev-parse --symbolic-full-name develop_mjohnson@{u}
> git rev-list --left-right develop_mjohnson...refs/remotes/origin/develop_mjohnson
> git for-each-ref --format %(refname) %(objectname) --sort -committerdate
> git remote --verbose
> git status -z -u
> git symbolic-ref --short HEAD
> git rev-parse develop_mjohnson
> git rev-parse --symbolic-full-name develop_mjohnson@{u}
> git rev-list --left-right develop_mjohnson...refs/remotes/origin/develop_mjohnson
> git for-each-ref --format %(refname) %(objectname) --sort -committerdate
> git remote --verbose
> git status -z -u
> git symbolic-ref --short HEAD
> git rev-parse develop_mjohnson
> git rev-parse --symbolic-full-name develop_mjohnson@{u}
> git rev-list --left-right develop_mjohnson...refs/remotes/origin/develop_mjohnson
> git for-each-ref --format %(refname) %(objectname) --sort -committerdate
> git remote --verbose
> git status -z -u
> git symbolic-ref --short HEAD
> git rev-parse develop_mjohnson
> git rev-parse --symbolic-full-name develop_mjohnson@{u}
> git rev-list --left-right develop_mjohnson...refs/remotes/origin/develop_mjohnson
> git for-each-ref --format %(refname) %(objectname) --sort -committerdate
> git remote --verbose
> git status -z -u
> git symbolic-ref --short HEAD
> git rev-parse develop_mjohnson
> git rev-parse --symbolic-full-name develop_mjohnson@{u}
> git rev-list --left-right develop_mjohnson...refs/remotes/origin/develop_mjohnson
> git for-each-ref --format %(refname) %(objectname) --sort -committerdate
> git remote --verbose
> git status -z -u
> git symbolic-ref --short HEAD
> git rev-parse develop_mjohnson
> git rev-parse --symbolic-full-name develop_mjohnson@{u}
> git rev-list --left-right develop_mjohnson...refs/remotes/origin/develop_mjohnson
> git for-each-ref --format %(refname) %(objectname) --sort -committerdate
> git remote --verbose
> git status -z -u
> git symbolic-ref --short HEAD
> git rev-parse develop_mjohnson
> git rev-parse --symbolic-full-name develop_mjohnson@{u}
> git rev-list --left-right develop_mjohnson...refs/remotes/origin/develop_mjohnson
> git for-each-ref --format %(refname) %(objectname) --sort -committerdate
> git remote --verbose
> git status -z -u
> git symbolic-ref --short HEAD
> git rev-parse develop_mjohnson
> git rev-parse --symbolic-full-name develop_mjohnson@{u}
> git rev-list --left-right develop_mjohnson...refs/remotes/origin/develop_mjohnson
> git for-each-ref --format %(refname) %(objectname) --sort -committerdate
> git remote --verbose
> git status -z -u
> git symbolic-ref --short HEAD
> git rev-parse develop_mjohnson
> git rev-parse --symbolic-full-name develop_mjohnson@{u}
> git rev-list --left-right develop_mjohnson...refs/remotes/origin/develop_mjohnson
> git for-each-ref --format %(refname) %(objectname) --sort -committerdate
> git remote --verbose
> git status -z -u
> git symbolic-ref --short HEAD
> git rev-parse develop_mjohnson
> git rev-parse --symbolic-full-name develop_mjohnson@{u}
> git rev-list --left-right develop_mjohnson...refs/remotes/origin/develop_mjohnson
> git for-each-ref --format %(refname) %(objectname) --sort -committerdate
> git remote --verbose
> git status -z -u
> git symbolic-ref --short HEAD
> git rev-parse develop_mjohnson
> git rev-parse --symbolic-full-name develop_mjohnson@{u}
> git rev-list --left-right develop_mjohnson...refs/remotes/origin/develop_mjohnson
> git for-each-ref --format %(refname) %(objectname) --sort -committerdate
> git remote --verbose
> git status -z -u
> git symbolic-ref --short HEAD
> git rev-parse develop_mjohnson
> git rev-parse --symbolic-full-name develop_mjohnson@{u}
> git rev-list --left-right develop_mjohnson...refs/remotes/origin/develop_mjohnson
> git for-each-ref --format %(refname) %(objectname) --sort -committerdate
> git remote --verbose
> git status -z -u
> git symbolic-ref --short HEAD
> git rev-parse develop_mjohnson
> git rev-parse --symbolic-full-name develop_mjohnson@{u}
> git rev-list --left-right develop_mjohnson...refs/remotes/origin/develop_mjohnson
> git for-each-ref --format %(refname) %(objectname) --sort -committerdate
> git remote --verbose
> git status -z -u
> git symbolic-ref --short HEAD
> git rev-parse develop_mjohnson
> git rev-parse --symbolic-full-name develop_mjohnson@{u}
> git rev-list --left-right develop_mjohnson...refs/remotes/origin/develop_mjohnson
> git for-each-ref --format %(refname) %(objectname) --sort -committerdate
> git remote --verbose
> git status -z -u
> git symbolic-ref --short HEAD
> git rev-parse develop_mjohnson
> git rev-parse --symbolic-full-name develop_mjohnson@{u}
> git rev-list --left-right develop_mjohnson...refs/remotes/origin/develop_mjohnson
> git for-each-ref --format %(refname) %(objectname) --sort -committerdate
> git remote --verbose
