[Server(6094) file:///home/ghost/maerskline] Started and initialize received
[Server(6110) file:///home/ghost/maerskline] Started and initialize received
[Server(6094) file:///home/ghost/maerskline] Setup a stylesheet lookup map
[Server(6094) file:///home/ghost/maerskline] Document opened: file:///home/ghost/maerskline/public/js/data-structures.js
[Server(6094) file:///home/ghost/maerskline] Document changed: file:///home/ghost/maerskline/public/js/data-structures.js
[Server(6094) file:///home/ghost/maerskline] Document opened: file:///home/ghost/maerskline/public/js/functions.js
[Server(6094) file:///home/ghost/maerskline] Document changed: file:///home/ghost/maerskline/public/js/functions.js
[Server(6110) file:///home/ghost/maerskline] Setup a stylesheet lookup map
[Server(6110) file:///home/ghost/maerskline] Document opened: file:///home/ghost/maerskline/public/js/data-structures.js
[Server(6110) file:///home/ghost/maerskline] Document changed: file:///home/ghost/maerskline/public/js/data-structures.js
[Server(6110) file:///home/ghost/maerskline] Document opened: file:///home/ghost/maerskline/public/js/functions.js
[Server(6110) file:///home/ghost/maerskline] Document changed: file:///home/ghost/maerskline/public/js/functions.js
[Server(6094) file:///home/ghost/maerskline] Document changed: file:///home/ghost/maerskline/public/js/functions.js
[Server(6110) file:///home/ghost/maerskline] Document changed: file:///home/ghost/maerskline/public/js/functions.js
[Server(6094) file:///home/ghost/maerskline] Document changed: file:///home/ghost/maerskline/public/js/functions.js
[Server(6110) file:///home/ghost/maerskline] Document changed: file:///home/ghost/maerskline/public/js/functions.js
[Server(6094) file:///home/ghost/maerskline] Document changed: file:///home/ghost/maerskline/public/js/functions.js
[Server(6110) file:///home/ghost/maerskline] Document changed: file:///home/ghost/maerskline/public/js/functions.js
[Server(6094) file:///home/ghost/maerskline] Document changed: file:///home/ghost/maerskline/public/js/functions.js
[Server(6110) file:///home/ghost/maerskline] Document changed: file:///home/ghost/maerskline/public/js/functions.js
[Server(6094) file:///home/ghost/maerskline] Document changed: file:///home/ghost/maerskline/public/js/functions.js
[Server(6110) file:///home/ghost/maerskline] Document changed: file:///home/ghost/maerskline/public/js/functions.js
[Server(6094) file:///home/ghost/maerskline] Document changed: file:///home/ghost/maerskline/public/js/functions.js
[Server(6110) file:///home/ghost/maerskline] Document changed: file:///home/ghost/maerskline/public/js/functions.js
[Server(6094) file:///home/ghost/maerskline] Document changed: file:///home/ghost/maerskline/public/js/functions.js
[Server(6110) file:///home/ghost/maerskline] Document changed: file:///home/ghost/maerskline/public/js/functions.js
[Server(6094) file:///home/ghost/maerskline] Document changed: file:///home/ghost/maerskline/public/js/functions.js
[Server(6110) file:///home/ghost/maerskline] Document changed: file:///home/ghost/maerskline/public/js/functions.js
[Server(6094) file:///home/ghost/maerskline] Document changed: file:///home/ghost/maerskline/public/js/functions.js
[Server(6110) file:///home/ghost/maerskline] Document changed: file:///home/ghost/maerskline/public/js/functions.js
[Server(6094) file:///home/ghost/maerskline] Document changed: file:///home/ghost/maerskline/public/js/functions.js
[Server(6110) file:///home/ghost/maerskline] Document changed: file:///home/ghost/maerskline/public/js/functions.js
[Server(6094) file:///home/ghost/maerskline] Document changed: file:///home/ghost/maerskline/public/js/functions.js
[Server(6110) file:///home/ghost/maerskline] Document changed: file:///home/ghost/maerskline/public/js/functions.js
[Server(6094) file:///home/ghost/maerskline] Document changed: file:///home/ghost/maerskline/public/js/functions.js
[Server(6110) file:///home/ghost/maerskline] Document changed: file:///home/ghost/maerskline/public/js/functions.js
[Server(6094) file:///home/ghost/maerskline] Document changed: file:///home/ghost/maerskline/public/js/functions.js
[Server(6110) file:///home/ghost/maerskline] Document changed: file:///home/ghost/maerskline/public/js/functions.js
Invalid Selector...
Invalid Selector...
[Server(6094) file:///home/ghost/maerskline] Document changed: file:///home/ghost/maerskline/public/js/functions.js
[Server(6110) file:///home/ghost/maerskline] Document changed: file:///home/ghost/maerskline/public/js/functions.js
[Server(6094) file:///home/ghost/maerskline] Document changed: file:///home/ghost/maerskline/public/js/functions.js
[Server(6110) file:///home/ghost/maerskline] Document changed: file:///home/ghost/maerskline/public/js/functions.js
